This is pdfTeX, Version 3.14159265-2.6-1.40.16 (TeX Live 2015/Debian) (preloaded format=pdflatex 2016.10.4)  13 OCT 2016 09:05
entering extended mode
 restricted \write18 enabled.
 %&-line parsing enabled.
**doingit.tex
(./doingit.tex
LaTeX2e <2016/02/01>
Babel <3.9q> and hyphenation patterns for 3 language(s) loaded.
(/usr/share/texlive/texmf-dist/tex/latex/base/article.cls
Document Class: article 2014/09/29 v1.4h Standard LaTeX document class
(/usr/share/texlive/texmf-dist/tex/latex/base/size12.clo
File: size12.clo 2014/09/29 v1.4h Standard LaTeX file (size option)
)
\c@part=\count79
\c@section=\count80
\c@subsection=\count81
\c@subsubsection=\count82
\c@paragraph=\count83
\c@subparagraph=\count84
\c@figure=\count85
\c@table=\count86
\abovecaptionskip=\skip41
\belowcaptionskip=\skip42
\bibindent=\dimen102
)
(/usr/share/texlive/texmf-dist/tex/latex/amsmath/amsmath.sty
Package: amsmath 2016/03/03 v2.15a AMS math features
\@mathmargin=\skip43

For additional information on amsmath, use the `?' option.
(/usr/share/texlive/texmf-dist/tex/latex/amsmath/amstext.sty
Package: amstext 2000/06/29 v2.01 AMS text

(/usr/share/texlive/texmf-dist/tex/latex/amsmath/amsgen.sty
File: amsgen.sty 1999/11/30 v2.0 generic functions
\@emptytoks=\toks14
\ex@=\dimen103
))
(/usr/share/texlive/texmf-dist/tex/latex/amsmath/amsbsy.sty
Package: amsbsy 1999/11/29 v1.2d Bold Symbols
\pmbraise@=\dimen104
)
(/usr/share/texlive/texmf-dist/tex/latex/amsmath/amsopn.sty
Package: amsopn 1999/12/14 v2.01 operator names
)
\inf@bad=\count87
LaTeX Info: Redefining \frac on input line 199.
\uproot@=\count88
\leftroot@=\count89
LaTeX Info: Redefining \overline on input line 297.
\classnum@=\count90
\DOTSCASE@=\count91
LaTeX Info: Redefining \ldots on input line 394.
LaTeX Info: Redefining \dots on input line 397.
LaTeX Info: Redefining \cdots on input line 518.
\Mathstrutbox@=\box26
\strutbox@=\box27
\big@size=\dimen105
LaTeX Font Info:    Redeclaring font encoding OML on input line 630.
LaTeX Font Info:    Redeclaring font encoding OMS on input line 631.
\macc@depth=\count92
\c@MaxMatrixCols=\count93
\dotsspace@=\muskip10
\c@parentequation=\count94
\dspbrk@lvl=\count95
\tag@help=\toks15
\row@=\count96
\column@=\count97
\maxfields@=\count98
\andhelp@=\toks16
\eqnshift@=\dimen106
\alignsep@=\dimen107
\tagshift@=\dimen108
\tagwidth@=\dimen109
\totwidth@=\dimen110
\lineht@=\dimen111
\@envbody=\toks17
\multlinegap=\skip44
\multlinetaggap=\skip45
\mathdisplay@stack=\toks18
LaTeX Info: Redefining \[ on input line 2735.
LaTeX Info: Redefining \] on input line 2736.
)
(/usr/share/texlive/texmf-dist/tex/latex/amsfonts/amssymb.sty
Package: amssymb 2013/01/14 v3.01 AMS font symbols

(/usr/share/texlive/texmf-dist/tex/latex/amsfonts/amsfonts.sty
Package: amsfonts 2013/01/14 v3.01 Basic AMSFonts support
\symAMSa=\mathgroup4
\symAMSb=\mathgroup5
LaTeX Font Info:    Overwriting math alphabet `\mathfrak' in version `bold'
(Font)                  U/euf/m/n --> U/euf/b/n on input line 106.
))
(/usr/share/texlive/texmf-dist/tex/latex/breqn/breqn.sty
(/usr/share/texlive/texmf-dist/tex/latex/l3kernel/expl3.sty
Package: expl3 2016/01/19 v6377 L3 programming layer (loader) 

(/usr/share/texlive/texmf-dist/tex/latex/l3kernel/expl3-code.tex
Package: expl3 2016/01/19 v6377 L3 programming layer (code)
L3 Module: l3bootstrap 2016/01/01 v6339 L3 Bootstrap code
L3 Module: l3names 2015/12/21 v6328 L3 Namespace for primitives
L3 Module: l3basics 2015/11/22 v6315 L3 Basic definitions
L3 Module: l3expan 2015/09/10 v5983 L3 Argument expansion
L3 Module: l3tl 2015/09/29 v6121 L3 Token lists
L3 Module: l3str 2016/01/03 v6357 L3 Strings
L3 Module: l3seq 2015/08/05 v5777 L3 Sequences and stacks
L3 Module: l3int 2016/01/05 v6366 L3 Integers
\c_max_int=\count99
\l_tmpa_int=\count100
\l_tmpb_int=\count101
\g_tmpa_int=\count102
\g_tmpb_int=\count103
L3 Module: l3quark 2015/08/17 v5855 L3 Quarks
L3 Module: l3prg 2015/11/01 v6216 L3 Control structures
\g__prg_map_int=\count104
L3 Module: l3clist 2015/09/02 v5901 L3 Comma separated lists
L3 Module: l3token 2015/11/11 v6249 L3 Experimental token manipulation
L3 Module: l3prop 2016/01/05 v6366 L3 Property lists
L3 Module: l3msg 2015/09/28 v6113 L3 Messages
L3 Module: l3file 2015/12/03 v6317 L3 File and I/O operations
\l_iow_line_count_int=\count105
\l__iow_target_count_int=\count106
\l__iow_current_line_int=\count107
\l__iow_current_word_int=\count108
\l__iow_current_indentation_int=\count109
L3 Module: l3skip 2016/01/05 v6366 L3 Dimensions and skips
\c_zero_dim=\dimen112
\c_max_dim=\dimen113
\l_tmpa_dim=\dimen114
\l_tmpb_dim=\dimen115
\g_tmpa_dim=\dimen116
\g_tmpb_dim=\dimen117
\c_zero_skip=\skip46
\c_max_skip=\skip47
\l_tmpa_skip=\skip48
\l_tmpb_skip=\skip49
\g_tmpa_skip=\skip50
\g_tmpb_skip=\skip51
\c_zero_muskip=\muskip11
\c_max_muskip=\muskip12
\l_tmpa_muskip=\muskip13
\l_tmpb_muskip=\muskip14
\g_tmpa_muskip=\muskip15
\g_tmpb_muskip=\muskip16
L3 Module: l3keys 2015/11/17 v6284 L3 Key-value interfaces
\g__keyval_level_int=\count110
\l_keys_choice_int=\count111
L3 Module: l3fp 2015/08/25 v5890 L3 Floating points
\c__fp_leading_shift_int=\count112
\c__fp_middle_shift_int=\count113
\c__fp_trailing_shift_int=\count114
\c__fp_big_leading_shift_int=\count115
\c__fp_big_middle_shift_int=\count116
\c__fp_big_trailing_shift_int=\count117
\c__fp_Bigg_leading_shift_int=\count118
\c__fp_Bigg_middle_shift_int=\count119
\c__fp_Bigg_trailing_shift_int=\count120
L3 Module: l3box 2015/08/09 v5822 L3 Experimental boxes
\c_empty_box=\box28
\l_tmpa_box=\box29
\l_tmpb_box=\box30
\g_tmpa_box=\box31
\g_tmpb_box=\box32
L3 Module: l3coffins 2015/08/06 v5789 L3 Coffin code layer
\l__coffin_internal_box=\box33
\l__coffin_internal_dim=\dimen118
\l__coffin_offset_x_dim=\dimen119
\l__coffin_offset_y_dim=\dimen120
\l__coffin_x_dim=\dimen121
\l__coffin_y_dim=\dimen122
\l__coffin_x_prime_dim=\dimen123
\l__coffin_y_prime_dim=\dimen124
\c_empty_coffin=\box34
\l__coffin_aligned_coffin=\box35
\l__coffin_aligned_internal_coffin=\box36
\l_tmpa_coffin=\box37
\l_tmpb_coffin=\box38
\l__coffin_display_coffin=\box39
\l__coffin_display_coord_coffin=\box40
\l__coffin_display_pole_coffin=\box41
\l__coffin_display_offset_dim=\dimen125
\l__coffin_display_x_dim=\dimen126
\l__coffin_display_y_dim=\dimen127
L3 Module: l3color 2014/08/23 v5354 L3 Experimental color support
L3 Module: l3sys 2015/09/25 v6087 L3 Experimental system/runtime functions
L3 Module: l3candidates 2016/01/14 v6376 L3 Experimental additions to l3kernel
\l__box_top_dim=\dimen128
\l__box_bottom_dim=\dimen129
\l__box_left_dim=\dimen130
\l__box_right_dim=\dimen131
\l__box_top_new_dim=\dimen132
\l__box_bottom_new_dim=\dimen133
\l__box_left_new_dim=\dimen134
\l__box_right_new_dim=\dimen135
\l__box_internal_box=\box42
\l__coffin_bounding_shift_dim=\dimen136
\l__coffin_left_corner_dim=\dimen137
\l__coffin_right_corner_dim=\dimen138
\l__coffin_bottom_corner_dim=\dimen139
\l__coffin_top_corner_dim=\dimen140
\l__coffin_scaled_total_height_dim=\dimen141
\l__coffin_scaled_width_dim=\dimen142
L3 Module: l3luatex 2015/11/11 v6250 L3 Experimental LuaTeX-specific functions
)
(/usr/share/texlive/texmf-dist/tex/latex/l3kernel/l3pdfmode.def
File: l3pdfmode.def 2015/11/11 v6250 L3 Experimental driver: PDF mode
\l__driver_color_stack_int=\count121
))
Package: breqn 2015/08/11 v0.98d Breaking equations

(/usr/share/texlive/texmf-dist/tex/latex/breqn/flexisym.sty
Package: flexisym 2015/08/11 v0.98d Make math characters macros
LaTeX Info: Redefining \textprime on input line 299.
LaTeX Info: Redefining \not on input line 357.

(/usr/share/texlive/texmf-dist/tex/latex/breqn/cmbase.sym
File: cmbase.sym 2007/12/19 v0.92
LaTeX Info: Redefining \hbar on input line 324.
LaTeX Info: Redefining \surd on input line 326.
LaTeX Info: Redefining \angle on input line 334.
LaTeX Info: Redefining \neq on input line 335.
LaTeX Info: Redefining \mapsto on input line 336.
LaTeX Info: Redefining \cong on input line 337.
LaTeX Info: Redefining \notin on input line 340.
LaTeX Info: Redefining \rightleftharpoons on input line 341.
LaTeX Info: Redefining \doteq on input line 342.
LaTeX Info: Redefining \hookrightarrow on input line 343.
LaTeX Info: Redefining \hookleftarrow on input line 344.
LaTeX Info: Redefining \bowtie on input line 345.
LaTeX Info: Redefining \models on input line 346.
LaTeX Info: Redefining \Longrightarrow on input line 347.
LaTeX Info: Redefining \longrightarrow on input line 348.
LaTeX Info: Redefining \Longleftarrow on input line 349.
LaTeX Info: Redefining \longleftarrow on input line 350.
LaTeX Info: Redefining \longmapsto on input line 351.
LaTeX Info: Redefining \longleftrightarrow on input line 352.
LaTeX Info: Redefining \Longleftrightarrow on input line 353.
LaTeX Info: Redefining \cdots on input line 357.
LaTeX Info: Redefining \vdots on input line 360.
LaTeX Info: Redefining \ddots on input line 365.
)
(/usr/share/texlive/texmf-dist/tex/latex/breqn/mathstyle.sty
Package: mathstyle 2015/08/11 v0.98d Tracking mathstyle implicitly
LaTeX Info: Redefining \displaystyle on input line 93.
LaTeX Info: Redefining \textstyle on input line 95.
LaTeX Info: Redefining \scriptstyle on input line 97.
LaTeX Info: Redefining \scriptscriptstyle on input line 99.
LaTeX Info: Redefining \genfrac on input line 145.
))
(/usr/share/texlive/texmf-dist/tex/latex/graphics/keyval.sty
Package: keyval 2014/10/28 v1.15 key=value parser (DPC)
\KV@toks@=\toks19
)
(/usr/share/texlive/texmf-dist/tex/latex/tools/calc.sty
Package: calc 2014/10/28 v4.3 Infix arithmetic (KKT,FJ)
\calc@Acount=\count122
\calc@Bcount=\count123
\calc@Adimen=\dimen143
\calc@Bdimen=\dimen144
\calc@Askip=\skip52
\calc@Bskip=\skip53
LaTeX Info: Redefining \setlength on input line 80.
LaTeX Info: Redefining \addtolength on input line 81.
\calc@Ccount=\count124
\calc@Cskip=\skip54
)
\inf@bad=\count125
\maxint=\count126
\listwidth=\dimen145
\eqnumsep=\dimen146
\eqmargin=\dimen147
\eqlinespacing=\skip55
\eqlineskip=\skip56
\eqlineskiplimit=\dimen148
\eqbinoffset=\muskip17
\eqdelimoffset=\muskip18
\eqindentstep=\dimen149
\eqstyle=\toks20
\eqbreakdepth=\count127
\eqinterlinepenalty=\count128
\intereqpenalty=\count129
\intereqskip=\skip57
\prerelpenalty=\count130
\prebinoppenalty=\count131
\Dmedmuskip=\muskip19
\Dthickmuskip=\muskip20
\eqleftskip=\skip58
\eqrightskip=\skip59
\eq@vspan=\skip60
\eq@binoffset=\muskip21
\EQ@box=\box43
\EQ@copy=\box44
\EQ@numbox=\box45
\eq@wdNum=\dimen150
\GRP@numbox=\box46
\grp@wdNum=\dimen151
\eq@lines=\count132
\eq@curline=\count133
\eq@badness=\count134
\EQ@vims=\count135
\eq@dp=\dimen152
\eq@wdL=\dimen153
\eq@wdT=\dimen154
\eq@wdMin=\dimen155
\grp@wdL=\dimen156
\grp@wdR=\dimen157
\grp@wdT=\dimen158
\eq@wdRmax=\dimen159
\eq@firstht=\dimen160
\eq@wdCond=\dimen161
\eq@indentstep=\dimen162
\eq@linewidth=\dimen163
\grp@linewidth=\dimen164
\eq@hshift=\dimen165
\eq@given@sidespace=\dimen166
\mathindent=\dimen167
\eq@final@linecount=\count136
\eq@wdR=\dimen168
\EQ@continue=\toks21
\lr@level=\count137
\GRP@queue=\toks22
\GRP@box=\box47
\GRP@wholebox=\box48
\darraycolsep=\skip61
\cur@row=\count138
\cur@col=\count139
\conditionsep=\skip62
) (./doingit.aux)
\openout1 = `doingit.aux'.

LaTeX Font Info:    Checking defaults for OML/cmm/m/it on input line 5.
LaTeX Font Info:    ... okay on input line 5.
LaTeX Font Info:    Checking defaults for T1/cmr/m/n on input line 5.
LaTeX Font Info:    ... okay on input line 5.
LaTeX Font Info:    Checking defaults for OT1/cmr/m/n on input line 5.
LaTeX Font Info:    ... okay on input line 5.
LaTeX Font Info:    Checking defaults for OMS/cmsy/m/n on input line 5.
LaTeX Font Info:    ... okay on input line 5.
LaTeX Font Info:    Checking defaults for OMX/cmex/m/n on input line 5.
LaTeX Font Info:    ... okay on input line 5.
LaTeX Font Info:    Checking defaults for U/cmr/m/n on input line 5.
LaTeX Font Info:    ... okay on input line 5.
LaTeX Font Info:    Try loading font information for U+msa on input line 7.

(/usr/share/texlive/texmf-dist/tex/latex/amsfonts/umsa.fd
File: umsa.fd 2013/01/14 v3.01 AMS symbols A
)
LaTeX Font Info:    Try loading font information for U+msb on input line 7.

(/usr/share/texlive/texmf-dist/tex/latex/amsfonts/umsb.fd
File: umsb.fd 2013/01/14 v3.01 AMS symbols B
) [1

{/var/lib/texmf/fonts/map/pdftex/updmap/pdftex.map}]
Overfull \hbox (5.16585pt too wide) detected at line 49
\OML/cmm/m/it/12 e[] \OT1/cmr/m/n/12 = 1 + \OML/cmm/m/it/12 ix \OMS/cmsy/m/n/12
 ^^@ []\OML/cmm/m/it/12 x[] \OMS/cmsy/m/n/12 ^^@ []\OML/cmm/m/it/12 x[] \OT1/cm
r/m/n/12 + []\OML/cmm/m/it/12 x[] \OT1/cmr/m/n/12 + []\OML/cmm/m/it/12 x[] \OMS
/cmsy/m/n/12 ^^@ []\OML/cmm/m/it/12 x[] \OMS/cmsy/m/n/12 ^^@ []\OML/cmm/m/it/12
 x[] \OT1/cmr/m/n/12 + []\OML/cmm/m/it/12 x[] \OT1/cmr/m/n/12 + []\OML/cmm/m/it
/12 x[] \OMS/cmsy/m/n/12 ^^@ []\OML/cmm/m/it/12 x[] \OT1/cmr/m/n/12 + \OML/cmm/
m/it/12 O\OT1/cmr/m/n/12 (\OML/cmm/m/it/12 x[]\OT1/cmr/m/n/12 )
 []


Overfull \hbox (12.26599pt too wide) detected at line 56
\OMS/cmsy/m/n/12 C[] \OT1/cmr/m/n/12 = []
 []


Overfull \hbox (97.8089pt too wide) detected at line 66
\OMS/cmsy/m/n/12 ^^@\OT1/cmr/m/n/12 2 [] [] = \OMS/cmsy/m/n/12 ^^@\OT1/cmr/m/n/
12 2 []
 []

[2]
Overfull \hbox (31.99174pt too wide) detected at line 72
\OT1/cmr/m/n/12 32 [] [] = 32 \OMS/cmsy/m/n/12 ^^@ \OT1/cmr/m/n/12 16(\OML/cmm/
m/it/12 k\OT1/cmr/m/n/12 ^^A\OML/cmm/m/it/12 x\OT1/cmr/m/n/12 )[] + [](\OML/cmm
/m/it/12 k\OT1/cmr/m/n/12 ^^A\OML/cmm/m/it/12 x\OT1/cmr/m/n/12 )[] \OMS/cmsy/m/
n/12 ^^@ []\OT1/cmr/m/n/12 (\OML/cmm/m/it/12 k\OT1/cmr/m/n/12 ^^A\OML/cmm/m/it/
12 x\OT1/cmr/m/n/12 )[] + [](\OML/cmm/m/it/12 k\OT1/cmr/m/n/12 ^^A\OML/cmm/m/it
/12 x\OT1/cmr/m/n/12 )[] + \OML/cmm/m/it/12 O\OT1/cmr/m/n/12 ((\OML/cmm/m/it/12
 k\OT1/cmr/m/n/12 ^^A\OML/cmm/m/it/12 x\OT1/cmr/m/n/12 )[])
 []


Overfull \hbox (44.76797pt too wide) detected at line 74
\OT1/cmr/m/n/12 32 [] [] \OMS/cmsy/m/n/12 ^^@ \OT1/cmr/m/n/12 2 [] [] = 30 \OMS
/cmsy/m/n/12 ^^@ \OT1/cmr/m/n/12 12(\OML/cmm/m/it/12 k\OT1/cmr/m/n/12 ^^A\OML/c
mm/m/it/12 x\OT1/cmr/m/n/12 )[] + [](\OML/cmm/m/it/12 k\OT1/cmr/m/n/12 ^^A\OML/
cmm/m/it/12 x\OT1/cmr/m/n/12 )[] \OMS/cmsy/m/n/12 ^^@ []\OT1/cmr/m/n/12 (\OML/c
mm/m/it/12 k\OT1/cmr/m/n/12 ^^A\OML/cmm/m/it/12 x\OT1/cmr/m/n/12 )[] + \OML/cmm
/m/it/12 O\OT1/cmr/m/n/12 ((\OML/cmm/m/it/12 k\OT1/cmr/m/n/12 ^^A\OML/cmm/m/it/
12 x\OT1/cmr/m/n/12 )[])
 []

[3]
Overfull \hbox (57.98312pt too wide) detected at line 120
\OMS/cmsy/m/n/12 M[] \OT1/cmr/m/n/12 = []
 []


Overfull \hbox (38.90002pt too wide) detected at line 122
\OMS/cmsy/m/n/12 M[] \OT1/cmr/m/n/12 = []
 []


Overfull \hbox (18.37204pt too wide) detected at line 124
\OMS/cmsy/m/n/12 M[] \OT1/cmr/m/n/12 = []
 []

[4]
Overfull \hbox (86.70782pt too wide) detected at line 141
\OMS/cmsy/m/n/12 R[] \OT1/cmr/m/n/12 = 1 + \OML/cmm/m/it/12 i\OT1/cmr/m/n/12 (\
OML/cmm/m/it/12 k\OT1/cmr/m/n/12 ^^A\OML/cmm/m/it/12 x=\OT1/cmr/m/n/12 2) \OMS/
cmsy/m/n/12 ^^@ []\OT1/cmr/m/n/12 (\OML/cmm/m/it/12 k\OT1/cmr/m/n/12 ^^A\OML/cm
m/m/it/12 x=\OT1/cmr/m/n/12 2)[] \OMS/cmsy/m/n/12 ^^@ []\OT1/cmr/m/n/12 (\OML/c
mm/m/it/12 k\OT1/cmr/m/n/12 ^^A\OML/cmm/m/it/12 x=\OT1/cmr/m/n/12 2)[] + [](\OM
L/cmm/m/it/12 k\OT1/cmr/m/n/12 ^^A\OML/cmm/m/it/12 x=\OT1/cmr/m/n/12 2)[] + [](
\OML/cmm/m/it/12 k\OT1/cmr/m/n/12 ^^A\OML/cmm/m/it/12 x=\OT1/cmr/m/n/12 2)[] \O
MS/cmsy/m/n/12 ^^@ []\OT1/cmr/m/n/12 (\OML/cmm/m/it/12 k\OT1/cmr/m/n/12 ^^A\OML
/cmm/m/it/12 x=\OT1/cmr/m/n/12 2)[] + \OML/cmm/m/it/12 O\OT1/cmr/m/n/12 (\OML/c
mm/m/it/12 x[]\OT1/cmr/m/n/12 )
 []


Overfull \hbox (83.48297pt too wide) detected at line 143
\OMS/cmsy/m/n/12 R[] \OT1/cmr/m/n/12 = 1 + \OML/cmm/m/it/12 i[]\OT1/cmr/m/n/12 
(\OML/cmm/m/it/12 k\OT1/cmr/m/n/12 ^^A\OML/cmm/m/it/12 x\OT1/cmr/m/n/12 ) \OMS/
cmsy/m/n/12 ^^@ [][]\OT1/cmr/m/n/12 (\OML/cmm/m/it/12 k\OT1/cmr/m/n/12 ^^A\OML/
cmm/m/it/12 x\OT1/cmr/m/n/12 )[] \OMS/cmsy/m/n/12 ^^@ [][]\OT1/cmr/m/n/12 (\OML
/cmm/m/it/12 k\OT1/cmr/m/n/12 ^^A\OML/cmm/m/it/12 x\OT1/cmr/m/n/12 )[] + [][](\
OML/cmm/m/it/12 k\OT1/cmr/m/n/12 ^^A\OML/cmm/m/it/12 x\OT1/cmr/m/n/12 )[] + [][
](\OML/cmm/m/it/12 k\OT1/cmr/m/n/12 ^^A\OML/cmm/m/it/12 x\OT1/cmr/m/n/12 )[] \O
MS/cmsy/m/n/12 ^^@ [][]\OT1/cmr/m/n/12 (\OML/cmm/m/it/12 k\OT1/cmr/m/n/12 ^^A\O
ML/cmm/m/it/12 x\OT1/cmr/m/n/12 )[] + \OML/cmm/m/it/12 O\OT1/cmr/m/n/12 (\OML/c
mm/m/it/12 x[]\OT1/cmr/m/n/12 )
 []


Overfull \hbox (29.96368pt too wide) detected at line 159
\OMS/cmsy/m/n/12 R[] \OT1/cmr/m/n/12 = 1 + [] []
 []

[5]
Overfull \hbox (5.44162pt too wide) detected at line 161
\OMS/cmsy/m/n/12 R[] \OT1/cmr/m/n/12 = 1 + [](\OML/cmm/m/it/12 k\OT1/cmr/m/n/12
 ^^A\OML/cmm/m/it/12 x\OT1/cmr/m/n/12 ) \OMS/cmsy/m/n/12 ^^@ [][]\OT1/cmr/m/n/1
2 (\OML/cmm/m/it/12 k\OT1/cmr/m/n/12 ^^A\OML/cmm/m/it/12 x\OT1/cmr/m/n/12 )[] +
 [][](\OML/cmm/m/it/12 k\OT1/cmr/m/n/12 ^^A\OML/cmm/m/it/12 x\OT1/cmr/m/n/12 )[
] \OMS/cmsy/m/n/12 ^^@ [][]\OT1/cmr/m/n/12 (\OML/cmm/m/it/12 k\OT1/cmr/m/n/12 ^
^A\OML/cmm/m/it/12 x\OT1/cmr/m/n/12 )[] + [][](\OML/cmm/m/it/12 k\OT1/cmr/m/n/1
2 ^^A\OML/cmm/m/it/12 x\OT1/cmr/m/n/12 )[] + \OML/cmm/m/it/12 O\OT1/cmr/m/n/12 
(\OML/cmm/m/it/12 x[]\OT1/cmr/m/n/12 )
 []


Overfull \hbox (82.6493pt too wide) detected at line 168
\OMS/cmsy/m/n/12 R[] \OT1/cmr/m/n/12 = \OML/cmm/m/it/12 e[] []
 []


Overfull \hbox (41.01933pt too wide) detected at line 172
 []$[]  \OMS/cmsy/m/n/12 R[] \OT1/cmr/m/n/12 = []$ 
 []


Overfull \hbox (17.94633pt too wide) detected at line 182
 []$[] \OT1/cmr/m/n/12 + 2 [] []$ []  
 []

[6]
Underfull \hbox (badness 10000) detected at line 199
 []$[]  \OML/cmm/m/it/12 R[] \OT1/cmr/m/n/12 = 1 + []\OML/cmm/m/it/12 k\OT1/cmr
/m/n/12 ^^A\OML/cmm/m/it/12 x \OMS/cmsy/m/n/12 ^^@ []\OT1/cmr/m/n/12 (\OML/cmm/
m/it/12 k\OT1/cmr/m/n/12 ^^A\OML/cmm/m/it/12 x\OT1/cmr/m/n/12 )[] \OMS/cmsy/m/n
/12 ^^@ []\OT1/cmr/m/n/12 (\OML/cmm/m/it/12 k\OT1/cmr/m/n/12 ^^A\OML/cmm/m/it/1
2 x\OT1/cmr/m/n/12 )[] + \OML/cmm/m/it/12 O\OT1/cmr/m/n/12 (^^A\OML/cmm/m/it/12
 x[]\OT1/cmr/m/n/12 )$ []  
 []

[7] [8]
Overfull \hbox (100.18495pt too wide) detected at line 249
\OMS/cmsy/m/n/12 F[] \OT1/cmr/m/n/12 = \OMS/cmsy/m/n/12 ^^@[] []
 []


Overfull \hbox (6.14842pt too wide) detected at line 251
\OMS/cmsy/m/n/12 DF[] \OT1/cmr/m/n/12 = \OMS/cmsy/m/n/12 ^^@[] []
 []


Overfull \hbox (16.5334pt too wide) detected at line 263
 []$[]  \OML/cmm/m/it/12 F[] \OT1/cmr/m/n/12 = \OMS/cmsy/m/n/12 ^^@[] [] \OML/c
mm/m/it/12 u[]$ 
 []

[9]
Overfull \hbox (16.5334pt too wide) detected at line 267
 []$[]  \OML/cmm/m/it/12 F[] \OT1/cmr/m/n/12 = \OMS/cmsy/m/n/12 ^^@[] [] \OML/c
mm/m/it/12 u[]$ 
 []

[10]
Overfull \hbox (0.53772pt too wide) detected at line 317
 []$[]  \OMS/cmsy/m/n/12 DF[] \OT1/cmr/m/n/12 = \OMS/cmsy/m/n/12 ^^@[] []$ []  

 []

[11] [12]
Overfull \hbox (6.41266pt too wide) detected at line 356
 []$[]  \OMS/cmsy/m/n/12 DF[] \OT1/cmr/m/n/12 = \OMS/cmsy/m/n/12 ^^@[] []$ []  

 []

[13] (./doingit.aux) ) 
Here is how much of TeX's memory you used:
 8505 strings out of 494953
 154752 string characters out of 6180977
 172653 words of memory out of 5000000
 11795 multiletter control sequences out of 15000+600000
 8891 words of font info for 34 fonts, out of 8000000 for 9000
 14 hyphenation exceptions out of 8191
 36i,10n,40p,10374b,275s stack positions out of 5000i,500n,10000p,200000b,80000s
</usr/share/texlive/texmf-dist/fonts/type1/public/amsfont
s/cm/cmbx12.pfb></usr/share/texlive/texmf-dist/fonts/type1/public/amsfonts/cm/c
mex10.pfb></usr/share/texlive/texmf-dist/fonts/type1/public/amsfonts/cm/cmmi12.
pfb></usr/share/texlive/texmf-dist/fonts/type1/public/amsfonts/cm/cmmi6.pfb></u
sr/share/texlive/texmf-dist/fonts/type1/public/amsfonts/cm/cmmi8.pfb></usr/shar
e/texlive/texmf-dist/fonts/type1/public/amsfonts/cm/cmr12.pfb></usr/share/texli
ve/texmf-dist/fonts/type1/public/amsfonts/cm/cmr6.pfb></usr/share/texlive/texmf
-dist/fonts/type1/public/amsfonts/cm/cmr8.pfb></usr/share/texlive/texmf-dist/fo
nts/type1/public/amsfonts/cm/cmsy10.pfb></usr/share/texlive/texmf-dist/fonts/ty
pe1/public/amsfonts/cm/cmsy6.pfb></usr/share/texlive/texmf-dist/fonts/type1/pub
lic/amsfonts/cm/cmsy8.pfb>
Output written on doingit.pdf (13 pages, 135702 bytes).
PDF statistics:
 91 PDF objects out of 1000 (max. 8388607)
 64 compressed objects within 1 object stream
 0 named destinations out of 1000 (max. 500000)
 1 words of extra memory for PDF output out of 10000 (max. 10000000)

