This is pdfTeX, Version 3.14159265-2.6-1.40.16 (TeX Live 2015/Debian) (preloaded format=pdflatex 2018.8.1)  10 OCT 2018 15:44
entering extended mode
 \write18 enabled.
 %&-line parsing enabled.
**thesis.tex
(./thesis.tex
LaTeX2e <2016/02/01>
Babel <3.9q> and hyphenation patterns for 3 language(s) loaded.
(/usr/share/texlive/texmf-dist/tex/latex/base/book.cls
Document Class: book 2014/09/29 v1.4h Standard LaTeX document class
(/usr/share/texlive/texmf-dist/tex/latex/base/bk12.clo
File: bk12.clo 2014/09/29 v1.4h Standard LaTeX file (size option)
)
\c@part=\count79
\c@chapter=\count80
\c@section=\count81
\c@subsection=\count82
\c@subsubsection=\count83
\c@paragraph=\count84
\c@subparagraph=\count85
\c@figure=\count86
\c@table=\count87
\abovecaptionskip=\skip41
\belowcaptionskip=\skip42
\bibindent=\dimen102
)
(/usr/share/texlive/texmf-dist/tex/latex/mathtools/mathtools.sty
Package: mathtools 2015/11/12 v1.18 mathematical typesetting tools

(/usr/share/texlive/texmf-dist/tex/latex/graphics/keyval.sty
Package: keyval 2014/10/28 v1.15 key=value parser (DPC)
\KV@toks@=\toks14
)
(/usr/share/texlive/texmf-dist/tex/latex/tools/calc.sty
Package: calc 2014/10/28 v4.3 Infix arithmetic (KKT,FJ)
\calc@Acount=\count88
\calc@Bcount=\count89
\calc@Adimen=\dimen103
\calc@Bdimen=\dimen104
\calc@Askip=\skip43
\calc@Bskip=\skip44
LaTeX Info: Redefining \setlength on input line 80.
LaTeX Info: Redefining \addtolength on input line 81.
\calc@Ccount=\count90
\calc@Cskip=\skip45
)
(/usr/share/texlive/texmf-dist/tex/latex/mathtools/mhsetup.sty
Package: mhsetup 2010/01/21 v1.2a programming setup (MH)
)
(/usr/share/texlive/texmf-dist/tex/latex/amsmath/amsmath.sty
Package: amsmath 2016/03/03 v2.15a AMS math features
\@mathmargin=\skip46

For additional information on amsmath, use the `?' option.
(/usr/share/texlive/texmf-dist/tex/latex/amsmath/amstext.sty
Package: amstext 2000/06/29 v2.01 AMS text

(/usr/share/texlive/texmf-dist/tex/latex/amsmath/amsgen.sty
File: amsgen.sty 1999/11/30 v2.0 generic functions
\@emptytoks=\toks15
\ex@=\dimen105
))
(/usr/share/texlive/texmf-dist/tex/latex/amsmath/amsbsy.sty
Package: amsbsy 1999/11/29 v1.2d Bold Symbols
\pmbraise@=\dimen106
)
(/usr/share/texlive/texmf-dist/tex/latex/amsmath/amsopn.sty
Package: amsopn 1999/12/14 v2.01 operator names
)
\inf@bad=\count91
LaTeX Info: Redefining \frac on input line 199.
\uproot@=\count92
\leftroot@=\count93
LaTeX Info: Redefining \overline on input line 297.
\classnum@=\count94
\DOTSCASE@=\count95
LaTeX Info: Redefining \ldots on input line 394.
LaTeX Info: Redefining \dots on input line 397.
LaTeX Info: Redefining \cdots on input line 518.
\Mathstrutbox@=\box26
\strutbox@=\box27
\big@size=\dimen107
LaTeX Font Info:    Redeclaring font encoding OML on input line 630.
LaTeX Font Info:    Redeclaring font encoding OMS on input line 631.
\macc@depth=\count96
\c@MaxMatrixCols=\count97
\dotsspace@=\muskip10
\c@parentequation=\count98
\dspbrk@lvl=\count99
\tag@help=\toks16
\row@=\count100
\column@=\count101
\maxfields@=\count102
\andhelp@=\toks17
\eqnshift@=\dimen108
\alignsep@=\dimen109
\tagshift@=\dimen110
\tagwidth@=\dimen111
\totwidth@=\dimen112
\lineht@=\dimen113
\@envbody=\toks18
\multlinegap=\skip47
\multlinetaggap=\skip48
\mathdisplay@stack=\toks19
LaTeX Info: Redefining \[ on input line 2735.
LaTeX Info: Redefining \] on input line 2736.
)
LaTeX Info: Thecontrolsequence`\('isalreadyrobust on input line 129.
LaTeX Info: Thecontrolsequence`\)'isalreadyrobust on input line 129.
LaTeX Info: Thecontrolsequence`\['isalreadyrobust on input line 129.
LaTeX Info: Thecontrolsequence`\]'isalreadyrobust on input line 129.
\g_MT_multlinerow_int=\count103
\l_MT_multwidth_dim=\dimen114
\origjot=\skip49
\l_MT_shortvdotswithinadjustabove_dim=\dimen115
\l_MT_shortvdotswithinadjustbelow_dim=\dimen116
\l_MT_above_intertext_sep=\dimen117
\l_MT_below_intertext_sep=\dimen118
\l_MT_above_shortintertext_sep=\dimen119
\l_MT_below_shortintertext_sep=\dimen120
)
(/usr/share/texlive/texmf-dist/tex/latex/caption/subcaption.sty
Package: subcaption 2016/02/20 v1.1-142 Sub-captions (AR)

(/usr/share/texlive/texmf-dist/tex/latex/caption/caption.sty
Package: caption 2016/02/21 v3.3-144 Customizing captions (AR)

(/usr/share/texlive/texmf-dist/tex/latex/caption/caption3.sty
Package: caption3 2016/02/04 v1.7-139 caption3 kernel (AR)
Package caption3 Info: TeX engine: e-TeX on input line 67.
\captionmargin=\dimen121
\captionmargin@=\dimen122
\captionwidth=\dimen123
\caption@tempdima=\dimen124
\caption@indent=\dimen125
\caption@parindent=\dimen126
\caption@hangindent=\dimen127
)
\c@ContinuedFloat=\count104
)
\c@subfigure=\count105
\c@subtable=\count106
)
(/usr/share/texlive/texmf-dist/tex/latex/tools/enumerate.sty
Package: enumerate 2015/07/23 v3.00 enumerate extensions (DPC)
\@enLab=\toks20
)
(/usr/share/texlive/texmf-dist/tex/latex/graphics/lscape.sty
Package: lscape 2000/10/22 v3.01 Landscape Pages (DPC)

(/usr/share/texlive/texmf-dist/tex/latex/graphics/graphics.sty
Package: graphics 2016/01/03 v1.0q Standard LaTeX Graphics (DPC,SPQR)

(/usr/share/texlive/texmf-dist/tex/latex/graphics/trig.sty
Package: trig 2016/01/03 v1.10 sin cos tan (DPC)
)
(/usr/share/texlive/texmf-dist/tex/latex/latexconfig/graphics.cfg
File: graphics.cfg 2010/04/23 v1.9 graphics configuration of TeX Live
)
Package graphics Info: Driver file: pdftex.def on input line 95.

(/usr/share/texlive/texmf-dist/tex/latex/pdftex-def/pdftex.def
File: pdftex.def 2011/05/27 v0.06d Graphics/color for pdfTeX

(/usr/share/texlive/texmf-dist/tex/generic/oberdiek/infwarerr.sty
Package: infwarerr 2010/04/08 v1.3 Providing info/warning/error messages (HO)
)
(/usr/share/texlive/texmf-dist/tex/generic/oberdiek/ltxcmds.sty
Package: ltxcmds 2011/11/09 v1.22 LaTeX kernel commands for general use (HO)
)
\Gread@gobject=\count107
)))
(/usr/share/texlive/texmf-dist/tex/latex/graphics/graphicx.sty
Package: graphicx 2014/10/28 v1.0g Enhanced LaTeX Graphics (DPC,SPQR)
\Gin@req@height=\dimen128
\Gin@req@width=\dimen129
)
(/usr/share/texlive/texmf-dist/tex/latex/psfrag/psfrag.sty
Package: psfrag 1998/04/11 v3.04 PSfrag (MCG)
\pfg@pcount=\count108
\pfg@scount=\count109
\pfg@temp=\write3
)
(/usr/share/texlive/texmf-dist/tex/latex/pgfplots/pgfplotstable.sty
(/usr/share/texlive/texmf-dist/tex/generic/pgfplots/pgfplots.revision.tex)
Package: pgfplotstable 2016/01/06 v1.13 Table typesetting and Pretty-printing (
1.13)

(/usr/share/texlive/texmf-dist/tex/latex/pgfplots/pgfplots.sty
(/usr/share/texlive/texmf-dist/tex/generic/pgfplots/pgfplots.revision.tex)
Package: pgfplots 2016/01/06 v1.13 Data Visualization (1.13)

(/usr/share/texlive/texmf-dist/tex/latex/pgf/frontendlayer/tikz.sty
(/usr/share/texlive/texmf-dist/tex/latex/pgf/basiclayer/pgf.sty
(/usr/share/texlive/texmf-dist/tex/latex/pgf/utilities/pgfrcs.sty
(/usr/share/texlive/texmf-dist/tex/generic/pgf/utilities/pgfutil-common.tex
\pgfutil@everybye=\toks21
\pgfutil@tempdima=\dimen130
\pgfutil@tempdimb=\dimen131

(/usr/share/texlive/texmf-dist/tex/generic/pgf/utilities/pgfutil-common-lists.t
ex)) (/usr/share/texlive/texmf-dist/tex/generic/pgf/utilities/pgfutil-latex.def
\pgfutil@abb=\box28
(/usr/share/texlive/texmf-dist/tex/latex/ms/everyshi.sty
Package: everyshi 2001/05/15 v3.00 EveryShipout Package (MS)
))
(/usr/share/texlive/texmf-dist/tex/generic/pgf/utilities/pgfrcs.code.tex
Package: pgfrcs 2015/08/07 v3.0.1a (rcs-revision 1.31)
))
Package: pgf 2015/08/07 v3.0.1a (rcs-revision 1.15)

(/usr/share/texlive/texmf-dist/tex/latex/pgf/basiclayer/pgfcore.sty
(/usr/share/texlive/texmf-dist/tex/latex/pgf/systemlayer/pgfsys.sty
(/usr/share/texlive/texmf-dist/tex/generic/pgf/systemlayer/pgfsys.code.tex
Package: pgfsys 2014/07/09 v3.0.1a (rcs-revision 1.48)

(/usr/share/texlive/texmf-dist/tex/generic/pgf/utilities/pgfkeys.code.tex
\pgfkeys@pathtoks=\toks22
\pgfkeys@temptoks=\toks23

(/usr/share/texlive/texmf-dist/tex/generic/pgf/utilities/pgfkeysfiltered.code.t
ex
\pgfkeys@tmptoks=\toks24
))
\pgf@x=\dimen132
\pgf@y=\dimen133
\pgf@xa=\dimen134
\pgf@ya=\dimen135
\pgf@xb=\dimen136
\pgf@yb=\dimen137
\pgf@xc=\dimen138
\pgf@yc=\dimen139
\w@pgf@writea=\write4
\r@pgf@reada=\read1
\c@pgf@counta=\count110
\c@pgf@countb=\count111
\c@pgf@countc=\count112
\c@pgf@countd=\count113
\t@pgf@toka=\toks25
\t@pgf@tokb=\toks26
\t@pgf@tokc=\toks27
 (/usr/share/texlive/texmf-dist/tex/generic/pgf/systemlayer/pgf.cfg
File: pgf.cfg 2008/05/14  (rcs-revision 1.7)
)
Driver file for pgf: pgfsys-pdftex.def

(/usr/share/texlive/texmf-dist/tex/generic/pgf/systemlayer/pgfsys-pdftex.def
File: pgfsys-pdftex.def 2014/10/11  (rcs-revision 1.35)

(/usr/share/texlive/texmf-dist/tex/generic/pgf/systemlayer/pgfsys-common-pdf.de
f
File: pgfsys-common-pdf.def 2013/10/10  (rcs-revision 1.13)
)))
(/usr/share/texlive/texmf-dist/tex/generic/pgf/systemlayer/pgfsyssoftpath.code.
tex
File: pgfsyssoftpath.code.tex 2013/09/09  (rcs-revision 1.9)
\pgfsyssoftpath@smallbuffer@items=\count114
\pgfsyssoftpath@bigbuffer@items=\count115
)
(/usr/share/texlive/texmf-dist/tex/generic/pgf/systemlayer/pgfsysprotocol.code.
tex
File: pgfsysprotocol.code.tex 2006/10/16  (rcs-revision 1.4)
)) (/usr/share/texlive/texmf-dist/tex/latex/xcolor/xcolor.sty
Package: xcolor 2007/01/21 v2.11 LaTeX color extensions (UK)

(/usr/share/texlive/texmf-dist/tex/latex/latexconfig/color.cfg
File: color.cfg 2007/01/18 v1.5 color configuration of teTeX/TeXLive
)
Package xcolor Info: Driver file: pdftex.def on input line 225.
Package xcolor Info: Model `cmy' substituted by `cmy0' on input line 1337.
Package xcolor Info: Model `hsb' substituted by `rgb' on input line 1341.
Package xcolor Info: Model `RGB' extended on input line 1353.
Package xcolor Info: Model `HTML' substituted by `rgb' on input line 1355.
Package xcolor Info: Model `Hsb' substituted by `hsb' on input line 1356.
Package xcolor Info: Model `tHsb' substituted by `hsb' on input line 1357.
Package xcolor Info: Model `HSB' substituted by `hsb' on input line 1358.
Package xcolor Info: Model `Gray' substituted by `gray' on input line 1359.
Package xcolor Info: Model `wave' substituted by `hsb' on input line 1360.
)
(/usr/share/texlive/texmf-dist/tex/generic/pgf/basiclayer/pgfcore.code.tex
Package: pgfcore 2010/04/11 v3.0.1a (rcs-revision 1.7)

(/usr/share/texlive/texmf-dist/tex/generic/pgf/math/pgfmath.code.tex
(/usr/share/texlive/texmf-dist/tex/generic/pgf/math/pgfmathcalc.code.tex
(/usr/share/texlive/texmf-dist/tex/generic/pgf/math/pgfmathutil.code.tex)
(/usr/share/texlive/texmf-dist/tex/generic/pgf/math/pgfmathparser.code.tex
\pgfmath@dimen=\dimen140
\pgfmath@count=\count116
\pgfmath@box=\box29
\pgfmath@toks=\toks28
\pgfmath@stack@operand=\toks29
\pgfmath@stack@operation=\toks30
)
(/usr/share/texlive/texmf-dist/tex/generic/pgf/math/pgfmathfunctions.code.tex
(/usr/share/texlive/texmf-dist/tex/generic/pgf/math/pgfmathfunctions.basic.code
.tex)
(/usr/share/texlive/texmf-dist/tex/generic/pgf/math/pgfmathfunctions.trigonomet
ric.code.tex)
(/usr/share/texlive/texmf-dist/tex/generic/pgf/math/pgfmathfunctions.random.cod
e.tex)
(/usr/share/texlive/texmf-dist/tex/generic/pgf/math/pgfmathfunctions.comparison
.code.tex)
(/usr/share/texlive/texmf-dist/tex/generic/pgf/math/pgfmathfunctions.base.code.
tex)
(/usr/share/texlive/texmf-dist/tex/generic/pgf/math/pgfmathfunctions.round.code
.tex)
(/usr/share/texlive/texmf-dist/tex/generic/pgf/math/pgfmathfunctions.misc.code.
tex)
(/usr/share/texlive/texmf-dist/tex/generic/pgf/math/pgfmathfunctions.integerari
thmetics.code.tex)))
(/usr/share/texlive/texmf-dist/tex/generic/pgf/math/pgfmathfloat.code.tex
\c@pgfmathroundto@lastzeros=\count117
))
(/usr/share/texlive/texmf-dist/tex/generic/pgf/basiclayer/pgfcorepoints.code.te
x
File: pgfcorepoints.code.tex 2013/10/07  (rcs-revision 1.27)
\pgf@picminx=\dimen141
\pgf@picmaxx=\dimen142
\pgf@picminy=\dimen143
\pgf@picmaxy=\dimen144
\pgf@pathminx=\dimen145
\pgf@pathmaxx=\dimen146
\pgf@pathminy=\dimen147
\pgf@pathmaxy=\dimen148
\pgf@xx=\dimen149
\pgf@xy=\dimen150
\pgf@yx=\dimen151
\pgf@yy=\dimen152
\pgf@zx=\dimen153
\pgf@zy=\dimen154
)
(/usr/share/texlive/texmf-dist/tex/generic/pgf/basiclayer/pgfcorepathconstruct.
code.tex
File: pgfcorepathconstruct.code.tex 2013/10/07  (rcs-revision 1.29)
\pgf@path@lastx=\dimen155
\pgf@path@lasty=\dimen156
)
(/usr/share/texlive/texmf-dist/tex/generic/pgf/basiclayer/pgfcorepathusage.code
.tex
File: pgfcorepathusage.code.tex 2014/11/02  (rcs-revision 1.24)
\pgf@shorten@end@additional=\dimen157
\pgf@shorten@start@additional=\dimen158
)
(/usr/share/texlive/texmf-dist/tex/generic/pgf/basiclayer/pgfcorescopes.code.te
x
File: pgfcorescopes.code.tex 2015/05/08  (rcs-revision 1.46)
\pgfpic=\box30
\pgf@hbox=\box31
\pgf@layerbox@main=\box32
\pgf@picture@serial@count=\count118
)
(/usr/share/texlive/texmf-dist/tex/generic/pgf/basiclayer/pgfcoregraphicstate.c
ode.tex
File: pgfcoregraphicstate.code.tex 2014/11/02  (rcs-revision 1.12)
\pgflinewidth=\dimen159
)
(/usr/share/texlive/texmf-dist/tex/generic/pgf/basiclayer/pgfcoretransformation
s.code.tex
File: pgfcoretransformations.code.tex 2015/08/07  (rcs-revision 1.20)
\pgf@pt@x=\dimen160
\pgf@pt@y=\dimen161
\pgf@pt@temp=\dimen162
)
(/usr/share/texlive/texmf-dist/tex/generic/pgf/basiclayer/pgfcorequick.code.tex
File: pgfcorequick.code.tex 2008/10/09  (rcs-revision 1.3)
)
(/usr/share/texlive/texmf-dist/tex/generic/pgf/basiclayer/pgfcoreobjects.code.t
ex
File: pgfcoreobjects.code.tex 2006/10/11  (rcs-revision 1.2)
)
(/usr/share/texlive/texmf-dist/tex/generic/pgf/basiclayer/pgfcorepathprocessing
.code.tex
File: pgfcorepathprocessing.code.tex 2013/09/09  (rcs-revision 1.9)
)
(/usr/share/texlive/texmf-dist/tex/generic/pgf/basiclayer/pgfcorearrows.code.te
x
File: pgfcorearrows.code.tex 2015/05/14  (rcs-revision 1.43)
\pgfarrowsep=\dimen163
)
(/usr/share/texlive/texmf-dist/tex/generic/pgf/basiclayer/pgfcoreshade.code.tex
File: pgfcoreshade.code.tex 2013/07/15  (rcs-revision 1.15)
\pgf@max=\dimen164
\pgf@sys@shading@range@num=\count119
)
(/usr/share/texlive/texmf-dist/tex/generic/pgf/basiclayer/pgfcoreimage.code.tex
File: pgfcoreimage.code.tex 2013/07/15  (rcs-revision 1.18)

(/usr/share/texlive/texmf-dist/tex/generic/pgf/basiclayer/pgfcoreexternal.code.
tex
File: pgfcoreexternal.code.tex 2014/07/09  (rcs-revision 1.21)
\pgfexternal@startupbox=\box33
))
(/usr/share/texlive/texmf-dist/tex/generic/pgf/basiclayer/pgfcorelayers.code.te
x
File: pgfcorelayers.code.tex 2013/07/18  (rcs-revision 1.7)
)
(/usr/share/texlive/texmf-dist/tex/generic/pgf/basiclayer/pgfcoretransparency.c
ode.tex
File: pgfcoretransparency.code.tex 2013/09/30  (rcs-revision 1.5)
)
(/usr/share/texlive/texmf-dist/tex/generic/pgf/basiclayer/pgfcorepatterns.code.
tex
File: pgfcorepatterns.code.tex 2013/11/07  (rcs-revision 1.5)
)))
(/usr/share/texlive/texmf-dist/tex/generic/pgf/modules/pgfmoduleshapes.code.tex
File: pgfmoduleshapes.code.tex 2014/03/21  (rcs-revision 1.35)
\pgfnodeparttextbox=\box34
) (/usr/share/texlive/texmf-dist/tex/generic/pgf/modules/pgfmoduleplot.code.tex
File: pgfmoduleplot.code.tex 2015/08/03  (rcs-revision 1.13)
)
(/usr/share/texlive/texmf-dist/tex/latex/pgf/compatibility/pgfcomp-version-0-65
.sty
Package: pgfcomp-version-0-65 2007/07/03 v3.0.1a (rcs-revision 1.7)
\pgf@nodesepstart=\dimen165
\pgf@nodesepend=\dimen166
)
(/usr/share/texlive/texmf-dist/tex/latex/pgf/compatibility/pgfcomp-version-1-18
.sty
Package: pgfcomp-version-1-18 2007/07/23 v3.0.1a (rcs-revision 1.1)
)) (/usr/share/texlive/texmf-dist/tex/latex/pgf/utilities/pgffor.sty
(/usr/share/texlive/texmf-dist/tex/latex/pgf/utilities/pgfkeys.sty
(/usr/share/texlive/texmf-dist/tex/generic/pgf/utilities/pgfkeys.code.tex))
(/usr/share/texlive/texmf-dist/tex/latex/pgf/math/pgfmath.sty
(/usr/share/texlive/texmf-dist/tex/generic/pgf/math/pgfmath.code.tex))
(/usr/share/texlive/texmf-dist/tex/generic/pgf/utilities/pgffor.code.tex
Package: pgffor 2013/12/13 v3.0.1a (rcs-revision 1.25)

(/usr/share/texlive/texmf-dist/tex/generic/pgf/math/pgfmath.code.tex)
\pgffor@iter=\dimen167
\pgffor@skip=\dimen168
\pgffor@stack=\toks31
\pgffor@toks=\toks32
))
(/usr/share/texlive/texmf-dist/tex/generic/pgf/frontendlayer/tikz/tikz.code.tex
Package: tikz 2015/08/07 v3.0.1a (rcs-revision 1.151)

(/usr/share/texlive/texmf-dist/tex/generic/pgf/libraries/pgflibraryplothandlers
.code.tex
File: pgflibraryplothandlers.code.tex 2013/08/31 v3.0.1a (rcs-revision 1.20)
\pgf@plot@mark@count=\count120
\pgfplotmarksize=\dimen169
)
\tikz@lastx=\dimen170
\tikz@lasty=\dimen171
\tikz@lastxsaved=\dimen172
\tikz@lastysaved=\dimen173
\tikzleveldistance=\dimen174
\tikzsiblingdistance=\dimen175
\tikz@figbox=\box35
\tikz@figbox@bg=\box36
\tikz@tempbox=\box37
\tikz@tempbox@bg=\box38
\tikztreelevel=\count121
\tikznumberofchildren=\count122
\tikznumberofcurrentchild=\count123
\tikz@fig@count=\count124

(/usr/share/texlive/texmf-dist/tex/generic/pgf/modules/pgfmodulematrix.code.tex
File: pgfmodulematrix.code.tex 2013/09/17  (rcs-revision 1.8)
\pgfmatrixcurrentrow=\count125
\pgfmatrixcurrentcolumn=\count126
\pgf@matrix@numberofcolumns=\count127
)
\tikz@expandcount=\count128

(/usr/share/texlive/texmf-dist/tex/generic/pgf/frontendlayer/tikz/libraries/tik
zlibrarytopaths.code.tex
File: tikzlibrarytopaths.code.tex 2008/06/17 v3.0.1a (rcs-revision 1.2)
)))
(/usr/share/texlive/texmf-dist/tex/generic/pgfplots/pgfplots.code.tex
(/usr/share/texlive/texmf-dist/tex/generic/pgfplots/pgfplotscore.code.tex
\t@pgfplots@toka=\toks33
\t@pgfplots@tokb=\toks34
\t@pgfplots@tokc=\toks35
\pgfplots@tmpa=\dimen176
\c@pgfplots@coordindex=\count129
\c@pgfplots@scanlineindex=\count130

(/usr/share/texlive/texmf-dist/tex/generic/pgfplots/sys/pgfplotssysgeneric.code
.tex))
(/usr/share/texlive/texmf-dist/tex/generic/pgfplots/libs/pgfplotslibrary.code.t
ex)
(/usr/share/texlive/texmf-dist/tex/generic/pgfplots/oldpgfcompatib/pgfplotsoldp
gfsupp_loader.code.tex
(/usr/share/texlive/texmf-dist/tex/generic/pgf/libraries/pgflibraryfpu.code.tex
)
Package pgfplots: loading complementary arithmetics for your pgf version...

(/usr/share/texlive/texmf-dist/tex/generic/pgfplots/oldpgfcompatib/pgfplotsoldp
gfsupp_pgflibraryfpu.code.tex)
(/usr/share/texlive/texmf-dist/tex/generic/pgfplots/oldpgfcompatib/pgfplotsoldp
gfsupp_pgfmathfloat.code.tex
\c@pgfmathroundto@lastzeros=\count131
))
(/usr/share/texlive/texmf-dist/tex/generic/pgfplots/util/pgfplotsutil.code.tex
(/usr/share/texlive/texmf-dist/tex/generic/pgfplots/liststructure/pgfplotslists
tructure.code.tex)
(/usr/share/texlive/texmf-dist/tex/generic/pgfplots/liststructure/pgfplotslists
tructureext.code.tex)
(/usr/share/texlive/texmf-dist/tex/generic/pgfplots/liststructure/pgfplotsarray
.code.tex
\c@pgfplotsarray@tmp=\count132
)
(/usr/share/texlive/texmf-dist/tex/generic/pgfplots/liststructure/pgfplotsmatri
x.code.tex)
(/usr/share/texlive/texmf-dist/tex/generic/pgfplots/numtable/pgfplotstableshare
d.code.tex
\c@pgfplotstable@counta=\count133
\t@pgfplotstable@a=\toks36
)
(/usr/share/texlive/texmf-dist/tex/generic/pgfplots/liststructure/pgfplotsdeque
.code.tex)
(/usr/share/texlive/texmf-dist/tex/generic/pgfplots/util/pgfplotsbinary.code.te
x
(/usr/share/texlive/texmf-dist/tex/generic/pgfplots/util/pgfplotsbinary.data.co
de.tex))
(/usr/share/texlive/texmf-dist/tex/generic/pgfplots/util/pgfplotsutil.verb.code
.tex)
(/usr/share/texlive/texmf-dist/tex/generic/pgfplots/libs/pgflibrarypgfplots.sur
fshading.code.tex
\c@pgfplotslibrarysurf@no=\count134

(/usr/share/texlive/texmf-dist/tex/generic/pgfplots/sys/pgflibrarypgfplots.surf
shading.pgfsys-pdftex.def)))
(/usr/share/texlive/texmf-dist/tex/generic/pgfplots/util/pgfplotscolormap.code.
tex
(/usr/share/texlive/texmf-dist/tex/generic/pgfplots/util/pgfplotscolor.code.tex
))
(/usr/share/texlive/texmf-dist/tex/generic/pgfplots/pgfplotsstackedplots.code.t
ex)
(/usr/share/texlive/texmf-dist/tex/generic/pgfplots/pgfplotsplothandlers.code.t
ex
(/usr/share/texlive/texmf-dist/tex/generic/pgfplots/pgfplotsmeshplothandler.cod
e.tex
(/usr/share/texlive/texmf-dist/tex/generic/pgfplots/pgfplotsmeshplotimage.code.
tex)))
(/usr/share/texlive/texmf-dist/tex/generic/pgfplots/pgfplots.scaling.code.tex)
(/usr/share/texlive/texmf-dist/tex/generic/pgfplots/pgfplotscoordprocessing.cod
e.tex)
(/usr/share/texlive/texmf-dist/tex/generic/pgfplots/pgfplots.errorbars.code.tex
) (/usr/share/texlive/texmf-dist/tex/generic/pgfplots/pgfplots.markers.code.tex
) (/usr/share/texlive/texmf-dist/tex/generic/pgfplots/pgfplotsticks.code.tex)
(/usr/share/texlive/texmf-dist/tex/generic/pgfplots/pgfplots.paths.code.tex)
(/usr/share/texlive/texmf-dist/tex/generic/pgf/frontendlayer/tikz/libraries/tik
zlibrarydecorations.code.tex
(/usr/share/texlive/texmf-dist/tex/generic/pgf/modules/pgfmoduledecorations.cod
e.tex
\pgfdecoratedcompleteddistance=\dimen177
\pgfdecoratedremainingdistance=\dimen178
\pgfdecoratedinputsegmentcompleteddistance=\dimen179
\pgfdecoratedinputsegmentremainingdistance=\dimen180
\pgf@decorate@distancetomove=\dimen181
\pgf@decorate@repeatstate=\count135
\pgfdecorationsegmentamplitude=\dimen182
\pgfdecorationsegmentlength=\dimen183
)
\tikz@lib@dec@box=\box39
)
(/usr/share/texlive/texmf-dist/tex/generic/pgf/frontendlayer/tikz/libraries/tik
zlibrarydecorations.pathmorphing.code.tex
(/usr/share/texlive/texmf-dist/tex/generic/pgf/libraries/decorations/pgflibrary
decorations.pathmorphing.code.tex))
(/usr/share/texlive/texmf-dist/tex/generic/pgf/frontendlayer/tikz/libraries/tik
zlibrarydecorations.pathreplacing.code.tex
(/usr/share/texlive/texmf-dist/tex/generic/pgf/libraries/decorations/pgflibrary
decorations.pathreplacing.code.tex))
\pgfplots@numplots=\count136
\pgfplots@xmin@reg=\dimen184
\pgfplots@xmax@reg=\dimen185
\pgfplots@ymin@reg=\dimen186
\pgfplots@ymax@reg=\dimen187
\pgfplots@zmin@reg=\dimen188
\pgfplots@zmax@reg=\dimen189
)
(/usr/share/texlive/texmf-dist/tex/generic/pgf/frontendlayer/tikz/libraries/tik
zlibraryplotmarks.code.tex
File: tikzlibraryplotmarks.code.tex 2008/01/09 v3.0.1a (rcs-revision 1.1)

(/usr/share/texlive/texmf-dist/tex/generic/pgf/libraries/pgflibraryplotmarks.co
de.tex
File: pgflibraryplotmarks.code.tex 2015/08/03 v3.0.1a (rcs-revision 1.14)
)))
(/usr/share/texlive/texmf-dist/tex/generic/pgfplots/numtable/pgfplotstable.code
.tex
(/usr/share/texlive/texmf-dist/tex/generic/pgfplots/numtable/pgfplotstable.colt
ype.code.tex)) (/usr/share/texlive/texmf-dist/tex/latex/tools/array.sty
Package: array 2014/10/28 v2.4c Tabular extension package (FMi)
\col@sep=\dimen190
\extrarowheight=\dimen191
\NC@list=\toks37
\extratabsurround=\skip50
\backup@length=\skip51
))
(/usr/share/texlive/texmf-dist/tex/latex/adjustbox/adjustbox.sty
Package: adjustbox 2012/05/21 v1.0 Adjusting TeX boxes (trim, clip, ...)

(/usr/share/texlive/texmf-dist/tex/latex/xkeyval/xkeyval.sty
Package: xkeyval 2014/12/03 v2.7a package option processing (HA)

(/usr/share/texlive/texmf-dist/tex/generic/xkeyval/xkeyval.tex
(/usr/share/texlive/texmf-dist/tex/generic/xkeyval/xkvutils.tex
\XKV@toks=\toks38
\XKV@tempa@toks=\toks39
)
\XKV@depth=\count137
File: xkeyval.tex 2014/12/03 v2.7a key=value parser (HA)
))
(/usr/share/texlive/texmf-dist/tex/latex/adjustbox/adjcalc.sty
Package: adjcalc 2012/05/16 v1.1 Provides advanced setlength with multiple back
-ends (calc, etex, pgfmath)
)
(/usr/share/texlive/texmf-dist/tex/latex/adjustbox/trimclip.sty
Package: trimclip 2012/05/16 v1.0 Trim and clip general TeX material

(/usr/share/texlive/texmf-dist/tex/latex/collectbox/collectbox.sty
Package: collectbox 2012/05/17 v0.4b Collect macro arguments as boxes
\collectedbox=\box40
)
\tc@llx=\dimen192
\tc@lly=\dimen193
\tc@urx=\dimen194
\tc@ury=\dimen195
Package trimclip Info: Using driver 'tc-pdftex.def'.

(/usr/share/texlive/texmf-dist/tex/latex/adjustbox/tc-pdftex.def
File: tc-pdftex.def 2012/05/13 v1.0 Clipping driver for pdftex
))
\adjbox@Width=\dimen196
\adjbox@Height=\dimen197
\adjbox@Depth=\dimen198
\adjbox@Totalheight=\dimen199

(/usr/share/texlive/texmf-dist/tex/latex/ifoddpage/ifoddpage.sty
Package: ifoddpage 2011/09/13 v1.0 Conditionals for odd/even page detection
\c@checkoddpage=\count138
)
(/usr/share/texlive/texmf-dist/tex/latex/varwidth/varwidth.sty
Package: varwidth 2009/03/30 ver 0.92;  Variable-width minipages
\@vwid@box=\box41
\sift@deathcycles=\count139
\@vwid@loff=\dimen256
\@vwid@roff=\dimen257
))
(/usr/share/texlive/texmf-dist/tex/latex/hyperref/hyperref.sty
Package: hyperref 2012/11/06 v6.83m Hypertext links for LaTeX

(/usr/share/texlive/texmf-dist/tex/generic/oberdiek/hobsub-hyperref.sty
Package: hobsub-hyperref 2012/05/28 v1.13 Bundle oberdiek, subset hyperref (HO)


(/usr/share/texlive/texmf-dist/tex/generic/oberdiek/hobsub-generic.sty
Package: hobsub-generic 2012/05/28 v1.13 Bundle oberdiek, subset generic (HO)
Package: hobsub 2012/05/28 v1.13 Construct package bundles (HO)
Package hobsub Info: Skipping package `infwarerr' (already loaded).
Package hobsub Info: Skipping package `ltxcmds' (already loaded).
Package: ifluatex 2010/03/01 v1.3 Provides the ifluatex switch (HO)
Package ifluatex Info: LuaTeX not detected.
Package: ifvtex 2010/03/01 v1.5 Detect VTeX and its facilities (HO)
Package ifvtex Info: VTeX not detected.
Package: intcalc 2007/09/27 v1.1 Expandable calculations with integers (HO)
Package: ifpdf 2011/01/30 v2.3 Provides the ifpdf switch (HO)
Package ifpdf Info: pdfTeX in PDF mode is detected.
Package: etexcmds 2011/02/16 v1.5 Avoid name clashes with e-TeX commands (HO)
Package etexcmds Info: Could not find \expanded.
(etexcmds)             That can mean that you are not using pdfTeX 1.50 or
(etexcmds)             that some package has redefined \expanded.
(etexcmds)             In the latter case, load this package earlier.
Package: kvsetkeys 2012/04/25 v1.16 Key value parser (HO)
Package: kvdefinekeys 2011/04/07 v1.3 Define keys (HO)
Package: pdftexcmds 2011/11/29 v0.20 Utility functions of pdfTeX for LuaTeX (HO
)
Package pdftexcmds Info: LuaTeX not detected.
Package pdftexcmds Info: \pdf@primitive is available.
Package pdftexcmds Info: \pdf@ifprimitive is available.
Package pdftexcmds Info: \pdfdraftmode found.
Package: pdfescape 2011/11/25 v1.13 Implements pdfTeX's escape features (HO)
Package: bigintcalc 2012/04/08 v1.3 Expandable calculations on big integers (HO
)
Package: bitset 2011/01/30 v1.1 Handle bit-vector datatype (HO)
Package: uniquecounter 2011/01/30 v1.2 Provide unlimited unique counter (HO)
)
Package hobsub Info: Skipping package `hobsub' (already loaded).
Package: letltxmacro 2010/09/02 v1.4 Let assignment for LaTeX macros (HO)
Package: hopatch 2012/05/28 v1.2 Wrapper for package hooks (HO)
Package: xcolor-patch 2011/01/30 xcolor patch
Package: atveryend 2011/06/30 v1.8 Hooks at the very end of document (HO)
Package atveryend Info: \enddocument detected (standard20110627).
Package: atbegshi 2011/10/05 v1.16 At begin shipout hook (HO)
Package: refcount 2011/10/16 v3.4 Data extraction from label references (HO)
Package: hycolor 2011/01/30 v1.7 Color options for hyperref/bookmark (HO)
)
(/usr/share/texlive/texmf-dist/tex/generic/ifxetex/ifxetex.sty
Package: ifxetex 2010/09/12 v0.6 Provides ifxetex conditional
)
(/usr/share/texlive/texmf-dist/tex/latex/oberdiek/auxhook.sty
Package: auxhook 2011/03/04 v1.3 Hooks for auxiliary files (HO)
)
(/usr/share/texlive/texmf-dist/tex/latex/oberdiek/kvoptions.sty
Package: kvoptions 2011/06/30 v3.11 Key value format for package options (HO)
)
\@linkdim=\dimen258
\Hy@linkcounter=\count140
\Hy@pagecounter=\count141

(/usr/share/texlive/texmf-dist/tex/latex/hyperref/pd1enc.def
File: pd1enc.def 2012/11/06 v6.83m Hyperref: PDFDocEncoding definition (HO)
)
\Hy@SavedSpaceFactor=\count142

(/usr/share/texlive/texmf-dist/tex/latex/latexconfig/hyperref.cfg
File: hyperref.cfg 2002/06/06 v1.2 hyperref configuration of TeXLive
)
Package hyperref Info: Hyper figures OFF on input line 4443.
Package hyperref Info: Link nesting OFF on input line 4448.
Package hyperref Info: Hyper index ON on input line 4451.
Package hyperref Info: Plain pages OFF on input line 4458.
Package hyperref Info: Backreferencing OFF on input line 4463.
Package hyperref Info: Implicit mode ON; LaTeX internals redefined.
Package hyperref Info: Bookmarks ON on input line 4688.
\c@Hy@tempcnt=\count143

(/usr/share/texlive/texmf-dist/tex/latex/url/url.sty
\Urlmuskip=\muskip11
Package: url 2013/09/16  ver 3.4  Verb mode for urls, etc.
)
LaTeX Info: Redefining \url on input line 5041.
\XeTeXLinkMargin=\dimen259
\Fld@menulength=\count144
\Field@Width=\dimen260
\Fld@charsize=\dimen261
Package hyperref Info: Hyper figures OFF on input line 6295.
Package hyperref Info: Link nesting OFF on input line 6300.
Package hyperref Info: Hyper index ON on input line 6303.
Package hyperref Info: backreferencing OFF on input line 6310.
Package hyperref Info: Link coloring OFF on input line 6315.
Package hyperref Info: Link coloring with OCG OFF on input line 6320.
Package hyperref Info: PDF/A mode OFF on input line 6325.
LaTeX Info: Redefining \ref on input line 6365.
LaTeX Info: Redefining \pageref on input line 6369.
\Hy@abspage=\count145
\c@Item=\count146
\c@Hfootnote=\count147
)

Package hyperref Message: Driver (autodetected): hpdftex.

(/usr/share/texlive/texmf-dist/tex/latex/hyperref/hpdftex.def
File: hpdftex.def 2012/11/06 v6.83m Hyperref driver for pdfTeX
\Fld@listcount=\count148
\c@bookmark@seq@number=\count149

(/usr/share/texlive/texmf-dist/tex/latex/oberdiek/rerunfilecheck.sty
Package: rerunfilecheck 2011/04/15 v1.7 Rerun checks for auxiliary files (HO)
Package uniquecounter Info: New unique counter `rerunfilecheck' on input line 2
82.
)
\Hy@SectionHShift=\skip52
)
(/usr/share/texlive/texmf-dist/tex/latex/natbib/natbib.sty
Package: natbib 2010/09/13 8.31b (PWD, AO)
\bibhang=\skip53
\bibsep=\skip54
LaTeX Info: Redefining \cite on input line 694.
\c@NAT@ctr=\count150
)
\@input{definitions.aux}
\openout2 = `definitions.aux'.

(./definitions.tex
(/usr/share/texlive/texmf-dist/tex/latex/amsfonts/amssymb.sty
Package: amssymb 2013/01/14 v3.01 AMS font symbols

(/usr/share/texlive/texmf-dist/tex/latex/amsfonts/amsfonts.sty
Package: amsfonts 2013/01/14 v3.01 Basic AMSFonts support
\symAMSa=\mathgroup4
\symAMSb=\mathgroup5
LaTeX Font Info:    Overwriting math alphabet `\mathfrak' in version `bold'
(Font)                  U/euf/m/n --> U/euf/b/n on input line 106.
))
(/usr/share/texlive/texmf-dist/tex/latex/base/latexsym.sty
Package: latexsym 1998/08/17 v2.2e Standard LaTeX package (lasy symbols)
\symlasy=\mathgroup6
LaTeX Font Info:    Overwriting symbol font `lasy' in version `bold'
(Font)                  U/lasy/m/n --> U/lasy/b/n on input line 52.
)
(/usr/share/texlive/texmf-dist/tex/latex/amscls/amsthm.sty
Package: amsthm 2015/03/04 v2.20.2
\thm@style=\toks40
\thm@bodyfont=\toks41
\thm@headfont=\toks42
\thm@notefont=\toks43
\thm@headpunct=\toks44
\thm@preskip=\skip55
\thm@postskip=\skip56
\thm@headsep=\skip57
\dth@everypar=\toks45
)
\c@theorem=\count151
\c@conj=\count152
) (./thesis.aux
(./titlepage.aux) (./chp1/chapter.aux) (./chp2/chapter.aux) (./chp3/chapter.aux
) (./chp4/chapter.aux) (./chp5/chapter.aux) (./chp6/chapter.aux)
(./chp7/chapter.aux) (./app1/appendix.aux) (./app2/appendix.aux)
(./app3/appendix.aux))
\openout1 = `thesis.aux'.

LaTeX Font Info:    Checking defaults for OML/cmm/m/it on input line 48.
LaTeX Font Info:    ... okay on input line 48.
LaTeX Font Info:    Checking defaults for T1/cmr/m/n on input line 48.
LaTeX Font Info:    ... okay on input line 48.
LaTeX Font Info:    Checking defaults for OT1/cmr/m/n on input line 48.
LaTeX Font Info:    ... okay on input line 48.
LaTeX Font Info:    Checking defaults for OMS/cmsy/m/n on input line 48.
LaTeX Font Info:    ... okay on input line 48.
LaTeX Font Info:    Checking defaults for OMX/cmex/m/n on input line 48.
LaTeX Font Info:    ... okay on input line 48.
LaTeX Font Info:    Checking defaults for U/cmr/m/n on input line 48.
LaTeX Font Info:    ... okay on input line 48.
LaTeX Font Info:    Checking defaults for PD1/pdf/m/n on input line 48.
LaTeX Font Info:    ... okay on input line 48.
Package caption Info: Begin \AtBeginDocument code.
Package caption Info: hyperref package is loaded.
Package caption Info: End \AtBeginDocument code.

(/usr/share/texlive/texmf-dist/tex/context/base/supp-pdf.mkii
[Loading MPS to PDF converter (version 2006.09.02).]
\scratchcounter=\count153
\scratchdimen=\dimen262
\scratchbox=\box42
\nofMPsegments=\count154
\nofMParguments=\count155
\everyMPshowfont=\toks46
\MPscratchCnt=\count156
\MPscratchDim=\dimen263
\MPnumerator=\count157
\makeMPintoPDFobject=\count158
\everyMPtoPDFconversion=\toks47
) (/usr/share/texlive/texmf-dist/tex/latex/oberdiek/epstopdf-base.sty
Package: epstopdf-base 2010/02/09 v2.5 Base part for package epstopdf

(/usr/share/texlive/texmf-dist/tex/latex/oberdiek/grfext.sty
Package: grfext 2010/08/19 v1.1 Manage graphics extensions (HO)
)
Package grfext Info: Graphics extension search list:
(grfext)             [.png,.pdf,.jpg,.mps,.jpeg,.jbig2,.jb2,.PNG,.PDF,.JPG,.JPE
G,.JBIG2,.JB2,.eps]
(grfext)             \AppendGraphicsExtensions on input line 452.

(/usr/share/texlive/texmf-dist/tex/latex/latexconfig/epstopdf-sys.cfg
File: epstopdf-sys.cfg 2010/07/13 v1.3 Configuration of (r)epstopdf for TeX Liv
e
))
ABD: EveryShipout initializing macros

Package pgfplots Warning: running in backwards compatibility mode (unsuitable t
ick labels; missing features). Consider writing \pgfplotsset{compat=1.13} into 
your preamble.
 on input line 48.

\AtBeginShipoutBox=\box43
Package hyperref Info: Link coloring OFF on input line 48.
(/usr/share/texlive/texmf-dist/tex/latex/hyperref/nameref.sty
Package: nameref 2012/10/27 v2.43 Cross-referencing by name of section

(/usr/share/texlive/texmf-dist/tex/generic/oberdiek/gettitlestring.sty
Package: gettitlestring 2010/12/03 v1.4 Cleanup title references (HO)
)
\c@section@level=\count159
)
LaTeX Info: Redefining \ref on input line 48.
LaTeX Info: Redefining \pageref on input line 48.
LaTeX Info: Redefining \nameref on input line 48.

(./thesis.out) (./thesis.out)
\@outlinefile=\write5
\openout5 = `thesis.out'.

\openout2 = `titlepage.aux'.

 (./titlepage.tex
Package epstopdf Info: Source file: <ANU.eps>
(epstopdf)                    date: 2003-08-18 22:29:02
(epstopdf)                    size: 168530 bytes
(epstopdf)             Output file: <ANU-eps-converted-to.pdf>
(epstopdf)                    date: 2014-06-05 21:39:26
(epstopdf)                    size: 23177 bytes
(epstopdf)             Command: <epstopdf --outfile=ANU-eps-converted-to.pdf AN
U.eps>
(epstopdf)             \includegraphics on input line 17.
Package epstopdf Info: Output file is already uptodate.

<ANU-eps-converted-to.pdf, id=284, 171.64125pt x 96.36pt>
File: ANU-eps-converted-to.pdf Graphic file (type pdf)

<use ANU-eps-converted-to.pdf>
Package pdftex.def Info: ANU-eps-converted-to.pdf used on input line 17.
(pdftex.def)             Requested size: 171.64081pt x 96.35974pt.
 [1
Non-PDF special ignored!






{/var/lib/texmf/fonts/map/pdftex/updmap/pdftex.map} <./ANU-eps-converted-to.pdf
>]) [2


] (./thesis.toc
LaTeX Font Info:    Try loading font information for U+msa on input line 2.

(/usr/share/texlive/texmf-dist/tex/latex/amsfonts/umsa.fd
File: umsa.fd 2013/01/14 v3.01 AMS symbols A
)
LaTeX Font Info:    Try loading font information for U+msb on input line 2.

(/usr/share/texlive/texmf-dist/tex/latex/amsfonts/umsb.fd
File: umsb.fd 2013/01/14 v3.01 AMS symbols B
)
LaTeX Font Info:    Try loading font information for U+lasy on input line 2.

(/usr/share/texlive/texmf-dist/tex/latex/base/ulasy.fd
File: ulasy.fd 1998/08/17 v2.2e LaTeX symbol font definitions
) [3] [4])
\tf@toc=\write6
\openout6 = `thesis.toc'.

 [5] [6

]
\openout2 = `chp1/chapter.aux'.


(./chp1/chapter.tex
Chapter 1.
) [1


]
\openout2 = `chp2/chapter.aux'.

 (./chp2/chapter.tex [2



]
Chapter 2.
[3] <./chp2/figures/SerreModel.pdf, id=430, 409.93048pt x 183.79265pt>
File: ./chp2/figures/SerreModel.pdf Graphic file (type pdf)

<use ./chp2/figures/SerreModel.pdf>
Package pdftex.def Info: ./chp2/figures/SerreModel.pdf used on input line 43.
(pdftex.def)             Requested size: 412.56496pt x 184.98407pt.
 [4 <./chp2/figures/SerreModel.pdf>]
[5] [6]
Underfull \vbox (badness 2277) has occurred while \output is active []

 [7]
[8] [9] [10]
Underfull \vbox (badness 10000) has occurred while \output is active []

 [11]
[12] [13] [14]
<./chp2/figures/DamBreakStruct/1.pdf, id=632, 250.28908pt x 209.33206pt>
File: ./chp2/figures/DamBreakStruct/1.pdf Graphic file (type pdf)

<use ./chp2/figures/DamBreakStruct/1.pdf>
Package pdftex.def Info: ./chp2/figures/DamBreakStruct/1.pdf used on input line
 309.
(pdftex.def)             Requested size: 206.28247pt x 172.52858pt.

<./chp2/figures/DamBreakStruct/6.pdf, id=633, 250.28908pt x 209.33206pt>
File: ./chp2/figures/DamBreakStruct/6.pdf Graphic file (type pdf)

<use ./chp2/figures/DamBreakStruct/6.pdf>
Package pdftex.def Info: ./chp2/figures/DamBreakStruct/6.pdf used on input line
 314.
(pdftex.def)             Requested size: 206.28247pt x 172.52858pt.

<./chp2/figures/DamBreakStruct/9.pdf, id=634, 250.28908pt x 209.33206pt>
File: ./chp2/figures/DamBreakStruct/9.pdf Graphic file (type pdf)

<use ./chp2/figures/DamBreakStruct/9.pdf>
Package pdftex.def Info: ./chp2/figures/DamBreakStruct/9.pdf used on input line
 319.
(pdftex.def)             Requested size: 206.28247pt x 172.52858pt.

<./chp2/figures/DamBreakStruct/20.pdf, id=635, 250.28908pt x 209.33206pt>
File: ./chp2/figures/DamBreakStruct/20.pdf Graphic file (type pdf)

<use ./chp2/figures/DamBreakStruct/20.pdf>
Package pdftex.def Info: ./chp2/figures/DamBreakStruct/20.pdf used on input lin
e 324.
(pdftex.def)             Requested size: 206.28247pt x 172.52858pt.
) [15] [16 <./chp2/figures/DamBreakStruct/1.pdf> <./chp2/figures/DamBreakStruct
/6.pdf> <./chp2/figures/DamBreakStruct/9.pdf> <./chp2/figures/DamBreakStruct/20
.pdf>]
\openout2 = `chp3/chapter.aux'.

 (./chp3/chapter.tex
Chapter 3.

Overfull \hbox (3.28073pt too wide) in paragraph at lines 6--7
[]\OT1/cmr/m/n/12 For the pur-poses of de-vel-op-ment of a nu-mer-i-cal method 
for the two-dimensional
 []


Underfull \vbox (badness 1117) has occurred while \output is active []

 [17



]
[18] <./chp3/figures/Discretisation.pdf, id=710, 434.89377pt x 205.23375pt>
File: ./chp3/figures/Discretisation.pdf Graphic file (type pdf)

<use ./chp3/figures/Discretisation.pdf>
Package pdftex.def Info: ./chp3/figures/Discretisation.pdf used on input line 4
4.
(pdftex.def)             Requested size: 330.05322pt x 155.76317pt.
LaTeX Font Info:    Font shape `U/lasy/b/n' in size <8> not available
(Font)              Font shape `U/lasy/m/n' tried instead on input line 59.
LaTeX Font Info:    Font shape `U/lasy/b/n' in size <6> not available
(Font)              Font shape `U/lasy/m/n' tried instead on input line 59.
 [19 <./chp3/figures/Discretisation.pdf>]
Underfull \vbox (badness 7064) has occurred while \output is active []

 [20]
<./chp3/figures/FEVMRecon.pdf, id=771, 453.7241pt x 80.39235pt>
File: ./chp3/figures/FEVMRecon.pdf Graphic file (type pdf)

<use ./chp3/figures/FEVMRecon.pdf>
Package pdftex.def Info: ./chp3/figures/FEVMRecon.pdf used on input line 84.
(pdftex.def)             Requested size: 330.05322pt x 58.47983pt.
 [21 <./chp3/figures/FEVMRecon.pdf>] [22]
Underfull \vbox (badness 4967) has occurred while \output is active []

 [23]
[24] <./chp3/figures/P1.pdf, id=843, 429.14629pt x 166.96979pt>
File: ./chp3/figures/P1.pdf Graphic file (type pdf)

<use ./chp3/figures/P1.pdf>
Package pdftex.def Info: ./chp3/figures/P1.pdf used on input line 220.
(pdftex.def)             Requested size: 330.05322pt x 128.41936pt.
 [25]
<./chp3/figures/P2.pdf, id=859, 429.14629pt x 172.1351pt>
File: ./chp3/figures/P2.pdf Graphic file (type pdf)

<use ./chp3/figures/P2.pdf>
Package pdftex.def Info: ./chp3/figures/P2.pdf used on input line 245.
(pdftex.def)             Requested size: 330.05322pt x 132.39207pt.

<./chp3/figures/P3.pdf, id=863, 429.14629pt x 169.63576pt>
File: ./chp3/figures/P3.pdf Graphic file (type pdf)

<use ./chp3/figures/P3.pdf>
Package pdftex.def Info: ./chp3/figures/P3.pdf used on input line 253.
(pdftex.def)             Requested size: 330.05322pt x 130.46979pt.
 [26 <./chp3/figures/P1.pdf> <./chp3/figures/P2.pdf>] [27 <./chp3/figures/P3.pd
f>]
Underfull \vbox (badness 2617) has occurred while \output is active []

 [28]
[29] [30]
Underfull \vbox (badness 1297) has occurred while \output is active []

 [31]
[32] [33] [34] [35] [36]
Underfull \vbox (badness 2573) has occurred while \output is active []

 [37]
Underfull \vbox (badness 10000) has occurred while \output is active []

 [38])
[39]
\openout2 = `chp4/chapter.aux'.

 (./chp4/chapter.tex [40



]
Chapter 4.
[41] [42] [43]
Overfull \hbox (32.70644pt too wide) detected at line 119
 []$[] [] \OML/cmm/m/it/12 UH [][] []  dx \OT1/cmr/m/n/12 + [] \OML/cmm/m/it/12
 U [][] [] []  dx$ 
 []

[44]
Overfull \hbox (5.60402pt too wide) detected at line 123
 []$[]   [] [] [] \OT1/cmr/m/n/12 = [] \OML/cmm/m/it/12 UH[] [] \OT1/cmr/m/n/12
 + [] []\OML/cmm/m/it/12 U []$ 
 []


Underfull \vbox (badness 10000) has occurred while \output is active []

 [45]
Overfull \hbox (59.00398pt too wide) detected at line 142
 []$[] \OT1/cmr/m/n/12 + []\OML/cmm/m/it/12 H[] [] \OT1/cmr/m/n/12 + [] [] []$ 

 []


Underfull \vbox (badness 10000) has occurred while \output is active []

 [46]
Overfull \hbox (69.86505pt too wide) in paragraph at lines 150--150
[] 
 []

[47] [48] [49]
Overfull \hbox (3.3814pt too wide) in paragraph at lines 249--249
[] 
 []

[50] [51] [52]
<./chp4/figures/Stabu0khShallz.pdf, id=1297, 241.22923pt x 209.18953pt>
File: ./chp4/figures/Stabu0khShallz.pdf Graphic file (type pdf)

<use ./chp4/figures/Stabu0khShallz.pdf>
Package pdftex.def Info: ./chp4/figures/Stabu0khShallz.pdf used on input line 3
72.
(pdftex.def)             Requested size: 206.28247pt x 178.89081pt.

<./chp4/figures/Stabu1khShallz.pdf, id=1298, 241.22923pt x 209.18753pt>
File: ./chp4/figures/Stabu1khShallz.pdf Graphic file (type pdf)

<use ./chp4/figures/Stabu1khShallz.pdf>
Package pdftex.def Info: ./chp4/figures/Stabu1khShallz.pdf used on input line 3
76.
(pdftex.def)             Requested size: 206.28247pt x 178.8891pt.
 [53 <./chp4/figures/Stabu0khShallz.pdf> <./chp4/figures/Stabu1khShallz.pdf>]
Overfull \hbox (21.41313pt too wide) in paragraph at lines 419--421
\OT1/cmr/m/n/12 Since $[][]$ and $[][]$ are fi-nite and in-de-pen-dent of $^^A\
OML/cmm/m/it/12 x$ \OT1/cmr/m/n/12 and $^^A\OML/cmm/m/it/12 t$\OT1/cmr/m/n/12 ,
 if $[][] [] =
 []

[54] [55] [56] [57] [58] [59] [60]
<./chp4/figures/Dispu0khShallRez.pdf, id=1406, 254.85413pt x 209.18852pt>
File: ./chp4/figures/Dispu0khShallRez.pdf Graphic file (type pdf)

<use ./chp4/figures/Dispu0khShallRez.pdf>
Package pdftex.def Info: ./chp4/figures/Dispu0khShallRez.pdf used on input line
 621.
(pdftex.def)             Requested size: 206.28247pt x 169.32365pt.

<./chp4/figures/Dispu0khShallImz.pdf, id=1407, 254.85413pt x 209.18852pt>
File: ./chp4/figures/Dispu0khShallImz.pdf Graphic file (type pdf)

<use ./chp4/figures/Dispu0khShallImz.pdf>
Package pdftex.def Info: ./chp4/figures/Dispu0khShallImz.pdf used on input line
 625.
(pdftex.def)             Requested size: 206.28247pt x 169.32365pt.

<./chp4/figures/Dispu0khShallz.pdf, id=1408, 254.85413pt x 209.18953pt>
File: ./chp4/figures/Dispu0khShallz.pdf Graphic file (type pdf)

<use ./chp4/figures/Dispu0khShallz.pdf>
Package pdftex.def Info: ./chp4/figures/Dispu0khShallz.pdf used on input line 6
30.
(pdftex.def)             Requested size: 206.28247pt x 169.32448pt.

<./chp4/figures/Dispu1khShallRez.pdf, id=1409, 254.85413pt x 209.18852pt>
File: ./chp4/figures/Dispu1khShallRez.pdf Graphic file (type pdf)

<use ./chp4/figures/Dispu1khShallRez.pdf>
Package pdftex.def Info: ./chp4/figures/Dispu1khShallRez.pdf used on input line
 640.
(pdftex.def)             Requested size: 206.28247pt x 169.32365pt.

<./chp4/figures/Dispu1khShallImz.pdf, id=1410, 254.85413pt x 209.18852pt>
File: ./chp4/figures/Dispu1khShallImz.pdf Graphic file (type pdf)

<use ./chp4/figures/Dispu1khShallImz.pdf>
Package pdftex.def Info: ./chp4/figures/Dispu1khShallImz.pdf used on input line
 644.
(pdftex.def)             Requested size: 206.28247pt x 169.32365pt.

<./chp4/figures/Dispu1khShallz.pdf, id=1411, 254.85413pt x 209.18953pt>
File: ./chp4/figures/Dispu1khShallz.pdf Graphic file (type pdf)

<use ./chp4/figures/Dispu1khShallz.pdf>
Package pdftex.def Info: ./chp4/figures/Dispu1khShallz.pdf used on input line 6
49.
(pdftex.def)             Requested size: 206.28247pt x 169.32448pt.

<./chp4/figures/Dispu0khFillRez.pdf, id=1412, 254.85413pt x 209.18852pt>
File: ./chp4/figures/Dispu0khFillRez.pdf Graphic file (type pdf)

<use ./chp4/figures/Dispu0khFillRez.pdf>
Package pdftex.def Info: ./chp4/figures/Dispu0khFillRez.pdf used on input line 
659.
(pdftex.def)             Requested size: 206.28247pt x 169.32365pt.

<./chp4/figures/Dispu0khFillImz.pdf, id=1413, 254.85413pt x 209.18852pt>
File: ./chp4/figures/Dispu0khFillImz.pdf Graphic file (type pdf)

<use ./chp4/figures/Dispu0khFillImz.pdf>
Package pdftex.def Info: ./chp4/figures/Dispu0khFillImz.pdf used on input line 
663.
(pdftex.def)             Requested size: 206.28247pt x 169.32365pt.

<./chp4/figures/Dispu0khFillz.pdf, id=1414, 254.85413pt x 209.18953pt>
File: ./chp4/figures/Dispu0khFillz.pdf Graphic file (type pdf)

<use ./chp4/figures/Dispu0khFillz.pdf>
Package pdftex.def Info: ./chp4/figures/Dispu0khFillz.pdf used on input line 66
8.
(pdftex.def)             Requested size: 206.28247pt x 169.32448pt.

<./chp4/figures/Dispu1khFillRez.pdf, id=1415, 254.85413pt x 209.18852pt>
File: ./chp4/figures/Dispu1khFillRez.pdf Graphic file (type pdf)

<use ./chp4/figures/Dispu1khFillRez.pdf>
Package pdftex.def Info: ./chp4/figures/Dispu1khFillRez.pdf used on input line 
678.
(pdftex.def)             Requested size: 206.28247pt x 169.32365pt.

<./chp4/figures/Dispu1khFillImz.pdf, id=1416, 254.85413pt x 209.18852pt>
File: ./chp4/figures/Dispu1khFillImz.pdf Graphic file (type pdf)

<use ./chp4/figures/Dispu1khFillImz.pdf>
Package pdftex.def Info: ./chp4/figures/Dispu1khFillImz.pdf used on input line 
682.
(pdftex.def)             Requested size: 206.28247pt x 169.32365pt.

<./chp4/figures/Dispu1khFillz.pdf, id=1417, 254.85413pt x 209.18953pt>
File: ./chp4/figures/Dispu1khFillz.pdf Graphic file (type pdf)

<use ./chp4/figures/Dispu1khFillz.pdf>
Package pdftex.def Info: ./chp4/figures/Dispu1khFillz.pdf used on input line 68
7.
(pdftex.def)             Requested size: 206.28247pt x 169.32448pt.

Overfull \hbox (33.40346pt too wide) in paragraph at lines 735--744
[][] 
 []

) [61] [62 <./chp4/figures/Dispu0khShallRez.pdf> <./chp4/figures/Dispu0khShallI
mz.pdf> <./chp4/figures/Dispu0khShallz.pdf>] [63 <./chp4/figures/Dispu1khShallR
ez.pdf> <./chp4/figures/Dispu1khShallImz.pdf> <./chp4/figures/Dispu1khShallz.pd
f>] [64 <./chp4/figures/Dispu0khFillRez.pdf> <./chp4/figures/Dispu0khFillImz.pd
f> <./chp4/figures/Dispu0khFillz.pdf>] [65 <./chp4/figures/Dispu1khFillRez.pdf>
 <./chp4/figures/Dispu1khFillImz.pdf> <./chp4/figures/Dispu1khFillz.pdf>]
[66] [67]
\openout2 = `chp5/chapter.aux'.

 (./chp5/chapter.tex [68



]
Chapter 5.

Underfull \vbox (badness 10000) has occurred while \output is active []

 [69]
[70]
Underfull \vbox (badness 10000) has occurred while \output is active []

 [71]
<./chp5/figures/Analytic/Soliton/Example/FDVM1.pdf, id=1650, 250.29109pt x 209.
33206pt>
File: ./chp5/figures/Analytic/Soliton/Example/FDVM1.pdf Graphic file (type pdf)

 <use ./chp5/figures/Analytic/Soliton/Example/FDVM1.pdf>
Package pdftex.def Info: ./chp5/figures/Analytic/Soliton/Example/FDVM1.pdf used
 on input line 63.
(pdftex.def)             Requested size: 206.28247pt x 172.52858pt.

<./chp5/figures/Analytic/Soliton/Example/FDVM2.pdf, id=1651, 250.29109pt x 209.
33206pt>
File: ./chp5/figures/Analytic/Soliton/Example/FDVM2.pdf Graphic file (type pdf)

 <use ./chp5/figures/Analytic/Soliton/Example/FDVM2.pdf>
Package pdftex.def Info: ./chp5/figures/Analytic/Soliton/Example/FDVM2.pdf used
 on input line 68.
(pdftex.def)             Requested size: 206.28247pt x 172.52858pt.

<./chp5/figures/Analytic/Soliton/Example/FEVM2.pdf, id=1652, 250.29109pt x 209.
33206pt>
File: ./chp5/figures/Analytic/Soliton/Example/FEVM2.pdf Graphic file (type pdf)

 <use ./chp5/figures/Analytic/Soliton/Example/FEVM2.pdf>
Package pdftex.def Info: ./chp5/figures/Analytic/Soliton/Example/FEVM2.pdf used
 on input line 73.
(pdftex.def)             Requested size: 206.28247pt x 172.52858pt.

<./chp5/figures/Analytic/Soliton/Example/FDVM3.pdf, id=1653, 250.29109pt x 209.
33206pt>
File: ./chp5/figures/Analytic/Soliton/Example/FDVM3.pdf Graphic file (type pdf)

 <use ./chp5/figures/Analytic/Soliton/Example/FDVM3.pdf>
Package pdftex.def Info: ./chp5/figures/Analytic/Soliton/Example/FDVM3.pdf used
 on input line 78.
(pdftex.def)             Requested size: 206.28247pt x 172.52858pt.

<./chp5/figures/Analytic/Soliton/Example/D.pdf, id=1654, 250.29109pt x 209.3320
6pt>
File: ./chp5/figures/Analytic/Soliton/Example/D.pdf Graphic file (type pdf)
 <use ./chp5/figures/Analytic/Soliton/Example/D.pdf>
Package pdftex.def Info: ./chp5/figures/Analytic/Soliton/Example/D.pdf used on 
input line 83.
(pdftex.def)             Requested size: 206.28247pt x 172.52858pt.

<./chp5/figures/Analytic/Soliton/Example/W.pdf, id=1655, 250.29109pt x 209.3320
6pt>
File: ./chp5/figures/Analytic/Soliton/Example/W.pdf Graphic file (type pdf)
 <use ./chp5/figures/Analytic/Soliton/Example/W.pdf>
Package pdftex.def Info: ./chp5/figures/Analytic/Soliton/Example/W.pdf used on 
input line 88.
(pdftex.def)             Requested size: 206.28247pt x 172.52858pt.


LaTeX Warning: Float too large for page by 33.83755pt on input line 94.

[72] [73 <./chp5/figures/Analytic/Soliton/Example/FDVM1.pdf> <./chp5/figures/An
alytic/Soliton/Example/FDVM2.pdf> <./chp5/figures/Analytic/Soliton/Example/FEVM
2.pdf> <./chp5/figures/Analytic/Soliton/Example/FDVM3.pdf> <./chp5/figures/Anal
ytic/Soliton/Example/D.pdf> <./chp5/figures/Analytic/Soliton/Example/W.pdf>]
<./chp5/figures/Analytic/Soliton/L1/FDVM1.pdf, id=1716, 259.67715pt x 207.73209
pt>
File: ./chp5/figures/Analytic/Soliton/L1/FDVM1.pdf Graphic file (type pdf)
 <use ./chp5/figures/Analytic/Soliton/L1/FDVM1.pdf>
Package pdftex.def Info: ./chp5/figures/Analytic/Soliton/L1/FDVM1.pdf used on i
nput line 112.
(pdftex.def)             Requested size: 206.28247pt x 165.01942pt.

<./chp5/figures/Analytic/Soliton/L1/FDVM2.pdf, id=1717, 259.67715pt x 207.73209
pt>
File: ./chp5/figures/Analytic/Soliton/L1/FDVM2.pdf Graphic file (type pdf)
 <use ./chp5/figures/Analytic/Soliton/L1/FDVM2.pdf>
Package pdftex.def Info: ./chp5/figures/Analytic/Soliton/L1/FDVM2.pdf used on i
nput line 117.
(pdftex.def)             Requested size: 206.28247pt x 165.01942pt.

<./chp5/figures/Analytic/Soliton/L1/FEVM2.pdf, id=1718, 259.67715pt x 207.73209
pt>
File: ./chp5/figures/Analytic/Soliton/L1/FEVM2.pdf Graphic file (type pdf)
 <use ./chp5/figures/Analytic/Soliton/L1/FEVM2.pdf>
Package pdftex.def Info: ./chp5/figures/Analytic/Soliton/L1/FEVM2.pdf used on i
nput line 122.
(pdftex.def)             Requested size: 206.28247pt x 165.01942pt.

<./chp5/figures/Analytic/Soliton/L1/FDVM3.pdf, id=1719, 259.67715pt x 207.73209
pt>
File: ./chp5/figures/Analytic/Soliton/L1/FDVM3.pdf Graphic file (type pdf)
 <use ./chp5/figures/Analytic/Soliton/L1/FDVM3.pdf>
Package pdftex.def Info: ./chp5/figures/Analytic/Soliton/L1/FDVM3.pdf used on i
nput line 127.
(pdftex.def)             Requested size: 206.28247pt x 165.01942pt.

<./chp5/figures/Analytic/Soliton/L1/D.pdf, id=1720, 259.67715pt x 207.73209pt>
File: ./chp5/figures/Analytic/Soliton/L1/D.pdf Graphic file (type pdf)

<use ./chp5/figures/Analytic/Soliton/L1/D.pdf>
Package pdftex.def Info: ./chp5/figures/Analytic/Soliton/L1/D.pdf used on input
 line 132.
(pdftex.def)             Requested size: 206.28247pt x 165.01942pt.

<./chp5/figures/Analytic/Soliton/L1/W.pdf, id=1721, 259.67715pt x 207.73209pt>
File: ./chp5/figures/Analytic/Soliton/L1/W.pdf Graphic file (type pdf)

<use ./chp5/figures/Analytic/Soliton/L1/W.pdf>
Package pdftex.def Info: ./chp5/figures/Analytic/Soliton/L1/W.pdf used on input
 line 137.
(pdftex.def)             Requested size: 206.28247pt x 165.01942pt.


LaTeX Warning: Float too large for page by 11.31009pt on input line 143.

[74] [75 <./chp5/figures/Analytic/Soliton/L1/FDVM1.pdf> <./chp5/figures/Analyti
c/Soliton/L1/FDVM2.pdf> <./chp5/figures/Analytic/Soliton/L1/FEVM2.pdf> <./chp5/
figures/Analytic/Soliton/L1/FDVM3.pdf> <./chp5/figures/Analytic/Soliton/L1/D.pd
f> <./chp5/figures/Analytic/Soliton/L1/W.pdf>]
<./chp5/figures/Analytic/LakeAtRest/Example/FEVMWB.pdf, id=1840, 261.25406pt x 
210.3298pt>
File: ./chp5/figures/Analytic/LakeAtRest/Example/FEVMWB.pdf Graphic file (type 
pdf)
 <use ./chp5/figures/Analytic/LakeAtRest/Example/FEVMWB.pdf>
Package pdftex.def Info: ./chp5/figures/Analytic/LakeAtRest/Example/FEVMWB.pdf 
used on input line 223.
(pdftex.def)             Requested size: 206.28247pt x 166.07527pt.

<./chp5/figures/Analytic/LakeAtRest/Example/FEVMnWB.pdf, id=1841, 261.25406pt x
 210.3298pt>
File: ./chp5/figures/Analytic/LakeAtRest/Example/FEVMnWB.pdf Graphic file (type
 pdf)
 <use ./chp5/figures/Analytic/LakeAtRest/Example/FEVMnWB.pdf>
Package pdftex.def Info: ./chp5/figures/Analytic/LakeAtRest/Example/FEVMnWB.pdf
 used on input line 228.
(pdftex.def)             Requested size: 206.28247pt x 166.07527pt.

<./chp5/figures/Analytic/LakeAtRest/Example/FDVMWB.pdf, id=1842, 261.25406pt x 
210.3298pt>
File: ./chp5/figures/Analytic/LakeAtRest/Example/FDVMWB.pdf Graphic file (type 
pdf)
 <use ./chp5/figures/Analytic/LakeAtRest/Example/FDVMWB.pdf>
Package pdftex.def Info: ./chp5/figures/Analytic/LakeAtRest/Example/FDVMWB.pdf 
used on input line 233.
(pdftex.def)             Requested size: 206.28247pt x 166.07527pt.

<./chp5/figures/Analytic/LakeAtRest/Example/FDVMnWB.pdf, id=1843, 261.25406pt x
 210.3298pt>
File: ./chp5/figures/Analytic/LakeAtRest/Example/FDVMnWB.pdf Graphic file (type
 pdf)
 <use ./chp5/figures/Analytic/LakeAtRest/Example/FDVMnWB.pdf>
Package pdftex.def Info: ./chp5/figures/Analytic/LakeAtRest/Example/FDVMnWB.pdf
 used on input line 238.
(pdftex.def)             Requested size: 206.28247pt x 166.07527pt.

<./chp5/figures/Analytic/LakeAtRest/L1/FEVMWB.pdf, id=1844, 259.67715pt x 207.7
3108pt>
File: ./chp5/figures/Analytic/LakeAtRest/L1/FEVMWB.pdf Graphic file (type pdf)
 <use ./chp5/figures/Analytic/LakeAtRest/L1/FEVMWB.pdf>
Package pdftex.def Info: ./chp5/figures/Analytic/LakeAtRest/L1/FEVMWB.pdf used 
on input line 249.
(pdftex.def)             Requested size: 206.28247pt x 165.01862pt.

<./chp5/figures/Analytic/LakeAtRest/L1/FEVMnWB.pdf, id=1845, 259.67715pt x 207.
73108pt>
File: ./chp5/figures/Analytic/LakeAtRest/L1/FEVMnWB.pdf Graphic file (type pdf)

 <use ./chp5/figures/Analytic/LakeAtRest/L1/FEVMnWB.pdf>
Package pdftex.def Info: ./chp5/figures/Analytic/LakeAtRest/L1/FEVMnWB.pdf used
 on input line 254.
(pdftex.def)             Requested size: 206.28247pt x 165.01862pt.

<./chp5/figures/Analytic/LakeAtRest/L1/FDVMWB.pdf, id=1846, 259.67715pt x 207.7
3108pt>
File: ./chp5/figures/Analytic/LakeAtRest/L1/FDVMWB.pdf Graphic file (type pdf)
 <use ./chp5/figures/Analytic/LakeAtRest/L1/FDVMWB.pdf>
Package pdftex.def Info: ./chp5/figures/Analytic/LakeAtRest/L1/FDVMWB.pdf used 
on input line 259.
(pdftex.def)             Requested size: 206.28247pt x 165.01862pt.

<./chp5/figures/Analytic/LakeAtRest/L1/FDVMnWB.pdf, id=1847, 259.67715pt x 207.
73108pt>
File: ./chp5/figures/Analytic/LakeAtRest/L1/FDVMnWB.pdf Graphic file (type pdf)

 <use ./chp5/figures/Analytic/LakeAtRest/L1/FDVMnWB.pdf>
Package pdftex.def Info: ./chp5/figures/Analytic/LakeAtRest/L1/FDVMnWB.pdf used
 on input line 264.
(pdftex.def)             Requested size: 206.28247pt x 165.01862pt.
 [76] [77 <./chp5/figures/Analytic/LakeAtRest/Example/FEVMWB.pdf> <./chp5/figur
es/Analytic/LakeAtRest/Example/FEVMnWB.pdf> <./chp5/figures/Analytic/LakeAtRest
/Example/FDVMWB.pdf> <./chp5/figures/Analytic/LakeAtRest/Example/FDVMnWB.pdf>] 
[78 <./chp5/figures/Analytic/LakeAtRest/L1/FEVMWB.pdf> <./chp5/figures/Analytic
/LakeAtRest/L1/FEVMnWB.pdf> <./chp5/figures/Analytic/LakeAtRest/L1/FDVMWB.pdf> 
<./chp5/figures/Analytic/LakeAtRest/L1/FDVMnWB.pdf>] [79]
<./chp5/figures/Forced/Wet/FEVMExw.pdf, id=1988, 247.54382pt x 210.3318pt>
File: ./chp5/figures/Forced/Wet/FEVMExw.pdf Graphic file (type pdf)

<use ./chp5/figures/Forced/Wet/FEVMExw.pdf>
Package pdftex.def Info: ./chp5/figures/Forced/Wet/FEVMExw.pdf used on input li
ne 318.
(pdftex.def)             Requested size: 206.28247pt x 175.2814pt.

<./chp5/figures/Forced/Wet/FEVMExh.pdf, id=1989, 253.22404pt x 210.32578pt>
File: ./chp5/figures/Forced/Wet/FEVMExh.pdf Graphic file (type pdf)

<use ./chp5/figures/Forced/Wet/FEVMExh.pdf>
Package pdftex.def Info: ./chp5/figures/Forced/Wet/FEVMExh.pdf used on input li
ne 323.
(pdftex.def)             Requested size: 206.28247pt x 171.33856pt.

<./chp5/figures/Forced/Wet/FEVMExG.pdf, id=1990, 263.42816pt x 210.3318pt>
File: ./chp5/figures/Forced/Wet/FEVMExG.pdf Graphic file (type pdf)

<use ./chp5/figures/Forced/Wet/FEVMExG.pdf>
Package pdftex.def Info: ./chp5/figures/Forced/Wet/FEVMExG.pdf used on input li
ne 328.
(pdftex.def)             Requested size: 206.28247pt x 164.70642pt.

<./chp5/figures/Forced/Wet/FEVMExu.pdf, id=1991, 262.5579pt x 210.32578pt>
File: ./chp5/figures/Forced/Wet/FEVMExu.pdf Graphic file (type pdf)

<use ./chp5/figures/Forced/Wet/FEVMExu.pdf>
Package pdftex.def Info: ./chp5/figures/Forced/Wet/FEVMExu.pdf used on input li
ne 333.
(pdftex.def)             Requested size: 206.28247pt x 165.2505pt.

<./chp5/figures/Forced/Wet/FDVMExw.pdf, id=1992, 247.54382pt x 210.3318pt>
File: ./chp5/figures/Forced/Wet/FDVMExw.pdf Graphic file (type pdf)

<use ./chp5/figures/Forced/Wet/FDVMExw.pdf>
Package pdftex.def Info: ./chp5/figures/Forced/Wet/FDVMExw.pdf used on input li
ne 344.
(pdftex.def)             Requested size: 206.28247pt x 175.2814pt.

<./chp5/figures/Forced/Wet/FDVMExh.pdf, id=1993, 253.22404pt x 210.32578pt>
File: ./chp5/figures/Forced/Wet/FDVMExh.pdf Graphic file (type pdf)

<use ./chp5/figures/Forced/Wet/FDVMExh.pdf>
Package pdftex.def Info: ./chp5/figures/Forced/Wet/FDVMExh.pdf used on input li
ne 349.
(pdftex.def)             Requested size: 206.28247pt x 171.33856pt.

<./chp5/figures/Forced/Wet/FDVMExG.pdf, id=1994, 263.42816pt x 210.3318pt>
File: ./chp5/figures/Forced/Wet/FDVMExG.pdf Graphic file (type pdf)

<use ./chp5/figures/Forced/Wet/FDVMExG.pdf>
Package pdftex.def Info: ./chp5/figures/Forced/Wet/FDVMExG.pdf used on input li
ne 354.
(pdftex.def)             Requested size: 206.28247pt x 164.70642pt.

<./chp5/figures/Forced/Wet/FDVMExu.pdf, id=1995, 262.5579pt x 210.32578pt>
File: ./chp5/figures/Forced/Wet/FDVMExu.pdf Graphic file (type pdf)

<use ./chp5/figures/Forced/Wet/FDVMExu.pdf>
Package pdftex.def Info: ./chp5/figures/Forced/Wet/FDVMExu.pdf used on input li
ne 359.
(pdftex.def)             Requested size: 206.28247pt x 165.2505pt.

<./chp5/figures/Forced/Wet/FEVML1.pdf, id=1996, 259.67715pt x 207.73209pt>
File: ./chp5/figures/Forced/Wet/FEVML1.pdf Graphic file (type pdf)

<use ./chp5/figures/Forced/Wet/FEVML1.pdf>
Package pdftex.def Info: ./chp5/figures/Forced/Wet/FEVML1.pdf used on input lin
e 371.
(pdftex.def)             Requested size: 206.28247pt x 165.01942pt.

<./chp5/figures/Forced/Wet/FDVML1.pdf, id=1997, 259.67715pt x 207.73209pt>
File: ./chp5/figures/Forced/Wet/FDVML1.pdf Graphic file (type pdf)

<use ./chp5/figures/Forced/Wet/FDVML1.pdf>
Package pdftex.def Info: ./chp5/figures/Forced/Wet/FDVML1.pdf used on input lin
e 377.
(pdftex.def)             Requested size: 206.28247pt x 165.01942pt.

<./chp5/figures/Forced/Dry/P2P/FEVMExw.pdf, id=2005, 256.68297pt x 210.3318pt>
File: ./chp5/figures/Forced/Dry/P2P/FEVMExw.pdf Graphic file (type pdf)

<use ./chp5/figures/Forced/Dry/P2P/FEVMExw.pdf>
Package pdftex.def Info: ./chp5/figures/Forced/Dry/P2P/FEVMExw.pdf used on inpu
t line 403.
(pdftex.def)             Requested size: 206.28247pt x 169.03911pt.

<./chp5/figures/Forced/Dry/P2P/FEVMExh.pdf, id=2006, 256.68297pt x 210.3318pt>
File: ./chp5/figures/Forced/Dry/P2P/FEVMExh.pdf Graphic file (type pdf)

<use ./chp5/figures/Forced/Dry/P2P/FEVMExh.pdf>
Package pdftex.def Info: ./chp5/figures/Forced/Dry/P2P/FEVMExh.pdf used on inpu
t line 408.
(pdftex.def)             Requested size: 206.28247pt x 169.03911pt.

<./chp5/figures/Forced/Dry/P2P/FEVMExG.pdf, id=2007, 257.55322pt x 210.3318pt>
File: ./chp5/figures/Forced/Dry/P2P/FEVMExG.pdf Graphic file (type pdf)

<use ./chp5/figures/Forced/Dry/P2P/FEVMExG.pdf>
Package pdftex.def Info: ./chp5/figures/Forced/Dry/P2P/FEVMExG.pdf used on inpu
t line 413.
(pdftex.def)             Requested size: 206.28247pt x 168.46463pt.

<./chp5/figures/Forced/Dry/P2P/FEVMExu.pdf, id=2008, 256.68297pt x 210.3318pt>
File: ./chp5/figures/Forced/Dry/P2P/FEVMExu.pdf Graphic file (type pdf)

<use ./chp5/figures/Forced/Dry/P2P/FEVMExu.pdf>
Package pdftex.def Info: ./chp5/figures/Forced/Dry/P2P/FEVMExu.pdf used on inpu
t line 418.
(pdftex.def)             Requested size: 206.28247pt x 169.03911pt.

<./chp5/figures/Forced/Dry/P2P/FDVMExw.pdf, id=2009, 256.68297pt x 210.3318pt>
File: ./chp5/figures/Forced/Dry/P2P/FDVMExw.pdf Graphic file (type pdf)

<use ./chp5/figures/Forced/Dry/P2P/FDVMExw.pdf>
Package pdftex.def Info: ./chp5/figures/Forced/Dry/P2P/FDVMExw.pdf used on inpu
t line 429.
(pdftex.def)             Requested size: 206.28247pt x 169.03911pt.

<./chp5/figures/Forced/Dry/P2P/FDVMExh.pdf, id=2010, 256.68297pt x 210.3318pt>
File: ./chp5/figures/Forced/Dry/P2P/FDVMExh.pdf Graphic file (type pdf)

<use ./chp5/figures/Forced/Dry/P2P/FDVMExh.pdf>
Package pdftex.def Info: ./chp5/figures/Forced/Dry/P2P/FDVMExh.pdf used on inpu
t line 434.
(pdftex.def)             Requested size: 206.28247pt x 169.03911pt.

<./chp5/figures/Forced/Dry/P2P/FDVMExG.pdf, id=2011, 257.55322pt x 210.3318pt>
File: ./chp5/figures/Forced/Dry/P2P/FDVMExG.pdf Graphic file (type pdf)

<use ./chp5/figures/Forced/Dry/P2P/FDVMExG.pdf>
Package pdftex.def Info: ./chp5/figures/Forced/Dry/P2P/FDVMExG.pdf used on inpu
t line 439.
(pdftex.def)             Requested size: 206.28247pt x 168.46463pt.

<./chp5/figures/Forced/Dry/P2P/FDVMExu.pdf, id=2012, 256.68297pt x 210.3318pt>
File: ./chp5/figures/Forced/Dry/P2P/FDVMExu.pdf Graphic file (type pdf)

<use ./chp5/figures/Forced/Dry/P2P/FDVMExu.pdf>
Package pdftex.def Info: ./chp5/figures/Forced/Dry/P2P/FDVMExu.pdf used on inpu
t line 444.
(pdftex.def)             Requested size: 206.28247pt x 169.03911pt.

<./chp5/figures/Forced/Dry/P2P/FEVML1.pdf, id=2013, 259.67715pt x 207.73209pt>
File: ./chp5/figures/Forced/Dry/P2P/FEVML1.pdf Graphic file (type pdf)

<use ./chp5/figures/Forced/Dry/P2P/FEVML1.pdf>
Package pdftex.def Info: ./chp5/figures/Forced/Dry/P2P/FEVML1.pdf used on input
 line 456.
(pdftex.def)             Requested size: 206.28247pt x 165.01942pt.

<./chp5/figures/Forced/Dry/P2P/FDVML1.pdf, id=2014, 259.67715pt x 207.73209pt>
File: ./chp5/figures/Forced/Dry/P2P/FDVML1.pdf Graphic file (type pdf)

<use ./chp5/figures/Forced/Dry/P2P/FDVML1.pdf>
Package pdftex.def Info: ./chp5/figures/Forced/Dry/P2P/FDVML1.pdf used on input
 line 462.
(pdftex.def)             Requested size: 206.28247pt x 165.01942pt.

<./chp5/figures/Forced/Dry/P2P/FEVML1red.pdf, id=2015, 259.67715pt x 207.73209p
t>
File: ./chp5/figures/Forced/Dry/P2P/FEVML1red.pdf Graphic file (type pdf)
 <use ./chp5/figures/Forced/Dry/P2P/FEVML1red.pdf>
Package pdftex.def Info: ./chp5/figures/Forced/Dry/P2P/FEVML1red.pdf used on in
put line 473.
(pdftex.def)             Requested size: 206.28247pt x 165.01942pt.

<./chp5/figures/Forced/Dry/P2P/FDVML1red.pdf, id=2016, 259.67715pt x 207.73209p
t>
File: ./chp5/figures/Forced/Dry/P2P/FDVML1red.pdf Graphic file (type pdf)
 <use ./chp5/figures/Forced/Dry/P2P/FDVML1red.pdf>
Package pdftex.def Info: ./chp5/figures/Forced/Dry/P2P/FDVML1red.pdf used on in
put line 479.
(pdftex.def)             Requested size: 206.28247pt x 165.01942pt.
) [80] [81 <./chp5/figures/Forced/Wet/FEVMExw.pdf> <./chp5/figures/Forced/Wet/F
EVMExh.pdf> <./chp5/figures/Forced/Wet/FEVMExG.pdf> <./chp5/figures/Forced/Wet/
FEVMExu.pdf>] [82 <./chp5/figures/Forced/Wet/FDVMExw.pdf> <./chp5/figures/Force
d/Wet/FDVMExh.pdf> <./chp5/figures/Forced/Wet/FDVMExG.pdf> <./chp5/figures/Forc
ed/Wet/FDVMExu.pdf>]
[83 <./chp5/figures/Forced/Wet/FEVML1.pdf> <./chp5/figures/Forced/Wet/FDVML1.pd
f>] [84 <./chp5/figures/Forced/Dry/P2P/FEVMExw.pdf> <./chp5/figures/Forced/Dry/
P2P/FEVMExh.pdf> <./chp5/figures/Forced/Dry/P2P/FEVMExG.pdf> <./chp5/figures/Fo
rced/Dry/P2P/FEVMExu.pdf>] [85 <./chp5/figures/Forced/Dry/P2P/FDVMExw.pdf> <./c
hp5/figures/Forced/Dry/P2P/FDVMExh.pdf> <./chp5/figures/Forced/Dry/P2P/FDVMExG.
pdf> <./chp5/figures/Forced/Dry/P2P/FDVMExu.pdf>] [86 <./chp5/figures/Forced/Dr
y/P2P/FEVML1.pdf> <./chp5/figures/Forced/Dry/P2P/FDVML1.pdf> <./chp5/figures/Fo
rced/Dry/P2P/FEVML1red.pdf> <./chp5/figures/Forced/Dry/P2P/FDVML1red.pdf>]
\openout2 = `chp6/chapter.aux'.


(./chp6/chapter.tex
Chapter 6.
[87



]
<./chp6/figures/Experiment/Segur/WaveTank.pdf, id=2332, 440.02191pt x 212.45874
pt>
File: ./chp6/figures/Experiment/Segur/WaveTank.pdf Graphic file (type pdf)
 <use ./chp6/figures/Experiment/Segur/WaveTank.pdf>
Package pdftex.def Info: ./chp6/figures/Experiment/Segur/WaveTank.pdf used on i
nput line 34.
(pdftex.def)             Requested size: 412.56496pt x 199.20874pt.


Package hyperref Warning: Token not allowed in a PDF string (PDFDocEncoding):
(hyperref)                removing `math shift' on input line 39.


Package hyperref Warning: Token not allowed in a PDF string (PDFDocEncoding):
(hyperref)                removing `math shift' on input line 39.

[88 <./chp6/figures/Experiment/Segur/WaveTank.pdf>]
<./chp6/figures/Experiment/Segur/LongWGsFEVM1cm.pdf, id=2360, 461.49513pt x 550
.86705pt>
File: ./chp6/figures/Experiment/Segur/LongWGsFEVM1cm.pdf Graphic file (type pdf
)
 <use ./chp6/figures/Experiment/Segur/LongWGsFEVM1cm.pdf>
Package pdftex.def Info: ./chp6/figures/Experiment/Segur/LongWGsFEVM1cm.pdf use
d on input line 62.
(pdftex.def)             Requested size: 412.56496pt x 492.48077pt.

<./chp6/figures/Experiment/Segur/LongWGsFDVM1cm.pdf, id=2361, 461.49513pt x 550
.86705pt>
File: ./chp6/figures/Experiment/Segur/LongWGsFDVM1cm.pdf Graphic file (type pdf
)
 <use ./chp6/figures/Experiment/Segur/LongWGsFDVM1cm.pdf>
Package pdftex.def Info: ./chp6/figures/Experiment/Segur/LongWGsFDVM1cm.pdf use
d on input line 68.
(pdftex.def)             Requested size: 412.56496pt x 492.48077pt.


Package hyperref Warning: Token not allowed in a PDF string (PDFDocEncoding):
(hyperref)                removing `math shift' on input line 104.


Package hyperref Warning: Token not allowed in a PDF string (PDFDocEncoding):
(hyperref)                removing `math shift' on input line 104.


Underfull \vbox (badness 2970) has occurred while \output is active []

 [89]
[90 <./chp6/figures/Experiment/Segur/LongWGsFEVM1cm.pdf>] [91 <./chp6/figures/E
xperiment/Segur/LongWGsFDVM1cm.pdf>]
<./chp6/figures/Experiment/Segur/LongWGsFEVM3cm.pdf, id=2413, 461.49513pt x 550
.87006pt>
File: ./chp6/figures/Experiment/Segur/LongWGsFEVM3cm.pdf Graphic file (type pdf
)
 <use ./chp6/figures/Experiment/Segur/LongWGsFEVM3cm.pdf>
Package pdftex.def Info: ./chp6/figures/Experiment/Segur/LongWGsFEVM3cm.pdf use
d on input line 114.
(pdftex.def)             Requested size: 412.56496pt x 492.48347pt.

<./chp6/figures/Experiment/Segur/LongWGsFDVM3cm.pdf, id=2414, 461.49513pt x 550
.87006pt>
File: ./chp6/figures/Experiment/Segur/LongWGsFDVM3cm.pdf Graphic file (type pdf
)
 <use ./chp6/figures/Experiment/Segur/LongWGsFDVM3cm.pdf>
Package pdftex.def Info: ./chp6/figures/Experiment/Segur/LongWGsFDVM3cm.pdf use
d on input line 120.
(pdftex.def)             Requested size: 412.56496pt x 492.48347pt.

Underfull \vbox (badness 10000) has occurred while \output is active []

 [92]
[93 <./chp6/figures/Experiment/Segur/LongWGsFEVM3cm.pdf>] [94 <./chp6/figures/E
xperiment/Segur/LongWGsFDVM3cm.pdf>]
Overfull \hbox (7.03624pt too wide) in paragraph at lines 159--160
[]\OT1/cmr/m/n/12 Two si-nu-soidal monochro-matic non-breaking wave ex-per-i-me
nts were con-ducted.
 []


Overfull \hbox (15.94446pt too wide) in paragraph at lines 161--162
[]\OT1/cmr/m/n/12 We nu-mer-i-cally sim-u-lated these ex-per-i-ments over the s
pa-tial do-main $[]$
 []

[95]
<./chp6/figures/Experiment/Beji/BejiTank.pdf, id=2477, 593.11688pt x 284.90942p
t>
File: ./chp6/figures/Experiment/Beji/BejiTank.pdf Graphic file (type pdf)
 <use ./chp6/figures/Experiment/Beji/BejiTank.pdf>
Package pdftex.def Info: ./chp6/figures/Experiment/Beji/BejiTank.pdf used on in
put line 171.
(pdftex.def)             Requested size: 412.56496pt x 198.18318pt.
 [96 <./chp6/figures/Experiment/Beji/BejiTank.pdf>]
<./chp6/figures/Experiment/Beji/sl/FEVMWG1.pdf, id=2502, 262.5569pt x 209.32805
pt>
File: ./chp6/figures/Experiment/Beji/sl/FEVMWG1.pdf Graphic file (type pdf)
 <use ./chp6/figures/Experiment/Beji/sl/FEVMWG1.pdf>
Package pdftex.def Info: ./chp6/figures/Experiment/Beji/sl/FEVMWG1.pdf used on 
input line 188.
(pdftex.def)             Requested size: 206.28247pt x 164.4666pt.

<./chp6/figures/Experiment/Beji/sl/FEVMWG2.pdf, id=2503, 262.5569pt x 209.32805
pt>
File: ./chp6/figures/Experiment/Beji/sl/FEVMWG2.pdf Graphic file (type pdf)
 <use ./chp6/figures/Experiment/Beji/sl/FEVMWG2.pdf>
Package pdftex.def Info: ./chp6/figures/Experiment/Beji/sl/FEVMWG2.pdf used on 
input line 193.
(pdftex.def)             Requested size: 206.28247pt x 164.4666pt.

<./chp6/figures/Experiment/Beji/sl/FEVMWG3.pdf, id=2504, 262.5569pt x 209.32805
pt>
File: ./chp6/figures/Experiment/Beji/sl/FEVMWG3.pdf Graphic file (type pdf)
 <use ./chp6/figures/Experiment/Beji/sl/FEVMWG3.pdf>
Package pdftex.def Info: ./chp6/figures/Experiment/Beji/sl/FEVMWG3.pdf used on 
input line 198.
(pdftex.def)             Requested size: 206.28247pt x 164.4666pt.

<./chp6/figures/Experiment/Beji/sl/FEVMWG4.pdf, id=2505, 262.5569pt x 209.32805
pt>
File: ./chp6/figures/Experiment/Beji/sl/FEVMWG4.pdf Graphic file (type pdf)
 <use ./chp6/figures/Experiment/Beji/sl/FEVMWG4.pdf>
Package pdftex.def Info: ./chp6/figures/Experiment/Beji/sl/FEVMWG4.pdf used on 
input line 203.
(pdftex.def)             Requested size: 206.28247pt x 164.4666pt.

<./chp6/figures/Experiment/Beji/sl/FEVMWG5.pdf, id=2506, 262.5569pt x 209.32805
pt>
File: ./chp6/figures/Experiment/Beji/sl/FEVMWG5.pdf Graphic file (type pdf)
 <use ./chp6/figures/Experiment/Beji/sl/FEVMWG5.pdf>
Package pdftex.def Info: ./chp6/figures/Experiment/Beji/sl/FEVMWG5.pdf used on 
input line 214.
(pdftex.def)             Requested size: 206.28247pt x 164.4666pt.

<./chp6/figures/Experiment/Beji/sl/FEVMWG6.pdf, id=2507, 262.5569pt x 209.32805
pt>
File: ./chp6/figures/Experiment/Beji/sl/FEVMWG6.pdf Graphic file (type pdf)
 <use ./chp6/figures/Experiment/Beji/sl/FEVMWG6.pdf>
Package pdftex.def Info: ./chp6/figures/Experiment/Beji/sl/FEVMWG6.pdf used on 
input line 219.
(pdftex.def)             Requested size: 206.28247pt x 164.4666pt.

<./chp6/figures/Experiment/Beji/sl/FEVMWG7.pdf, id=2508, 262.5569pt x 209.32805
pt>
File: ./chp6/figures/Experiment/Beji/sl/FEVMWG7.pdf Graphic file (type pdf)
 <use ./chp6/figures/Experiment/Beji/sl/FEVMWG7.pdf>
Package pdftex.def Info: ./chp6/figures/Experiment/Beji/sl/FEVMWG7.pdf used on 
input line 224.
(pdftex.def)             Requested size: 206.28247pt x 164.4666pt.

<./chp6/figures/Experiment/Beji/sl/FDVMWG1.pdf, id=2509, 262.5569pt x 209.32805
pt>
File: ./chp6/figures/Experiment/Beji/sl/FDVMWG1.pdf Graphic file (type pdf)
 <use ./chp6/figures/Experiment/Beji/sl/FDVMWG1.pdf>
Package pdftex.def Info: ./chp6/figures/Experiment/Beji/sl/FDVMWG1.pdf used on 
input line 236.
(pdftex.def)             Requested size: 206.28247pt x 164.4666pt.

<./chp6/figures/Experiment/Beji/sl/FDVMWG2.pdf, id=2510, 262.5569pt x 209.32805
pt>
File: ./chp6/figures/Experiment/Beji/sl/FDVMWG2.pdf Graphic file (type pdf)
 <use ./chp6/figures/Experiment/Beji/sl/FDVMWG2.pdf>
Package pdftex.def Info: ./chp6/figures/Experiment/Beji/sl/FDVMWG2.pdf used on 
input line 241.
(pdftex.def)             Requested size: 206.28247pt x 164.4666pt.

<./chp6/figures/Experiment/Beji/sl/FDVMWG3.pdf, id=2511, 262.5569pt x 209.32805
pt>
File: ./chp6/figures/Experiment/Beji/sl/FDVMWG3.pdf Graphic file (type pdf)
 <use ./chp6/figures/Experiment/Beji/sl/FDVMWG3.pdf>
Package pdftex.def Info: ./chp6/figures/Experiment/Beji/sl/FDVMWG3.pdf used on 
input line 246.
(pdftex.def)             Requested size: 206.28247pt x 164.4666pt.

<./chp6/figures/Experiment/Beji/sl/FDVMWG4.pdf, id=2512, 262.5569pt x 209.32805
pt>
File: ./chp6/figures/Experiment/Beji/sl/FDVMWG4.pdf Graphic file (type pdf)
 <use ./chp6/figures/Experiment/Beji/sl/FDVMWG4.pdf>
Package pdftex.def Info: ./chp6/figures/Experiment/Beji/sl/FDVMWG4.pdf used on 
input line 251.
(pdftex.def)             Requested size: 206.28247pt x 164.4666pt.

<./chp6/figures/Experiment/Beji/sl/FDVMWG5.pdf, id=2513, 262.5569pt x 209.32805
pt>
File: ./chp6/figures/Experiment/Beji/sl/FDVMWG5.pdf Graphic file (type pdf)
 <use ./chp6/figures/Experiment/Beji/sl/FDVMWG5.pdf>
Package pdftex.def Info: ./chp6/figures/Experiment/Beji/sl/FDVMWG5.pdf used on 
input line 262.
(pdftex.def)             Requested size: 206.28247pt x 164.4666pt.

<./chp6/figures/Experiment/Beji/sl/FDVMWG6.pdf, id=2514, 262.5569pt x 209.32805
pt>
File: ./chp6/figures/Experiment/Beji/sl/FDVMWG6.pdf Graphic file (type pdf)
 <use ./chp6/figures/Experiment/Beji/sl/FDVMWG6.pdf>
Package pdftex.def Info: ./chp6/figures/Experiment/Beji/sl/FDVMWG6.pdf used on 
input line 267.
(pdftex.def)             Requested size: 206.28247pt x 164.4666pt.

<./chp6/figures/Experiment/Beji/sl/FDVMWG7.pdf, id=2515, 262.5569pt x 209.32805
pt>
File: ./chp6/figures/Experiment/Beji/sl/FDVMWG7.pdf Graphic file (type pdf)
 <use ./chp6/figures/Experiment/Beji/sl/FDVMWG7.pdf>
Package pdftex.def Info: ./chp6/figures/Experiment/Beji/sl/FDVMWG7.pdf used on 
input line 272.
(pdftex.def)             Requested size: 206.28247pt x 164.4666pt.
 [97] [98 <./chp6/figures/Experiment/Beji/sl/FEVMWG1.pdf> <./chp6/figures/Exper
iment/Beji/sl/FEVMWG2.pdf> <./chp6/figures/Experiment/Beji/sl/FEVMWG3.pdf> <./c
hp6/figures/Experiment/Beji/sl/FEVMWG4.pdf>] [99 <./chp6/figures/Experiment/Bej
i/sl/FEVMWG5.pdf> <./chp6/figures/Experiment/Beji/sl/FEVMWG6.pdf> <./chp6/figur
es/Experiment/Beji/sl/FEVMWG7.pdf>] [100 <./chp6/figures/Experiment/Beji/sl/FDV
MWG1.pdf> <./chp6/figures/Experiment/Beji/sl/FDVMWG2.pdf> <./chp6/figures/Exper
iment/Beji/sl/FDVMWG3.pdf> <./chp6/figures/Experiment/Beji/sl/FDVMWG4.pdf>] [10
1 <./chp6/figures/Experiment/Beji/sl/FDVMWG5.pdf> <./chp6/figures/Experiment/Be
ji/sl/FDVMWG6.pdf> <./chp6/figures/Experiment/Beji/sl/FDVMWG7.pdf>]
<./chp6/figures/Experiment/Beji/sh/FEVMWG1.pdf, id=2696, 262.5569pt x 209.32805
pt>
File: ./chp6/figures/Experiment/Beji/sh/FEVMWG1.pdf Graphic file (type pdf)
 <use ./chp6/figures/Experiment/Beji/sh/FEVMWG1.pdf>
Package pdftex.def Info: ./chp6/figures/Experiment/Beji/sh/FEVMWG1.pdf used on 
input line 290.
(pdftex.def)             Requested size: 206.28247pt x 164.4666pt.

<./chp6/figures/Experiment/Beji/sh/FEVMWG2.pdf, id=2697, 262.5569pt x 209.32805
pt>
File: ./chp6/figures/Experiment/Beji/sh/FEVMWG2.pdf Graphic file (type pdf)
 <use ./chp6/figures/Experiment/Beji/sh/FEVMWG2.pdf>
Package pdftex.def Info: ./chp6/figures/Experiment/Beji/sh/FEVMWG2.pdf used on 
input line 295.
(pdftex.def)             Requested size: 206.28247pt x 164.4666pt.

<./chp6/figures/Experiment/Beji/sh/FEVMWG3.pdf, id=2698, 262.5569pt x 209.32805
pt>
File: ./chp6/figures/Experiment/Beji/sh/FEVMWG3.pdf Graphic file (type pdf)
 <use ./chp6/figures/Experiment/Beji/sh/FEVMWG3.pdf>
Package pdftex.def Info: ./chp6/figures/Experiment/Beji/sh/FEVMWG3.pdf used on 
input line 300.
(pdftex.def)             Requested size: 206.28247pt x 164.4666pt.

<./chp6/figures/Experiment/Beji/sh/FEVMWG4.pdf, id=2699, 262.5569pt x 209.32805
pt>
File: ./chp6/figures/Experiment/Beji/sh/FEVMWG4.pdf Graphic file (type pdf)
 <use ./chp6/figures/Experiment/Beji/sh/FEVMWG4.pdf>
Package pdftex.def Info: ./chp6/figures/Experiment/Beji/sh/FEVMWG4.pdf used on 
input line 305.
(pdftex.def)             Requested size: 206.28247pt x 164.4666pt.

<./chp6/figures/Experiment/Beji/sh/FEVMWG5.pdf, id=2700, 262.5569pt x 209.32805
pt>
File: ./chp6/figures/Experiment/Beji/sh/FEVMWG5.pdf Graphic file (type pdf)
 <use ./chp6/figures/Experiment/Beji/sh/FEVMWG5.pdf>
Package pdftex.def Info: ./chp6/figures/Experiment/Beji/sh/FEVMWG5.pdf used on 
input line 316.
(pdftex.def)             Requested size: 206.28247pt x 164.4666pt.

<./chp6/figures/Experiment/Beji/sh/FEVMWG6.pdf, id=2701, 262.5569pt x 209.32805
pt>
File: ./chp6/figures/Experiment/Beji/sh/FEVMWG6.pdf Graphic file (type pdf)
 <use ./chp6/figures/Experiment/Beji/sh/FEVMWG6.pdf>
Package pdftex.def Info: ./chp6/figures/Experiment/Beji/sh/FEVMWG6.pdf used on 
input line 321.
(pdftex.def)             Requested size: 206.28247pt x 164.4666pt.

<./chp6/figures/Experiment/Beji/sh/FEVMWG7.pdf, id=2702, 262.5569pt x 209.32805
pt>
File: ./chp6/figures/Experiment/Beji/sh/FEVMWG7.pdf Graphic file (type pdf)
 <use ./chp6/figures/Experiment/Beji/sh/FEVMWG7.pdf>
Package pdftex.def Info: ./chp6/figures/Experiment/Beji/sh/FEVMWG7.pdf used on 
input line 326.
(pdftex.def)             Requested size: 206.28247pt x 164.4666pt.

<./chp6/figures/Experiment/Beji/sh/FDVMWG1.pdf, id=2703, 262.5569pt x 209.32805
pt>
File: ./chp6/figures/Experiment/Beji/sh/FDVMWG1.pdf Graphic file (type pdf)
 <use ./chp6/figures/Experiment/Beji/sh/FDVMWG1.pdf>
Package pdftex.def Info: ./chp6/figures/Experiment/Beji/sh/FDVMWG1.pdf used on 
input line 338.
(pdftex.def)             Requested size: 206.28247pt x 164.4666pt.

<./chp6/figures/Experiment/Beji/sh/FDVMWG2.pdf, id=2704, 262.5569pt x 209.32805
pt>
File: ./chp6/figures/Experiment/Beji/sh/FDVMWG2.pdf Graphic file (type pdf)
 <use ./chp6/figures/Experiment/Beji/sh/FDVMWG2.pdf>
Package pdftex.def Info: ./chp6/figures/Experiment/Beji/sh/FDVMWG2.pdf used on 
input line 343.
(pdftex.def)             Requested size: 206.28247pt x 164.4666pt.

<./chp6/figures/Experiment/Beji/sh/FDVMWG3.pdf, id=2705, 262.5569pt x 209.32805
pt>
File: ./chp6/figures/Experiment/Beji/sh/FDVMWG3.pdf Graphic file (type pdf)
 <use ./chp6/figures/Experiment/Beji/sh/FDVMWG3.pdf>
Package pdftex.def Info: ./chp6/figures/Experiment/Beji/sh/FDVMWG3.pdf used on 
input line 348.
(pdftex.def)             Requested size: 206.28247pt x 164.4666pt.

<./chp6/figures/Experiment/Beji/sh/FDVMWG4.pdf, id=2706, 262.5569pt x 209.32805
pt>
File: ./chp6/figures/Experiment/Beji/sh/FDVMWG4.pdf Graphic file (type pdf)
 <use ./chp6/figures/Experiment/Beji/sh/FDVMWG4.pdf>
Package pdftex.def Info: ./chp6/figures/Experiment/Beji/sh/FDVMWG4.pdf used on 
input line 353.
(pdftex.def)             Requested size: 206.28247pt x 164.4666pt.

<./chp6/figures/Experiment/Beji/sh/FDVMWG5.pdf, id=2707, 262.5569pt x 209.32805
pt>
File: ./chp6/figures/Experiment/Beji/sh/FDVMWG5.pdf Graphic file (type pdf)
 <use ./chp6/figures/Experiment/Beji/sh/FDVMWG5.pdf>
Package pdftex.def Info: ./chp6/figures/Experiment/Beji/sh/FDVMWG5.pdf used on 
input line 364.
(pdftex.def)             Requested size: 206.28247pt x 164.4666pt.

<./chp6/figures/Experiment/Beji/sh/FDVMWG6.pdf, id=2708, 262.5569pt x 209.32805
pt>
File: ./chp6/figures/Experiment/Beji/sh/FDVMWG6.pdf Graphic file (type pdf)
 <use ./chp6/figures/Experiment/Beji/sh/FDVMWG6.pdf>
Package pdftex.def Info: ./chp6/figures/Experiment/Beji/sh/FDVMWG6.pdf used on 
input line 369.
(pdftex.def)             Requested size: 206.28247pt x 164.4666pt.

<./chp6/figures/Experiment/Beji/sh/FDVMWG7.pdf, id=2709, 262.5569pt x 209.32805
pt>
File: ./chp6/figures/Experiment/Beji/sh/FDVMWG7.pdf Graphic file (type pdf)
 <use ./chp6/figures/Experiment/Beji/sh/FDVMWG7.pdf>
Package pdftex.def Info: ./chp6/figures/Experiment/Beji/sh/FDVMWG7.pdf used on 
input line 374.
(pdftex.def)             Requested size: 206.28247pt x 164.4666pt.

<./chp6/figures/Experiment/Roeber/Trial8/WaveTank.pdf, id=2715, 444.592pt x 211
.46202pt>
File: ./chp6/figures/Experiment/Roeber/Trial8/WaveTank.pdf Graphic file (type p
df)
 <use ./chp6/figures/Experiment/Roeber/Trial8/WaveTank.pdf>
Package pdftex.def Info: ./chp6/figures/Experiment/Roeber/Trial8/WaveTank.pdf u
sed on input line 393.
(pdftex.def)             Requested size: 412.56496pt x 196.2414pt.

Underfull \vbox (badness 10000) has occurred while \output is active []

 [102]
[103 <./chp6/figures/Experiment/Beji/sh/FEVMWG1.pdf> <./chp6/figures/Experiment
/Beji/sh/FEVMWG2.pdf> <./chp6/figures/Experiment/Beji/sh/FEVMWG3.pdf> <./chp6/f
igures/Experiment/Beji/sh/FEVMWG4.pdf>] [104 <./chp6/figures/Experiment/Beji/sh
/FEVMWG5.pdf> <./chp6/figures/Experiment/Beji/sh/FEVMWG6.pdf> <./chp6/figures/E
xperiment/Beji/sh/FEVMWG7.pdf>] [105 <./chp6/figures/Experiment/Beji/sh/FDVMWG1
.pdf> <./chp6/figures/Experiment/Beji/sh/FDVMWG2.pdf> <./chp6/figures/Experimen
t/Beji/sh/FDVMWG3.pdf> <./chp6/figures/Experiment/Beji/sh/FDVMWG4.pdf>]
[106 <./chp6/figures/Experiment/Beji/sh/FDVMWG5.pdf> <./chp6/figures/Experiment
/Beji/sh/FDVMWG6.pdf> <./chp6/figures/Experiment/Beji/sh/FDVMWG7.pdf>] [107 <./
chp6/figures/Experiment/Roeber/Trial8/WaveTank.pdf>]
<./chp6/figures/Experiment/Roeber/Trial8/FEVM/LongWGs1.pdf, id=2902, 449.63985p
t x 530.13156pt>
File: ./chp6/figures/Experiment/Roeber/Trial8/FEVM/LongWGs1.pdf Graphic file (t
ype pdf)

<use ./chp6/figures/Experiment/Roeber/Trial8/FEVM/LongWGs1.pdf>
Package pdftex.def Info: ./chp6/figures/Experiment/Roeber/Trial8/FEVM/LongWGs1.
pdf used on input line 420.
(pdftex.def)             Requested size: 412.56496pt x 486.4327pt.

<./chp6/figures/Experiment/Roeber/Trial8/FEVM/LongWGs2.pdf, id=2903, 452.14018p
t x 530.13156pt>
File: ./chp6/figures/Experiment/Roeber/Trial8/FEVM/LongWGs2.pdf Graphic file (t
ype pdf)

<use ./chp6/figures/Experiment/Roeber/Trial8/FEVM/LongWGs2.pdf>
Package pdftex.def Info: ./chp6/figures/Experiment/Roeber/Trial8/FEVM/LongWGs2.
pdf used on input line 426.
(pdftex.def)             Requested size: 412.56496pt x 483.739pt.

<./chp6/figures/Experiment/Roeber/Trial8/FDVM/LongWGs1.pdf, id=2904, 449.63985p
t x 530.13156pt>
File: ./chp6/figures/Experiment/Roeber/Trial8/FDVM/LongWGs1.pdf Graphic file (t
ype pdf)

<use ./chp6/figures/Experiment/Roeber/Trial8/FDVM/LongWGs1.pdf>
Package pdftex.def Info: ./chp6/figures/Experiment/Roeber/Trial8/FDVM/LongWGs1.
pdf used on input line 433.
(pdftex.def)             Requested size: 412.56496pt x 486.4327pt.

<./chp6/figures/Experiment/Roeber/Trial8/FDVM/LongWGs2.pdf, id=2905, 452.14018p
t x 530.13156pt>
File: ./chp6/figures/Experiment/Roeber/Trial8/FDVM/LongWGs2.pdf Graphic file (t
ype pdf)

<use ./chp6/figures/Experiment/Roeber/Trial8/FDVM/LongWGs2.pdf>
Package pdftex.def Info: ./chp6/figures/Experiment/Roeber/Trial8/FDVM/LongWGs2.
pdf used on input line 439.
(pdftex.def)             Requested size: 412.56496pt x 483.739pt.

<./chp6/figures/Experiment/Synolakis/WavetankArtifical.pdf, id=2912, 427.4108pt
 x 200.38362pt>
File: ./chp6/figures/Experiment/Synolakis/WavetankArtifical.pdf Graphic file (t
ype pdf)

<use ./chp6/figures/Experiment/Synolakis/WavetankArtifical.pdf>
Package pdftex.def Info: ./chp6/figures/Experiment/Synolakis/WavetankArtifical.
pdf used on input line 471.
(pdftex.def)             Requested size: 412.56496pt x 193.42401pt.
 [108] [109 <./chp6/figures/Experiment/Roeber/Trial8/FEVM/LongWGs1.pdf>] [110 <
./chp6/figures/Experiment/Roeber/Trial8/FEVM/LongWGs2.pdf>] [111 <./chp6/figure
s/Experiment/Roeber/Trial8/FDVM/LongWGs1.pdf>] [112 <./chp6/figures/Experiment/
Roeber/Trial8/FDVM/LongWGs2.pdf>]
<./chp6/figures/Experiment/Synolakis/H0p0185/FEVM/30s.pdf, id=2986, 258.94241pt
 x 206.71228pt>
File: ./chp6/figures/Experiment/Synolakis/H0p0185/FEVM/30s.pdf Graphic file (ty
pe pdf)
 <use ./chp6/figures/Experiment/Synolakis/H0p0185/FEVM/30s.pdf>
Package pdftex.def Info: ./chp6/figures/Experiment/Synolakis/H0p0185/FEVM/30s.p
df used on input line 495.
(pdftex.def)             Requested size: 206.28247pt x 164.67612pt.

<./chp6/figures/Experiment/Synolakis/H0p0185/FEVM/40s.pdf, id=2987, 258.94241pt
 x 206.71228pt>
File: ./chp6/figures/Experiment/Synolakis/H0p0185/FEVM/40s.pdf Graphic file (ty
pe pdf)
 <use ./chp6/figures/Experiment/Synolakis/H0p0185/FEVM/40s.pdf>
Package pdftex.def Info: ./chp6/figures/Experiment/Synolakis/H0p0185/FEVM/40s.p
df used on input line 499.
(pdftex.def)             Requested size: 206.28247pt x 164.67612pt.

<./chp6/figures/Experiment/Synolakis/H0p0185/FEVM/50s.pdf, id=2988, 258.94241pt
 x 206.71228pt>
File: ./chp6/figures/Experiment/Synolakis/H0p0185/FEVM/50s.pdf Graphic file (ty
pe pdf)
 <use ./chp6/figures/Experiment/Synolakis/H0p0185/FEVM/50s.pdf>
Package pdftex.def Info: ./chp6/figures/Experiment/Synolakis/H0p0185/FEVM/50s.p
df used on input line 503.
(pdftex.def)             Requested size: 206.28247pt x 164.67612pt.

<./chp6/figures/Experiment/Synolakis/H0p0185/FEVM/60s.pdf, id=2989, 258.94241pt
 x 206.71228pt>
File: ./chp6/figures/Experiment/Synolakis/H0p0185/FEVM/60s.pdf Graphic file (ty
pe pdf)
 <use ./chp6/figures/Experiment/Synolakis/H0p0185/FEVM/60s.pdf>
Package pdftex.def Info: ./chp6/figures/Experiment/Synolakis/H0p0185/FEVM/60s.p
df used on input line 507.
(pdftex.def)             Requested size: 206.28247pt x 164.67612pt.

<./chp6/figures/Experiment/Synolakis/H0p0185/FEVM/70s.pdf, id=2990, 258.94241pt
 x 206.71228pt>
File: ./chp6/figures/Experiment/Synolakis/H0p0185/FEVM/70s.pdf Graphic file (ty
pe pdf)
 <use ./chp6/figures/Experiment/Synolakis/H0p0185/FEVM/70s.pdf>
Package pdftex.def Info: ./chp6/figures/Experiment/Synolakis/H0p0185/FEVM/70s.p
df used on input line 511.
(pdftex.def)             Requested size: 206.28247pt x 164.67612pt.

<./chp6/figures/Experiment/Synolakis/H0p0185/FDVM/30s.pdf, id=2991, 258.94241pt
 x 206.71228pt>
File: ./chp6/figures/Experiment/Synolakis/H0p0185/FDVM/30s.pdf Graphic file (ty
pe pdf)
 <use ./chp6/figures/Experiment/Synolakis/H0p0185/FDVM/30s.pdf>
Package pdftex.def Info: ./chp6/figures/Experiment/Synolakis/H0p0185/FDVM/30s.p
df used on input line 521.
(pdftex.def)             Requested size: 206.28247pt x 164.67612pt.

<./chp6/figures/Experiment/Synolakis/H0p0185/FDVM/40s.pdf, id=2992, 258.94241pt
 x 206.71228pt>
File: ./chp6/figures/Experiment/Synolakis/H0p0185/FDVM/40s.pdf Graphic file (ty
pe pdf)
 <use ./chp6/figures/Experiment/Synolakis/H0p0185/FDVM/40s.pdf>
Package pdftex.def Info: ./chp6/figures/Experiment/Synolakis/H0p0185/FDVM/40s.p
df used on input line 525.
(pdftex.def)             Requested size: 206.28247pt x 164.67612pt.

<./chp6/figures/Experiment/Synolakis/H0p0185/FDVM/50s.pdf, id=2993, 258.94241pt
 x 206.71228pt>
File: ./chp6/figures/Experiment/Synolakis/H0p0185/FDVM/50s.pdf Graphic file (ty
pe pdf)
 <use ./chp6/figures/Experiment/Synolakis/H0p0185/FDVM/50s.pdf>
Package pdftex.def Info: ./chp6/figures/Experiment/Synolakis/H0p0185/FDVM/50s.p
df used on input line 529.
(pdftex.def)             Requested size: 206.28247pt x 164.67612pt.

<./chp6/figures/Experiment/Synolakis/H0p0185/FDVM/60s.pdf, id=2994, 258.94241pt
 x 206.71228pt>
File: ./chp6/figures/Experiment/Synolakis/H0p0185/FDVM/60s.pdf Graphic file (ty
pe pdf)
 <use ./chp6/figures/Experiment/Synolakis/H0p0185/FDVM/60s.pdf>
Package pdftex.def Info: ./chp6/figures/Experiment/Synolakis/H0p0185/FDVM/60s.p
df used on input line 533.
(pdftex.def)             Requested size: 206.28247pt x 164.67612pt.

<./chp6/figures/Experiment/Synolakis/H0p0185/FDVM/70s.pdf, id=2995, 258.94241pt
 x 206.71228pt>
File: ./chp6/figures/Experiment/Synolakis/H0p0185/FDVM/70s.pdf Graphic file (ty
pe pdf)
 <use ./chp6/figures/Experiment/Synolakis/H0p0185/FDVM/70s.pdf>
Package pdftex.def Info: ./chp6/figures/Experiment/Synolakis/H0p0185/FDVM/70s.p
df used on input line 537.
(pdftex.def)             Requested size: 206.28247pt x 164.67612pt.
) [113 <./chp6/figures/Experiment/Synolakis/WavetankArtifical.pdf>] [114 <./chp
6/figures/Experiment/Synolakis/H0p0185/FEVM/30s.pdf> <./chp6/figures/Experiment
/Synolakis/H0p0185/FEVM/40s.pdf> <./chp6/figures/Experiment/Synolakis/H0p0185/F
EVM/50s.pdf> <./chp6/figures/Experiment/Synolakis/H0p0185/FEVM/60s.pdf> <./chp6
/figures/Experiment/Synolakis/H0p0185/FEVM/70s.pdf>] [115 <./chp6/figures/Exper
iment/Synolakis/H0p0185/FDVM/30s.pdf> <./chp6/figures/Experiment/Synolakis/H0p0
185/FDVM/40s.pdf> <./chp6/figures/Experiment/Synolakis/H0p0185/FDVM/50s.pdf> <.
/chp6/figures/Experiment/Synolakis/H0p0185/FDVM/60s.pdf> <./chp6/figures/Experi
ment/Synolakis/H0p0185/FDVM/70s.pdf>] [116]
\openout2 = `chp7/chapter.aux'.

 (./chp7/chapter.tex
Chapter 7.
) [117



]
\openout2 = `app1/appendix.aux'.

 (./app1/appendix.tex [118



]
Appendix A.
[119]) [120]
\openout2 = `app2/appendix.aux'.

 (./app2/appendix.tex
Appendix B.

Overfull \hbox (64.91533pt too wide) in paragraph at lines 51--59
 [][] 
 []


Underfull \vbox (badness 5077) has occurred while \output is active []

 [121



]
[122]
Overfull \hbox (15.27113pt too wide) has occurred while \output is active
\OT1/cmr/m/sl/12 B.2.  EVOLUTION MATRICES FOR THE FINITE DIFFERENCE METHODS \OT
1/cmr/m/n/12 123
 []

[123]
Overfull \hbox (19.98854pt too wide) in paragraph at lines 103--103
[] 
 []

) [124]
\openout2 = `app3/appendix.aux'.

 (./app3/appendix.tex
Appendix C.

Overfull \hbox (25.72435pt too wide) in paragraph at lines 35--35
[] 
 []

[125



]
Overfull \hbox (25.48792pt too wide) has occurred while \output is active
\OT1/cmr/m/n/12 126 \OT1/cmr/m/sl/12 APPENDIX C.  CONSERVATION QUANTITIES FOR A
NALYTIC SOLUTIONS
 []

[126]) [127] (./thesis.bbl
Overfull \hbox (25.48792pt too wide) has occurred while \output is active
\OT1/cmr/m/n/12 128 \OT1/cmr/m/sl/12 APPENDIX C.  CONSERVATION QUANTITIES FOR A
NALYTIC SOLUTIONS
 []

[128


]
Missing character: There is no  in font cmti12!
Missing character: There is no  in font cmti12!
Missing character: There is no  in font cmti12!
Missing character: There is no  in font cmti12!
 [129] [130] [131] [132]
Missing character: There is no  in font cmr12!
Missing character: There is no  in font cmr12!
Missing character: There is no  in font cmr12!
) [133]
Package atveryend Info: Empty hook `BeforeClearDocument' on input line 117.
Package atveryend Info: Empty hook `AfterLastShipout' on input line 117.
 (./thesis.aux (./titlepage.aux)
(./chp1/chapter.aux) (./chp2/chapter.aux) (./chp3/chapter.aux)
(./chp4/chapter.aux) (./chp5/chapter.aux) (./chp6/chapter.aux)
(./chp7/chapter.aux) (./app1/appendix.aux) (./app2/appendix.aux)
(./app3/appendix.aux))
Package atveryend Info: Executing hook `AtVeryEndDocument' on input line 117.
Package atveryend Info: Executing hook `AtEndAfterFileList' on input line 117.
Package rerunfilecheck Info: File `thesis.out' has not changed.
(rerunfilecheck)             Checksum: 485F91B3E4CF19E652D294981785A9B3;5112.
Package atveryend Info: Empty hook `AtVeryVeryEnd' on input line 117.
 ) 
Here is how much of TeX's memory you used:
 30164 strings out of 494953
 716412 string characters out of 6180978
 890770 words of memory out of 5000000
 32228 multiletter control sequences out of 15000+600000
 19193 words of font info for 76 fonts, out of 8000000 for 9000
 14 hyphenation exceptions out of 8191
 69i,18n,79p,1176b,749s stack positions out of 5000i,500n,10000p,200000b,80000s
</usr/share/texlive/texmf-dist/fonts/type1/public/amsfonts/cm/cmbsy10.pfb></u
sr/share/texlive/texmf-dist/fonts/type1/public/amsfonts/cmextra/cmbsy7.pfb></us
r/share/texlive/texmf-dist/fonts/type1/public/amsfonts/cmextra/cmbsy8.pfb></usr
/share/texlive/texmf-dist/fonts/type1/public/amsfonts/cm/cmbx10.pfb></usr/share
/texlive/texmf-dist/fonts/type1/public/amsfonts/cm/cmbx12.pfb></usr/share/texli
ve/texmf-dist/fonts/type1/public/amsfonts/cm/cmbx7.pfb></usr/share/texlive/texm
f-dist/fonts/type1/public/amsfonts/cm/cmex10.pfb></usr/share/texlive/texmf-dist
/fonts/type1/public/amsfonts/cm/cmmi10.pfb></usr/share/texlive/texmf-dist/fonts
/type1/public/amsfonts/cm/cmmi12.pfb></usr/share/texlive/texmf-dist/fonts/type1
/public/amsfonts/cm/cmmi6.pfb></usr/share/texlive/texmf-dist/fonts/type1/public
/amsfonts/cm/cmmi7.pfb></usr/share/texlive/texmf-dist/fonts/type1/public/amsfon
ts/cm/cmmi8.pfb></usr/share/texlive/texmf-dist/fonts/type1/public/amsfonts/cm/c
mmib10.pfb></usr/share/texlive/texmf-dist/fonts/type1/public/amsfonts/cmextra/c
mmib7.pfb></usr/share/texlive/texmf-dist/fonts/type1/public/amsfonts/cm/cmr10.p
fb></usr/share/texlive/texmf-dist/fonts/type1/public/amsfonts/cm/cmr12.pfb></us
r/share/texlive/texmf-dist/fonts/type1/public/amsfonts/cm/cmr17.pfb></usr/share
/texlive/texmf-dist/fonts/type1/public/amsfonts/cm/cmr5.pfb></usr/share/texlive
/texmf-dist/fonts/type1/public/amsfonts/cm/cmr6.pfb></usr/share/texlive/texmf-d
ist/fonts/type1/public/amsfonts/cm/cmr7.pfb></usr/share/texlive/texmf-dist/font
s/type1/public/amsfonts/cm/cmr8.pfb></usr/share/texlive/texmf-dist/fonts/type1/
public/amsfonts/cm/cmsl12.pfb></usr/share/texlive/texmf-dist/fonts/type1/public
/amsfonts/cm/cmsy10.pfb></usr/share/texlive/texmf-dist/fonts/type1/public/amsfo
nts/cm/cmsy6.pfb></usr/share/texlive/texmf-dist/fonts/type1/public/amsfonts/cm/
cmsy7.pfb></usr/share/texlive/texmf-dist/fonts/type1/public/amsfonts/cm/cmsy8.p
fb></usr/share/texlive/texmf-dist/fonts/type1/public/amsfonts/cm/cmti12.pfb></u
sr/share/texlive/texmf-dist/fonts/type1/public/amsfonts/symbols/msbm10.pfb>
Output written on thesis.pdf (139 pages, 5190324 bytes).
PDF statistics:
 3419 PDF objects out of 3580 (max. 8388607)
 3097 compressed objects within 31 object streams
 542 named destinations out of 1000 (max. 500000)
 1150 words of extra memory for PDF output out of 10000 (max. 10000000)

