This is pdfTeX, Version 3.14159265-2.6-1.40.16 (TeX Live 2015/Debian) (preloaded format=pdflatex 2016.10.4)  4 APR 2017 16:52
entering extended mode
 restricted \write18 enabled.
 %&-line parsing enabled.
**Serre_ASCE.tex
(./Serre_ASCE.tex
LaTeX2e <2016/02/01>
Babel <3.9q> and hyphenation patterns for 3 language(s) loaded.
(./Serre_ASCE.cls


LaTeX Warning: You have requested document class `Serre_ASCE',
               but the document class provides `ascelike'.

Document Class: ascelike 2013/2/14 Version 2.3 ASCE-like manuscripts (Am. Soc. 
Civ. Engr.)

(/usr/share/texlive/texmf-dist/tex/latex/base/ifthen.sty
Package: ifthen 2014/09/29 v1.1c Standard LaTeX ifthen package (DPC)
)
(/usr/share/texlive/texmf-dist/tex/latex/base/article.cls
Document Class: article 2014/09/29 v1.4h Standard LaTeX document class
(/usr/share/texlive/texmf-dist/tex/latex/base/size12.clo
File: size12.clo 2014/09/29 v1.4h Standard LaTeX file (size option)
)
\c@part=\count79
\c@section=\count80
\c@subsection=\count81
\c@subsubsection=\count82
\c@paragraph=\count83
\c@subparagraph=\count84
\c@figure=\count85
\c@table=\count86
\abovecaptionskip=\skip41
\belowcaptionskip=\skip42
\bibindent=\dimen102
)

(1) A "Proceedings" old-style manuscript will be produced
(2) Figures and Tables will be placed within the text of the manuscript (change
 with the 'BackFigs' option)
(3) Text will be single spaced (change with the 'DoubleSpace' option)
(4) Text will be 12pt (change with the '10pt', '11pt', & '12pt' options)
(5) Line numbers will not be placed alonside the text (change with the 'LineNum
bers' option)

\c@enumnoo=\count87
\TempBoxb=\box26
\TempBoxl=\skip43
\Abovecaptionrule=\skip44
) (/usr/share/texlive/texmf-dist/tex/latex/graphics/graphicx.sty
Package: graphicx 2014/10/28 v1.0g Enhanced LaTeX Graphics (DPC,SPQR)

(/usr/share/texlive/texmf-dist/tex/latex/graphics/keyval.sty
Package: keyval 2014/10/28 v1.15 key=value parser (DPC)
\KV@toks@=\toks14
)
(/usr/share/texlive/texmf-dist/tex/latex/graphics/graphics.sty
Package: graphics 2016/01/03 v1.0q Standard LaTeX Graphics (DPC,SPQR)

(/usr/share/texlive/texmf-dist/tex/latex/graphics/trig.sty
Package: trig 2016/01/03 v1.10 sin cos tan (DPC)
)
(/usr/share/texlive/texmf-dist/tex/latex/latexconfig/graphics.cfg
File: graphics.cfg 2010/04/23 v1.9 graphics configuration of TeX Live
)
Package graphics Info: Driver file: dvips.def on input line 95.

(/usr/share/texlive/texmf-dist/tex/latex/graphics/dvips.def
File: dvips.def 2015/12/30 v3.0k Driver-dependent file (DPC,SPQR)
))
\Gin@req@height=\dimen103
\Gin@req@width=\dimen104
)
(/usr/share/texlive/texmf-dist/tex/latex/xcolor/xcolor.sty
Package: xcolor 2007/01/21 v2.11 LaTeX color extensions (UK)

(/usr/share/texlive/texmf-dist/tex/latex/latexconfig/color.cfg
File: color.cfg 2007/01/18 v1.5 color configuration of teTeX/TeXLive
)
Package xcolor Info: Driver file: pdftex.def on input line 225.

(/usr/share/texlive/texmf-dist/tex/latex/pdftex-def/pdftex.def
File: pdftex.def 2011/05/27 v0.06d Graphics/color for pdfTeX

(/usr/share/texlive/texmf-dist/tex/generic/oberdiek/infwarerr.sty
Package: infwarerr 2010/04/08 v1.3 Providing info/warning/error messages (HO)
)
(/usr/share/texlive/texmf-dist/tex/generic/oberdiek/ltxcmds.sty
Package: ltxcmds 2011/11/09 v1.22 LaTeX kernel commands for general use (HO)
)
\Gread@gobject=\count88
)
Package xcolor Info: Model `cmy' substituted by `cmy0' on input line 1337.
Package xcolor Info: Model `RGB' extended on input line 1353.
Package xcolor Info: Model `HTML' substituted by `rgb' on input line 1355.
Package xcolor Info: Model `Hsb' substituted by `hsb' on input line 1356.
Package xcolor Info: Model `tHsb' substituted by `hsb' on input line 1357.
Package xcolor Info: Model `HSB' substituted by `hsb' on input line 1358.
Package xcolor Info: Model `Gray' substituted by `gray' on input line 1359.
Package xcolor Info: Model `wave' substituted by `hsb' on input line 1360.

(/usr/share/texlive/texmf-dist/tex/latex/graphics/dvipsnam.def
File: dvipsnam.def 2015/12/30 v3.0k Driver-dependent file (DPC,SPQR)
))
(/usr/share/texlive/texmf-dist/tex/latex/amsmath/amsmath.sty
Package: amsmath 2016/03/03 v2.15a AMS math features
\@mathmargin=\skip45

For additional information on amsmath, use the `?' option.
(/usr/share/texlive/texmf-dist/tex/latex/amsmath/amstext.sty
Package: amstext 2000/06/29 v2.01 AMS text

(/usr/share/texlive/texmf-dist/tex/latex/amsmath/amsgen.sty
File: amsgen.sty 1999/11/30 v2.0 generic functions
\@emptytoks=\toks15
\ex@=\dimen105
))
(/usr/share/texlive/texmf-dist/tex/latex/amsmath/amsbsy.sty
Package: amsbsy 1999/11/29 v1.2d Bold Symbols
\pmbraise@=\dimen106
)
(/usr/share/texlive/texmf-dist/tex/latex/amsmath/amsopn.sty
Package: amsopn 1999/12/14 v2.01 operator names
)
\inf@bad=\count89
LaTeX Info: Redefining \frac on input line 199.
\uproot@=\count90
\leftroot@=\count91
LaTeX Info: Redefining \overline on input line 297.
\classnum@=\count92
\DOTSCASE@=\count93
LaTeX Info: Redefining \ldots on input line 394.
LaTeX Info: Redefining \dots on input line 397.
LaTeX Info: Redefining \cdots on input line 518.
\Mathstrutbox@=\box27
\strutbox@=\box28
\big@size=\dimen107
LaTeX Font Info:    Redeclaring font encoding OML on input line 630.
LaTeX Font Info:    Redeclaring font encoding OMS on input line 631.
\macc@depth=\count94
\c@MaxMatrixCols=\count95
\dotsspace@=\muskip10
\c@parentequation=\count96
\dspbrk@lvl=\count97
\tag@help=\toks16
\row@=\count98
\column@=\count99
\maxfields@=\count100
\andhelp@=\toks17
\eqnshift@=\dimen108
\alignsep@=\dimen109
\tagshift@=\dimen110
\tagwidth@=\dimen111
\totwidth@=\dimen112
\lineht@=\dimen113
\@envbody=\toks18
\multlinegap=\skip46
\multlinetaggap=\skip47
\mathdisplay@stack=\toks19
LaTeX Info: Redefining \[ on input line 2735.
LaTeX Info: Redefining \] on input line 2736.
)
(/usr/share/texlive/texmf-dist/tex/latex/amsfonts/amsfonts.sty
Package: amsfonts 2013/01/14 v3.01 Basic AMSFonts support
\symAMSa=\mathgroup4
\symAMSb=\mathgroup5
LaTeX Font Info:    Overwriting math alphabet `\mathfrak' in version `bold'
(Font)                  U/euf/m/n --> U/euf/b/n on input line 106.
)
(/usr/share/texlive/texmf-dist/tex/latex/amsfonts/amssymb.sty
Package: amssymb 2013/01/14 v3.01 AMS font symbols
)
(/usr/share/texlive/texmf-dist/tex/latex/lineno/lineno.sty
Package: lineno 2005/11/02 line numbers on paragraphs v4.41
\linenopenalty=\count101
\output=\toks20
\linenoprevgraf=\count102
\linenumbersep=\dimen114
\linenumberwidth=\dimen115
\c@linenumber=\count103
\c@pagewiselinenumber=\count104
\c@LN@truepage=\count105
\c@internallinenumber=\count106
\c@internallinenumbers=\count107
\quotelinenumbersep=\dimen116
\bframerule=\dimen117
\bframesep=\dimen118
\bframebox=\box29
LaTeX Info: Redefining \\ on input line 3056.
)
(/usr/share/texlive/texmf-dist/tex/latex/tools/enumerate.sty
Package: enumerate 2015/07/23 v3.00 enumerate extensions (DPC)
\@enLab=\toks21
)
(/usr/share/texlive/texmf-dist/tex/latex/url/url.sty
\Urlmuskip=\muskip11
Package: url 2013/09/16  ver 3.4  Verb mode for urls, etc.
)
(/usr/share/texlive/texmf-dist/tex/latex/psnfss/times.sty
Package: times 2005/04/12 PSNFSS-v9.2a (SPQR) 
)
(/usr/share/texlive/texmf-dist/tex/latex/caption/subcaption.sty
Package: subcaption 2016/02/20 v1.1-142 Sub-captions (AR)

(/usr/share/texlive/texmf-dist/tex/latex/caption/caption.sty
Package: caption 2016/02/21 v3.3-144 Customizing captions (AR)

(/usr/share/texlive/texmf-dist/tex/latex/caption/caption3.sty
Package: caption3 2016/02/04 v1.7-139 caption3 kernel (AR)
Package caption3 Info: TeX engine: e-TeX on input line 67.
\captionmargin=\dimen119
\captionmargin@=\dimen120
\captionwidth=\dimen121
\caption@tempdima=\dimen122
\caption@indent=\dimen123
\caption@parindent=\dimen124
\caption@hangindent=\dimen125
Package caption Info: Unknown document class (or package),
(caption)             standard defaults will be used.
)

Package caption Warning: Unsupported document class (or package) detected,
(caption)                usage of the caption package is not recommended.
See the caption package documentation for explanation.

Package caption Info: \@makecaption = \long macro:#1#2->\vspace {\Abovecaptionr
ule } \savebox {\TempBoxb }{\rule {0em}{3ex}\ifthenelse {\boolean {NewProceedin
gs}}{\rmfamily }{\sffamily }\bfseries \normalsize #1.\makebox [1ex]{}\ifthenels
e {\boolean {NewProceedings}}{\rmfamily }{\sffamily }\bfseries \normalsize #2}\
settowidth {\TempBoxl }{\usebox {\TempBoxb }} \ifthenelse {\lengthtest {\TempBo
xl > \textwidth }} {\ifthenelse {\boolean {NewProceedings}}{\rmfamily }{\sffami
ly }\bfseries \normalsize #1.\makebox [1ex]{}\ifthenelse {\boolean {NewProceedi
ngs}}{\rmfamily }{\sffamily }\bfseries \normalsize #2\par }{\centering \usebox 
{\TempBoxb }} \vskip \belowcaptionskip .
\c@ContinuedFloat=\count108
)
\c@subfigure=\count109
\c@subtable=\count110
) (/usr/share/texlive/texmf-dist/tex/latex/psfrag/psfrag.sty
Package: psfrag 1998/04/11 v3.04 PSfrag (MCG)
\pfg@pcount=\count111
\pfg@scount=\count112
\pfg@temp=\write3
)
(/usr/share/texlive/texmf-dist/tex/latex/fancyhdr/fancyhdr.sty
\fancy@headwidth=\skip48
\f@ncyO@elh=\skip49
\f@ncyO@erh=\skip50
\f@ncyO@olh=\skip51
\f@ncyO@orh=\skip52
\f@ncyO@elf=\skip53
\f@ncyO@erf=\skip54
\f@ncyO@olf=\skip55
\f@ncyO@orf=\skip56
)
(/usr/share/texlive/texmf-dist/tex/latex/currfile/currfile.sty
Package: currfile 2013/02/01 v0.7b Provides the file path elements of the curre
nt input file

(/usr/share/texlive/texmf-dist/tex/latex/oberdiek/kvoptions.sty
Package: kvoptions 2011/06/30 v3.11 Key value format for package options (HO)

(/usr/share/texlive/texmf-dist/tex/generic/oberdiek/kvsetkeys.sty
Package: kvsetkeys 2012/04/25 v1.16 Key value parser (HO)

(/usr/share/texlive/texmf-dist/tex/generic/oberdiek/etexcmds.sty
Package: etexcmds 2011/02/16 v1.5 Avoid name clashes with e-TeX commands (HO)

(/usr/share/texlive/texmf-dist/tex/generic/oberdiek/ifluatex.sty
Package: ifluatex 2010/03/01 v1.3 Provides the ifluatex switch (HO)
Package ifluatex Info: LuaTeX not detected.
)
Package etexcmds Info: Could not find \expanded.
(etexcmds)             That can mean that you are not using pdfTeX 1.50 or
(etexcmds)             that some package has redefined \expanded.
(etexcmds)             In the latter case, load this package earlier.
)))
(/usr/share/texlive/texmf-dist/tex/latex/filehook/filehook.sty
Package: filehook 2011/10/12 v0.5d Hooks for input files
)
\c@currfiledepth=\count113
)
(/usr/share/texlive/texmf-dist/tex/latex/datetime/datetime.sty
Package: datetime 2015/03/20 v2.60 Date Time Package

(/usr/share/texlive/texmf-dist/tex/latex/etoolbox/etoolbox.sty
Package: etoolbox 2015/08/02 v2.2a e-TeX tools for LaTeX (JAW)
\etb@tempcnta=\count114
)
(/usr/share/texlive/texmf-dist/tex/latex/fmtcount/fmtcount.sty
Package: fmtcount 2015/05/05 v3.01

(/usr/share/texlive/texmf-dist/tex/latex/xkeyval/xkeyval.sty
Package: xkeyval 2014/12/03 v2.7a package option processing (HA)

(/usr/share/texlive/texmf-dist/tex/generic/xkeyval/xkeyval.tex
(/usr/share/texlive/texmf-dist/tex/generic/xkeyval/xkvutils.tex
\XKV@toks=\toks22
\XKV@tempa@toks=\toks23
)
\XKV@depth=\count115
File: xkeyval.tex 2014/12/03 v2.7a key=value parser (HA)
))
(/usr/share/texlive/texmf-dist/tex/latex/fmtcount/fcprefix.sty
Package: fcprefix 2012/09/28

(/usr/share/texlive/texmf-dist/tex/latex/fmtcount/fcnumparser.sty
Package: fcnumparser 2012/09/28
\fc@digit@counter=\count116
))
(/usr/share/texlive/texmf-dist/tex/generic/ifxetex/ifxetex.sty
Package: ifxetex 2010/09/12 v0.6 Provides ifxetex conditional
)
\c@padzeroesN=\count117
\fc@tmpcatcode=\count118
\@DT@modctr=\count119
\@ordinalctr=\count120
\@orgargctr=\count121
\@strctr=\count122
\@tmpstrctr=\count123
\@DT@loopN=\count124
\@DT@X=\count125

(/usr/share/texlive/texmf-dist/tex/latex/fmtcount/fc-english.def
File: fc-english.def 2013/08/17
))
(/usr/share/texlive/texmf-dist/tex/latex/datetime/datetime-defaults.sty
Package: datetime-defaults 2013/09/10
)
\@day=\count126
\@month=\count127
\@year=\count128
\c@HOUR=\count129
\c@HOURXII=\count130
\c@MINUTE=\count131
\c@TOHOUR=\count132
\c@TOMINUTE=\count133
\c@SECOND=\count134
\currenthour=\count135
\currentminute=\count136
\currentsecond=\count137
Package datetime Info: No datetime.cfg file found, using default settings on in
put line 308.
\@dtctr=\count138
\dayofyear=\count139
\dayofweek=\count140
LaTeX Info: Redefining \today on input line 736.
\dt@a=\toks24
\dt@b=\toks25
)
(./Serre_ASCE.aux)
\openout1 = `Serre_ASCE.aux'.

LaTeX Font Info:    Checking defaults for OML/cmm/m/it on input line 40.
LaTeX Font Info:    ... okay on input line 40.
LaTeX Font Info:    Checking defaults for T1/cmr/m/n on input line 40.
LaTeX Font Info:    ... okay on input line 40.
LaTeX Font Info:    Checking defaults for OT1/cmr/m/n on input line 40.
LaTeX Font Info:    ... okay on input line 40.
LaTeX Font Info:    Checking defaults for OMS/cmsy/m/n on input line 40.
LaTeX Font Info:    ... okay on input line 40.
LaTeX Font Info:    Checking defaults for OMX/cmex/m/n on input line 40.
LaTeX Font Info:    ... okay on input line 40.
LaTeX Font Info:    Checking defaults for U/cmr/m/n on input line 40.
LaTeX Font Info:    ... okay on input line 40.
LaTeX Font Info:    Try loading font information for OT1+ptm on input line 40.
 (/usr/share/texlive/texmf-dist/tex/latex/psnfss/ot1ptm.fd
File: ot1ptm.fd 2001/06/04 font definitions for OT1/ptm.
)
(/usr/share/texlive/texmf-dist/tex/generic/oberdiek/pdftexcmds.sty
Package: pdftexcmds 2011/11/29 v0.20 Utility functions of pdfTeX for LuaTeX (HO
)

(/usr/share/texlive/texmf-dist/tex/generic/oberdiek/ifpdf.sty
Package: ifpdf 2011/01/30 v2.3 Provides the ifpdf switch (HO)
Package ifpdf Info: pdfTeX in PDF mode is detected.
)
Package pdftexcmds Info: LuaTeX not detected.
Package pdftexcmds Info: \pdf@primitive is available.
Package pdftexcmds Info: \pdf@ifprimitive is available.
Package pdftexcmds Info: \pdfdraftmode found.
)
(/usr/share/texlive/texmf-dist/tex/latex/oberdiek/epstopdf-base.sty
Package: epstopdf-base 2010/02/09 v2.5 Base part for package epstopdf

(/usr/share/texlive/texmf-dist/tex/latex/oberdiek/grfext.sty
Package: grfext 2010/08/19 v1.1 Manage graphics extensions (HO)

(/usr/share/texlive/texmf-dist/tex/generic/oberdiek/kvdefinekeys.sty
Package: kvdefinekeys 2011/04/07 v1.3 Define keys (HO)
))
Package epstopdf-base Info: Redefining graphics rule for `.eps' on input line 4
34.
Package grfext Info: Graphics extension search list:
(grfext)             [.png,.pdf,.jpg,.mps,.jpeg,.jbig2,.jb2,.PNG,.PDF,.JPG,.JPE
G,.JBIG2,.JB2,.eps]
(grfext)             \AppendGraphicsExtensions on input line 452.

(/usr/share/texlive/texmf-dist/tex/latex/latexconfig/epstopdf-sys.cfg
File: epstopdf-sys.cfg 2010/07/13 v1.3 Configuration of (r)epstopdf for TeX Liv
e
))
(/usr/share/texlive/texmf-dist/tex/context/base/supp-pdf.mkii
[Loading MPS to PDF converter (version 2006.09.02).]
\scratchcounter=\count141
\scratchdimen=\dimen126
\scratchbox=\box30
\nofMPsegments=\count142
\nofMParguments=\count143
\everyMPshowfont=\toks26
\MPscratchCnt=\count144
\MPscratchDim=\dimen127
\MPnumerator=\count145
\makeMPintoPDFobject=\count146
\everyMPtoPDFconversion=\toks27
)
Package caption Info: Begin \AtBeginDocument code.
Package caption Info: End \AtBeginDocument code.
LaTeX Font Info:    Font shape `OT1/ptm/bx/n' in size <14.4> not available
(Font)              Font shape `OT1/ptm/b/n' tried instead on input line 55.
LaTeX Font Info:    Try loading font information for U+msa on input line 55.
 (/usr/share/texlive/texmf-dist/tex/latex/amsfonts/umsa.fd
File: umsa.fd 2013/01/14 v3.01 AMS symbols A
)
LaTeX Font Info:    Try loading font information for U+msb on input line 55.

(/usr/share/texlive/texmf-dist/tex/latex/amsfonts/umsb.fd
File: umsb.fd 2013/01/14 v3.01 AMS symbols B
)
LaTeX Font Info:    Font shape `OT1/ptm/bx/n' in size <12> not available
(Font)              Font shape `OT1/ptm/b/n' tried instead on input line 57.
LaTeX Font Info:    Try loading font information for OT1+phv on input line 57.

(/usr/share/texlive/texmf-dist/tex/latex/psnfss/ot1phv.fd
File: ot1phv.fd 2001/06/04 scalable font definitions for OT1/phv.
)
LaTeX Font Info:    Font shape `OT1/phv/bx/n' in size <12> not available
(Font)              Font shape `OT1/phv/b/n' tried instead on input line 57.
LaTeX Font Info:    Font shape `OT1/phv/bx/n' in size <10.95> not available
(Font)              Font shape `OT1/phv/b/n' tried instead on input line 57.

Overfull \hbox (5.78635pt too wide) in paragraph at lines 61--62
[]\OT1/phv/b/n/12 Keywords: \OT1/ptm/m/n/12 dis-per-sive waves, con-ser-va-tion
 laws, Serre equa-tion, fi-nite vol-ume method,
 []


Overfull \hbox (2.3057pt too wide) in paragraph at lines 71--72
\OT1/ptm/m/n/12 tions to the Serre equa-tions in the pres-ence of steep gra-di-
ents (El et al. 2006; Le M[]etayer
 []

[1
Non-PDF special ignored!

{/var/lib/texmf/fonts/map/pdftex/updmap/pdftex.map}]
[2] <pics/explainers/dbs.pdf, id=18, 419.5675pt x 298.11375pt>
File: pics/explainers/dbs.pdf Graphic file (type pdf)

<use pics/explainers/dbs.pdf>
Package pdftex.def Info: pics/explainers/dbs.pdf used on input line 138.
(pdftex.def)             Requested size: 247.59981pt x 175.92653pt.
 [3] [4 <./pics/explainers/dbs.pdf>]
<pics/explainers/SWWEana.pdf, id=38, 238.38661pt x 195.83063pt>
File: pics/explainers/SWWEana.pdf Graphic file (type pdf)

<use pics/explainers/SWWEana.pdf>
Package pdftex.def Info: pics/explainers/SWWEana.pdf used on input line 203.
(pdftex.def)             Requested size: 206.33109pt x 169.5047pt.

<pics/explainers/SERREex.pdf, id=39, 235.39946pt x 181.19896pt>
File: pics/explainers/SERREex.pdf Graphic file (type pdf)

<use pics/explainers/SERREex.pdf>
Package pdftex.def Info: pics/explainers/SERREex.pdf used on input line 210.
(pdftex.def)             Requested size: 206.33109pt x 158.82793pt.
 [5 <./pics/explainers/SWWEana.pdf>]
Overfull \hbox (3.02284pt too wide) in paragraph at lines 236--237
[]\OT1/ptm/m/n/12 We be-gin this study by look-ing into the ef-fect of the ini-
tial steep-ness of the smoothed
 []

[6 <./pics/explainers/SERREex.pdf>]

LaTeX Warning: Reference `fig:FDMsolnorm' on page 7 undefined on input line 245
.


<pics/results/SDB/numsols/alpha0.025/1-figure0.pdf, id=82, 238.38661pt x 195.83
063pt>
File: pics/results/SDB/numsols/alpha0.025/1-figure0.pdf Graphic file (type pdf)

 <use pics/results/SDB/numsols/alpha0.025/1-figure0.pdf>
Package pdftex.def Info: pics/results/SDB/numsols/alpha0.025/1-figure0.pdf used
 on input line 250.
(pdftex.def)             Requested size: 288.86226pt x 237.30539pt.

<pics/results/SDB/Lcon/alpha0.025/1.pdf, id=83, 247.03091pt x 198.53673pt>
File: pics/results/SDB/Lcon/alpha0.025/1.pdf Graphic file (type pdf)

<use pics/results/SDB/Lcon/alpha0.025/1.pdf>
Package pdftex.def Info: pics/results/SDB/Lcon/alpha0.025/1.pdf used on input l
ine 258.
(pdftex.def)             Requested size: 206.33109pt x 165.8336pt.

<pics/results/SDB/Con/1.pdf, id=84, 247.03091pt x 198.53673pt>
File: pics/results/SDB/Con/1.pdf Graphic file (type pdf)

<use pics/results/SDB/Con/1.pdf>
Package pdftex.def Info: pics/results/SDB/Con/1.pdf used on input line 259.
(pdftex.def)             Requested size: 206.33109pt x 165.8336pt.

Overfull \hbox (2.28003pt too wide) in paragraph at lines 258--260
[][] [] 
 []

[7 <./pics/results/SDB/numsols/alpha0.025/1-figure0.pdf>]
<pics/results/SDB/numsols/alpha0.5/1-figure0.pdf, id=105, 238.38661pt x 195.830
63pt>
File: pics/results/SDB/numsols/alpha0.5/1-figure0.pdf Graphic file (type pdf)
 <use pics/results/SDB/numsols/alpha0.5/1-figure0.pdf>
Package pdftex.def Info: pics/results/SDB/numsols/alpha0.5/1-figure0.pdf used o
n input line 278.
(pdftex.def)             Requested size: 288.86226pt x 237.30539pt.

<pics/results/SDB/numsols/alpha0.5/2-figure0.pdf, id=106, 250.3493pt x 195.8306
3pt>
File: pics/results/SDB/numsols/alpha0.5/2-figure0.pdf Graphic file (type pdf)
 <use pics/results/SDB/numsols/alpha0.5/2-figure0.pdf>
Package pdftex.def Info: pics/results/SDB/numsols/alpha0.5/2-figure0.pdf used o
n input line 282.
(pdftex.def)             Requested size: 206.33109pt x 161.4009pt.

<pics/results/SDB/Lcon/alpha0.5/1.pdf, id=107, 247.03091pt x 198.53673pt>
File: pics/results/SDB/Lcon/alpha0.5/1.pdf Graphic file (type pdf)

<use pics/results/SDB/Lcon/alpha0.5/1.pdf>
Package pdftex.def Info: pics/results/SDB/Lcon/alpha0.5/1.pdf used on input lin
e 291.
(pdftex.def)             Requested size: 206.33109pt x 165.8336pt.

<pics/results/SDB/Con/6.pdf, id=108, 247.03091pt x 198.53673pt>
File: pics/results/SDB/Con/6.pdf Graphic file (type pdf)

<use pics/results/SDB/Con/6.pdf>
Package pdftex.def Info: pics/results/SDB/Con/6.pdf used on input line 292.
(pdftex.def)             Requested size: 206.33109pt x 165.8336pt.

Overfull \hbox (2.28003pt too wide) in paragraph at lines 291--293
[][] [] 
 []

[8 <./pics/results/SDB/Lcon/alpha0.025/1.pdf> <./pics/results/SDB/Con/1.pdf>]
[9 <./pics/results/SDB/numsols/alpha0.5/1-figure0.pdf> <./pics/results/SDB/nums
ols/alpha0.5/2-figure0.pdf>]
<pics/results/SDB/numsols/alpha2.5/1-figure0.pdf, id=180, 238.38661pt x 195.830
63pt>
File: pics/results/SDB/numsols/alpha2.5/1-figure0.pdf Graphic file (type pdf)
 <use pics/results/SDB/numsols/alpha2.5/1-figure0.pdf>
Package pdftex.def Info: pics/results/SDB/numsols/alpha2.5/1-figure0.pdf used o
n input line 307.
(pdftex.def)             Requested size: 288.86226pt x 237.30539pt.

<pics/results/SDB/numsols/alpha2.5/2-figure0.pdf, id=181, 250.3493pt x 195.8306
3pt>
File: pics/results/SDB/numsols/alpha2.5/2-figure0.pdf Graphic file (type pdf)
 <use pics/results/SDB/numsols/alpha2.5/2-figure0.pdf>
Package pdftex.def Info: pics/results/SDB/numsols/alpha2.5/2-figure0.pdf used o
n input line 310.
(pdftex.def)             Requested size: 206.33109pt x 161.4009pt.

<pics/results/SDB/numsols/alpha2.5/3-figure0.pdf, id=182, 250.34128pt x 195.830
63pt>
File: pics/results/SDB/numsols/alpha2.5/3-figure0.pdf Graphic file (type pdf)
 <use pics/results/SDB/numsols/alpha2.5/3-figure0.pdf>
Package pdftex.def Info: pics/results/SDB/numsols/alpha2.5/3-figure0.pdf used o
n input line 311.
(pdftex.def)             Requested size: 206.33109pt x 161.40985pt.

Overfull \hbox (2.28003pt too wide) in paragraph at lines 310--312
[][] [] 
 []

<pics/results/SDB/Lcon/alpha2.5/1.pdf, id=183, 248.06578pt x 198.53673pt>
File: pics/results/SDB/Lcon/alpha2.5/1.pdf Graphic file (type pdf)

<use pics/results/SDB/Lcon/alpha2.5/1.pdf>
Package pdftex.def Info: pics/results/SDB/Lcon/alpha2.5/1.pdf used on input lin
e 321.
(pdftex.def)             Requested size: 206.33109pt x 165.1338pt.

<pics/results/SDB/Con/9.pdf, id=184, 247.03091pt x 198.53673pt>
File: pics/results/SDB/Con/9.pdf Graphic file (type pdf)

<use pics/results/SDB/Con/9.pdf>
Package pdftex.def Info: pics/results/SDB/Con/9.pdf used on input line 322.
(pdftex.def)             Requested size: 206.33109pt x 165.8336pt.

Overfull \hbox (2.28003pt too wide) in paragraph at lines 321--323
[][] [] 
 []


<pics/results/SDB/numsols/alpha10/1-figure0.pdf, id=185, 238.38661pt x 195.8306
3pt>
File: pics/results/SDB/numsols/alpha10/1-figure0.pdf Graphic file (type pdf)
 <use pics/results/SDB/numsols/alpha10/1-figure0.pdf>
Package pdftex.def Info: pics/results/SDB/numsols/alpha10/1-figure0.pdf used on
 input line 337.
(pdftex.def)             Requested size: 288.86226pt x 237.30539pt.

<pics/results/SDB/numsols/alpha10/2-figure0.pdf, id=186, 250.3493pt x 195.83063
pt>
File: pics/results/SDB/numsols/alpha10/2-figure0.pdf Graphic file (type pdf)
 <use pics/results/SDB/numsols/alpha10/2-figure0.pdf>
Package pdftex.def Info: pics/results/SDB/numsols/alpha10/2-figure0.pdf used on
 input line 340.
(pdftex.def)             Requested size: 206.33109pt x 161.4009pt.

<pics/results/SDB/numsols/alpha10/3-figure0.pdf, id=187, 250.34128pt x 195.8306
3pt>
File: pics/results/SDB/numsols/alpha10/3-figure0.pdf Graphic file (type pdf)
 <use pics/results/SDB/numsols/alpha10/3-figure0.pdf>
Package pdftex.def Info: pics/results/SDB/numsols/alpha10/3-figure0.pdf used on
 input line 341.
(pdftex.def)             Requested size: 206.33109pt x 161.40985pt.

Overfull \hbox (2.28003pt too wide) in paragraph at lines 340--342
[][] [] 
 []

<pics/results/SDB/Lcon/alpha10/1.pdf, id=188, 248.06578pt x 198.53673pt>
File: pics/results/SDB/Lcon/alpha10/1.pdf Graphic file (type pdf)

<use pics/results/SDB/Lcon/alpha10/1.pdf>
Package pdftex.def Info: pics/results/SDB/Lcon/alpha10/1.pdf used on input line
 350.
(pdftex.def)             Requested size: 206.33109pt x 165.1338pt.

<pics/results/SDB/Con/12.pdf, id=189, 247.03091pt x 198.53673pt>
File: pics/results/SDB/Con/12.pdf Graphic file (type pdf)

<use pics/results/SDB/Con/12.pdf>
Package pdftex.def Info: pics/results/SDB/Con/12.pdf used on input line 351.
(pdftex.def)             Requested size: 206.33109pt x 165.8336pt.

Overfull \hbox (2.28003pt too wide) in paragraph at lines 350--352
[][] [] 
 []

[10 <./pics/results/SDB/Lcon/alpha0.5/1.pdf> <./pics/results/SDB/Con/6.pdf>]
[11 <./pics/results/SDB/numsols/alpha2.5/1-figure0.pdf> <./pics/results/SDB/num
sols/alpha2.5/2-figure0.pdf> <./pics/results/SDB/numsols/alpha2.5/3-figure0.pdf
>]
<pics/results/SDB/numsols/modelcomppalpha10dx10/1-figure0.pdf, id=271, 238.3866
1pt x 195.83063pt>
File: pics/results/SDB/numsols/modelcomppalpha10dx10/1-figure0.pdf Graphic file
 (type pdf)

<use pics/results/SDB/numsols/modelcomppalpha10dx10/1-figure0.pdf>
Package pdftex.def Info: pics/results/SDB/numsols/modelcomppalpha10dx10/1-figur
e0.pdf used on input line 376.
(pdftex.def)             Requested size: 288.86226pt x 237.30539pt.

<pics/results/SDB/numsols/modelcomppalpha10dx10/2-figure0.pdf, id=272, 250.3493
pt x 195.83063pt>
File: pics/results/SDB/numsols/modelcomppalpha10dx10/2-figure0.pdf Graphic file
 (type pdf)

<use pics/results/SDB/numsols/modelcomppalpha10dx10/2-figure0.pdf>
Package pdftex.def Info: pics/results/SDB/numsols/modelcomppalpha10dx10/2-figur
e0.pdf used on input line 379.
(pdftex.def)             Requested size: 206.33109pt x 161.4009pt.

<pics/results/SDB/numsols/modelcomppalpha10dx10/4-figure0.pdf, id=273, 250.3412
8pt x 195.83063pt>
File: pics/results/SDB/numsols/modelcomppalpha10dx10/4-figure0.pdf Graphic file
 (type pdf)

<use pics/results/SDB/numsols/modelcomppalpha10dx10/4-figure0.pdf>
Package pdftex.def Info: pics/results/SDB/numsols/modelcomppalpha10dx10/4-figur
e0.pdf used on input line 380.
(pdftex.def)             Requested size: 206.33109pt x 161.40985pt.

Overfull \hbox (2.28003pt too wide) in paragraph at lines 379--381
[][] [] 
 []

[12 <./pics/results/SDB/Lcon/alpha2.5/1.pdf> <./pics/results/SDB/Con/9.pdf>]
<pics/results/SDB/numsols/300s/CF0t300s.pdf, id=314, 241.57251pt x 197.19171pt>
File: pics/results/SDB/numsols/300s/CF0t300s.pdf Graphic file (type pdf)
<use pics/results/SDB/numsols/300s/CF0t300s.pdf>
Package pdftex.def Info: pics/results/SDB/numsols/300s/CF0t300s.pdf used on inp
ut line 420.
(pdftex.def)             Requested size: 288.86226pt x 235.8014pt.

<pics/results/SDB/numsols/300s/CF1t300s.pdf, id=315, 241.5695pt x 197.19171pt>
File: pics/results/SDB/numsols/300s/CF1t300s.pdf Graphic file (type pdf)

<use pics/results/SDB/numsols/300s/CF1t300s.pdf>
Package pdftex.def Info: pics/results/SDB/numsols/300s/CF1t300s.pdf used on inp
ut line 423.
(pdftex.def)             Requested size: 206.33109pt x 168.42915pt.

<pics/results/SDB/numsols/300s/CF2t300s.pdf, id=316, 246.3634pt x 195.83163pt>
File: pics/results/SDB/numsols/300s/CF2t300s.pdf Graphic file (type pdf)

<use pics/results/SDB/numsols/300s/CF2t300s.pdf>
Package pdftex.def Info: pics/results/SDB/numsols/300s/CF2t300s.pdf used on inp
ut line 424.
(pdftex.def)             Requested size: 206.33109pt x 164.01038pt.

Overfull \hbox (2.28003pt too wide) in paragraph at lines 423--425
[][] [] 
 []


<pics/results/SDB/numsols/300s/evolve30s.pdf, id=317, 246.3634pt x 195.82962pt>
File: pics/results/SDB/numsols/300s/evolve30s.pdf Graphic file (type pdf)
<use pics/results/SDB/numsols/300s/evolve30s.pdf>
Package pdftex.def Info: pics/results/SDB/numsols/300s/evolve30s.pdf used on in
put line 433.
(pdftex.def)             Requested size: 206.33109pt x 164.00868pt.

<pics/results/SDB/numsols/300s/evolve100s.pdf, id=318, 246.3634pt x 195.82962pt
>
File: pics/results/SDB/numsols/300s/evolve100s.pdf Graphic file (type pdf)
 <use pics/results/SDB/numsols/300s/evolve100s.pdf>
Package pdftex.def Info: pics/results/SDB/numsols/300s/evolve100s.pdf used on i
nput line 437.
(pdftex.def)             Requested size: 206.33109pt x 164.00868pt.

<pics/results/SDB/numsols/300s/evolve200s.pdf, id=319, 246.3634pt x 195.82962pt
>
File: pics/results/SDB/numsols/300s/evolve200s.pdf Graphic file (type pdf)
 <use pics/results/SDB/numsols/300s/evolve200s.pdf>
Package pdftex.def Info: pics/results/SDB/numsols/300s/evolve200s.pdf used on i
nput line 441.
(pdftex.def)             Requested size: 206.33109pt x 164.00868pt.

<pics/results/SDB/numsols/300s/evolve300s.pdf, id=320, 246.3634pt x 195.82962pt
>
File: pics/results/SDB/numsols/300s/evolve300s.pdf Graphic file (type pdf)
 <use pics/results/SDB/numsols/300s/evolve300s.pdf>
Package pdftex.def Info: pics/results/SDB/numsols/300s/evolve300s.pdf used on i
nput line 445.
(pdftex.def)             Requested size: 206.33109pt x 164.00868pt.
 [13 <./pics/results/SDB/numsols/alpha10/1-figure0.pdf> <./pics/results/SDB/num
sols/alpha10/2-figure0.pdf> <./pics/results/SDB/numsols/alpha10/3-figure0.pdf>]

<pics/results/SDB/numsols/SWWCOMP/30s/0.pdf, id=367, 283.62863pt x 195.83063pt>
File: pics/results/SDB/numsols/SWWCOMP/30s/0.pdf Graphic file (type pdf)
<use pics/results/SDB/numsols/SWWCOMP/30s/0.pdf>
Package pdftex.def Info: pics/results/SDB/numsols/SWWCOMP/30s/0.pdf used on inp
ut line 462.
(pdftex.def)             Requested size: 206.33109pt x 142.46211pt.

<pics/results/SDB/numsols/SWWCOMP/30s/2.pdf, id=368, 283.63066pt x 195.83063pt>
File: pics/results/SDB/numsols/SWWCOMP/30s/2.pdf Graphic file (type pdf)
<use pics/results/SDB/numsols/SWWCOMP/30s/2.pdf>
Package pdftex.def Info: pics/results/SDB/numsols/SWWCOMP/30s/2.pdf used on inp
ut line 463.
(pdftex.def)             Requested size: 206.33109pt x 142.46211pt.

Overfull \hbox (2.28003pt too wide) in paragraph at lines 462--464
[][] [] 
 []


<pics/results/SDB/numsols/SWWCOMP/30s/1.pdf, id=369, 283.63066pt x 195.83063pt>
File: pics/results/SDB/numsols/SWWCOMP/30s/1.pdf Graphic file (type pdf)
<use pics/results/SDB/numsols/SWWCOMP/30s/1.pdf>
Package pdftex.def Info: pics/results/SDB/numsols/SWWCOMP/30s/1.pdf used on inp
ut line 466.
(pdftex.def)             Requested size: 206.33109pt x 142.46211pt.

<pics/results/SDB/numsols/SWWCOMP/30s/3.pdf, id=370, 291.60242pt x 195.83063pt>
File: pics/results/SDB/numsols/SWWCOMP/30s/3.pdf Graphic file (type pdf)
<use pics/results/SDB/numsols/SWWCOMP/30s/3.pdf>
Package pdftex.def Info: pics/results/SDB/numsols/SWWCOMP/30s/3.pdf used on inp
ut line 467.
(pdftex.def)             Requested size: 206.33109pt x 138.56859pt.

Overfull \hbox (2.28003pt too wide) in paragraph at lines 466--468
[][] [] 
 []


<pics/results/SDB/numsols/SWWCOMP/300s/0.pdf, id=371, 283.63066pt x 197.19171pt
>
File: pics/results/SDB/numsols/SWWCOMP/300s/0.pdf Graphic file (type pdf)
 <use pics/results/SDB/numsols/SWWCOMP/300s/0.pdf>
Package pdftex.def Info: pics/results/SDB/numsols/SWWCOMP/300s/0.pdf used on in
put line 476.
(pdftex.def)             Requested size: 206.33109pt x 143.45227pt.

<pics/results/SDB/numsols/SWWCOMP/300s/2.pdf, id=372, 283.62863pt x 197.19171pt
>
File: pics/results/SDB/numsols/SWWCOMP/300s/2.pdf Graphic file (type pdf)
 <use pics/results/SDB/numsols/SWWCOMP/300s/2.pdf>
Package pdftex.def Info: pics/results/SDB/numsols/SWWCOMP/300s/2.pdf used on in
put line 477.
(pdftex.def)             Requested size: 206.33109pt x 143.45227pt.

Overfull \hbox (2.28003pt too wide) in paragraph at lines 476--478
[][] [] 
 []


<pics/results/SDB/numsols/SWWCOMP/300s/1.pdf, id=373, 299.57321pt x 196.66774pt
>
File: pics/results/SDB/numsols/SWWCOMP/300s/1.pdf Graphic file (type pdf)
 <use pics/results/SDB/numsols/SWWCOMP/300s/1.pdf>
Package pdftex.def Info: pics/results/SDB/numsols/SWWCOMP/300s/1.pdf used on in
put line 480.
(pdftex.def)             Requested size: 206.33109pt x 135.45781pt.

<pics/results/SDB/numsols/SWWCOMP/300s/3.pdf, id=374, 307.54599pt x 195.83363pt
>
File: pics/results/SDB/numsols/SWWCOMP/300s/3.pdf Graphic file (type pdf)
 <use pics/results/SDB/numsols/SWWCOMP/300s/3.pdf>
Package pdftex.def Info: pics/results/SDB/numsols/SWWCOMP/300s/3.pdf used on in
put line 481.
(pdftex.def)             Requested size: 206.33109pt x 131.38713pt.

Overfull \hbox (2.28003pt too wide) in paragraph at lines 480--482
[][] [] 
 []

<pics/results/SDB/CDspeed/speed.pdf, id=375, 238.38661pt x 199.23434pt>
File: pics/results/SDB/CDspeed/speed.pdf Graphic file (type pdf)

<use pics/results/SDB/CDspeed/speed.pdf>
Package pdftex.def Info: pics/results/SDB/CDspeed/speed.pdf used on input line 
497.
(pdftex.def)             Requested size: 206.33109pt x 172.45084pt.
 [14 <./pics/results/SDB/Lcon/alpha10/1.pdf> <./pics/results/SDB/Con/12.pdf>]
<pics/results/SDB/numsols/300s/a.pdf, id=415, 250.3493pt x 195.83063pt>
File: pics/results/SDB/numsols/300s/a.pdf Graphic file (type pdf)

<use pics/results/SDB/numsols/300s/a.pdf>
Package pdftex.def Info: pics/results/SDB/numsols/300s/a.pdf used on input line
 508.
(pdftex.def)             Requested size: 206.33109pt x 161.4009pt.
 [15 <./pics/results/SDB/numsols/modelcomppalpha10dx10/1-figure0.pdf> <./pics/r
esults/SDB/numsols/modelcomppalpha10dx10/2-figure0.pdf> <./pics/results/SDB/num
sols/modelcomppalpha10dx10/4-figure0.pdf>] [16 <./pics/results/SDB/numsols/300s
/CF0t300s.pdf> <./pics/results/SDB/numsols/300s/CF1t300s.pdf> <./pics/results/S
DB/numsols/300s/CF2t300s.pdf>]
<pics/results/SDB/H/Time/HFT-figure0.pdf, id=513, 245.25026pt x 195.83063pt>
File: pics/results/SDB/H/Time/HFT-figure0.pdf Graphic file (type pdf)

<use pics/results/SDB/H/Time/HFT-figure0.pdf>
Package pdftex.def Info: pics/results/SDB/H/Time/HFT-figure0.pdf used on input 
line 520.
(pdftex.def)             Requested size: 206.33109pt x 164.76254pt.

<pics/results/SDB/H/Time/TT-figure0.pdf, id=514, 253.22304pt x 202.48648pt>
File: pics/results/SDB/H/Time/TT-figure0.pdf Graphic file (type pdf)

<use pics/results/SDB/H/Time/TT-figure0.pdf>
Package pdftex.def Info: pics/results/SDB/H/Time/TT-figure0.pdf used on input l
ine 521.
(pdftex.def)             Requested size: 214.3783pt x 171.42531pt.

Overfull \hbox (10.32724pt too wide) in paragraph at lines 520--522
[][] [] 
 []

[17 <./pics/results/SDB/numsols/300s/evolve30s.pdf> <./pics/results/SDB/numsols
/300s/evolve100s.pdf> <./pics/results/SDB/numsols/300s/evolve200s.pdf> <./pics/
results/SDB/numsols/300s/evolve300s.pdf>] (./Serre_ASCE.bbl [18 <./pics/results
/SDB/numsols/SWWCOMP/30s/0.pdf> <./pics/results/SDB/numsols/SWWCOMP/30s/2.pdf> 
<./pics/results/SDB/numsols/SWWCOMP/30s/1.pdf> <./pics/results/SDB/numsols/SWWC
OMP/30s/3.pdf>] [19 <./pics/results/SDB/numsols/SWWCOMP/300s/0.pdf> <./pics/res
ults/SDB/numsols/SWWCOMP/300s/2.pdf> <./pics/results/SDB/numsols/SWWCOMP/300s/1
.pdf> <./pics/results/SDB/numsols/SWWCOMP/300s/3.pdf> <./pics/results/SDB/CDspe
ed/speed.pdf>]
Missing character: There is no â in font ptmr7t!
Missing character: There is no € in font ptmr7t!
Missing character: There is no “ in font ptmr7t!
 [20 <./pics/results/SDB/numsols/300s/a.pdf> <./pics/results/SDB/H/Time/HFT-fig
ure0.pdf> <./pics/results/SDB/H/Time/TT-figure0.pdf>]) [21]
[22] [23] (./Serre_ASCE.aux)

LaTeX Warning: There were undefined references.

 ) 
Here is how much of TeX's memory you used:
 6473 strings out of 494953
 98085 string characters out of 6180977
 178868 words of memory out of 5000000
 9565 multiletter control sequences out of 15000+600000
 33808 words of font info for 80 fonts, out of 8000000 for 9000
 14 hyphenation exceptions out of 8191
 43i,25n,77p,1660b,586s stack positions out of 5000i,500n,10000p,200000b,80000s
{/usr/share/texlive/texmf-dist/fonts/enc/dvips/base/8r.enc}</usr/share/texliv
e/texmf-dist/fonts/type1/public/amsfonts/cm/cmex10.pfb></usr/share/texlive/texm
f-dist/fonts/type1/public/amsfonts/cm/cmmi10.pfb></usr/share/texlive/texmf-dist
/fonts/type1/public/amsfonts/cm/cmmi12.pfb></usr/share/texlive/texmf-dist/fonts
/type1/public/amsfonts/cm/cmmi7.pfb></usr/share/texlive/texmf-dist/fonts/type1/
public/amsfonts/cm/cmmi8.pfb></usr/share/texlive/texmf-dist/fonts/type1/public/
amsfonts/cm/cmmib10.pfb></usr/share/texlive/texmf-dist/fonts/type1/public/amsfo
nts/cm/cmr10.pfb></usr/share/texlive/texmf-dist/fonts/type1/public/amsfonts/cm/
cmr12.pfb></usr/share/texlive/texmf-dist/fonts/type1/public/amsfonts/cm/cmr5.pf
b></usr/share/texlive/texmf-dist/fonts/type1/public/amsfonts/cm/cmr6.pfb></usr/
share/texlive/texmf-dist/fonts/type1/public/amsfonts/cm/cmr7.pfb></usr/share/te
xlive/texmf-dist/fonts/type1/public/amsfonts/cm/cmr8.pfb></usr/share/texlive/te
xmf-dist/fonts/type1/public/amsfonts/cm/cmsy10.pfb></usr/share/texlive/texmf-di
st/fonts/type1/public/amsfonts/cm/cmsy5.pfb></usr/share/texlive/texmf-dist/font
s/type1/public/amsfonts/cm/cmsy7.pfb></usr/share/texlive/texmf-dist/fonts/type1
/public/amsfonts/cm/cmsy8.pfb></usr/share/texlive/texmf-dist/fonts/type1/public
/amsfonts/symbols/msam10.pfb></usr/share/texlive/texmf-dist/fonts/type1/urw/hel
vetic/uhvb8a.pfb></usr/share/texlive/texmf-dist/fonts/type1/urw/helvetic/uhvr8a
.pfb></usr/share/texlive/texmf-dist/fonts/type1/urw/times/utmb8a.pfb></usr/shar
e/texlive/texmf-dist/fonts/type1/urw/times/utmr8a.pfb></usr/share/texlive/texmf
-dist/fonts/type1/urw/times/utmri8a.pfb>
Output written on Serre_ASCE.pdf (23 pages, 5230216 bytes).
PDF statistics:
 894 PDF objects out of 1000 (max. 8388607)
 797 compressed objects within 8 object streams
 0 named destinations out of 1000 (max. 500000)
 211 words of extra memory for PDF output out of 10000 (max. 10000000)

