This is pdfTeX, Version 3.14159265-2.6-1.40.16 (TeX Live 2015/Debian) (preloaded format=pdflatex 2017.8.24)  13 SEP 2017 11:34
entering extended mode
 restricted \write18 enabled.
 %&-line parsing enabled.
**MODSIM2017_example.tex
(./MODSIM2017_example.tex
LaTeX2e <2016/02/01>
Babel <3.9q> and hyphenation patterns for 3 language(s) loaded.
(/usr/share/texlive/texmf-dist/tex/latex/base/article.cls
Document Class: article 2014/09/29 v1.4h Standard LaTeX document class
(/usr/share/texlive/texmf-dist/tex/latex/base/fleqn.clo
File: fleqn.clo 2015/03/31 v1.1i Standard LaTeX option (flush left equations)
\mathindent=\dimen102
Applying: [2015/01/01] Make \[ robust on input line 50.
LaTeX Info: Redefining \[ on input line 51.
Already applied: [0000/00/00] Make \[ robust on input line 62.
Applying: [2015/01/01] Make \] robust on input line 74.
LaTeX Info: Redefining \] on input line 75.
Already applied: [0000/00/00] Make \] robust on input line 83.
)
(/usr/share/texlive/texmf-dist/tex/latex/base/size10.clo
File: size10.clo 2014/09/29 v1.4h Standard LaTeX file (size option)
)
\c@part=\count79
\c@section=\count80
\c@subsection=\count81
\c@subsubsection=\count82
\c@paragraph=\count83
\c@subparagraph=\count84
\c@figure=\count85
\c@table=\count86
\abovecaptionskip=\skip41
\belowcaptionskip=\skip42
\bibindent=\dimen103
) (./modsim.sty
\@bls=\dimen104
\@eps=\dimen105
\@blsAdd=\dimen106
\fm@box=\box26
\c@address=\count87
\abstract@box=\box27
\t@keyword=\box28
\@tempcntc=\count88
)
(/usr/share/texlive/texmf-dist/tex/latex/psnfss/times.sty
Package: times 2005/04/12 PSNFSS-v9.2a (SPQR) 
)
(/usr/share/texlive/texmf-dist/tex/latex/natbib/natbib.sty
Package: natbib 2010/09/13 8.31b (PWD, AO)
\bibhang=\skip43
\bibsep=\skip44
LaTeX Info: Redefining \cite on input line 694.
\c@NAT@ctr=\count89
)
(/usr/share/texlive/texmf-dist/tex/latex/amsmath/amsmath.sty
Package: amsmath 2016/03/03 v2.15a AMS math features
\@mathmargin=\skip45

For additional information on amsmath, use the `?' option.
(/usr/share/texlive/texmf-dist/tex/latex/amsmath/amstext.sty
Package: amstext 2000/06/29 v2.01 AMS text

(/usr/share/texlive/texmf-dist/tex/latex/amsmath/amsgen.sty
File: amsgen.sty 1999/11/30 v2.0 generic functions
\@emptytoks=\toks14
\ex@=\dimen107
))
(/usr/share/texlive/texmf-dist/tex/latex/amsmath/amsbsy.sty
Package: amsbsy 1999/11/29 v1.2d Bold Symbols
\pmbraise@=\dimen108
)
(/usr/share/texlive/texmf-dist/tex/latex/amsmath/amsopn.sty
Package: amsopn 1999/12/14 v2.01 operator names
)
\inf@bad=\count90
LaTeX Info: Redefining \frac on input line 199.
\uproot@=\count91
\leftroot@=\count92
LaTeX Info: Redefining \overline on input line 297.
\classnum@=\count93
\DOTSCASE@=\count94
LaTeX Info: Redefining \ldots on input line 394.
LaTeX Info: Redefining \dots on input line 397.
LaTeX Info: Redefining \cdots on input line 518.
\Mathstrutbox@=\box29
\strutbox@=\box30
\big@size=\dimen109
LaTeX Font Info:    Redeclaring font encoding OML on input line 630.
LaTeX Font Info:    Redeclaring font encoding OMS on input line 631.
\macc@depth=\count95
\c@MaxMatrixCols=\count96
\dotsspace@=\muskip10
\c@parentequation=\count97
\dspbrk@lvl=\count98
\tag@help=\toks15
\row@=\count99
\column@=\count100
\maxfields@=\count101
\andhelp@=\toks16
\eqnshift@=\dimen110
\alignsep@=\dimen111
\tagshift@=\dimen112
\tagwidth@=\dimen113
\totwidth@=\dimen114
\lineht@=\dimen115
\@envbody=\toks17
\multlinegap=\skip46
\multlinetaggap=\skip47
\mathdisplay@stack=\toks18
LaTeX Info: Redefining \[ on input line 2735.
LaTeX Info: Redefining \] on input line 2736.
)
(/usr/share/texlive/texmf-dist/tex/latex/amsfonts/amssymb.sty
Package: amssymb 2013/01/14 v3.01 AMS font symbols

(/usr/share/texlive/texmf-dist/tex/latex/amsfonts/amsfonts.sty
Package: amsfonts 2013/01/14 v3.01 Basic AMSFonts support
\symAMSa=\mathgroup4
\symAMSb=\mathgroup5
LaTeX Font Info:    Overwriting math alphabet `\mathfrak' in version `bold'
(Font)                  U/euf/m/n --> U/euf/b/n on input line 106.
))
(/usr/share/texlive/texmf-dist/tex/latex/amscls/amsthm.sty
Package: amsthm 2015/03/04 v2.20.2
\thm@style=\toks19
\thm@bodyfont=\toks20
\thm@headfont=\toks21
\thm@notefont=\toks22
\thm@headpunct=\toks23
\thm@preskip=\skip48
\thm@postskip=\skip49
\thm@headsep=\skip50
\dth@everypar=\toks24
)
(/usr/share/texlive/texmf-dist/tex/latex/rotating/rotating.sty
Package: rotating 2009/03/28 v2.16a rotated objects in LaTeX

(/usr/share/texlive/texmf-dist/tex/latex/graphics/graphicx.sty
Package: graphicx 2014/10/28 v1.0g Enhanced LaTeX Graphics (DPC,SPQR)

(/usr/share/texlive/texmf-dist/tex/latex/graphics/keyval.sty
Package: keyval 2014/10/28 v1.15 key=value parser (DPC)
\KV@toks@=\toks25
)
(/usr/share/texlive/texmf-dist/tex/latex/graphics/graphics.sty
Package: graphics 2016/01/03 v1.0q Standard LaTeX Graphics (DPC,SPQR)

(/usr/share/texlive/texmf-dist/tex/latex/graphics/trig.sty
Package: trig 2016/01/03 v1.10 sin cos tan (DPC)
)
(/usr/share/texlive/texmf-dist/tex/latex/latexconfig/graphics.cfg
File: graphics.cfg 2010/04/23 v1.9 graphics configuration of TeX Live
)
Package graphics Info: Driver file: pdftex.def on input line 95.

(/usr/share/texlive/texmf-dist/tex/latex/pdftex-def/pdftex.def
File: pdftex.def 2011/05/27 v0.06d Graphics/color for pdfTeX

(/usr/share/texlive/texmf-dist/tex/generic/oberdiek/infwarerr.sty
Package: infwarerr 2010/04/08 v1.3 Providing info/warning/error messages (HO)
)
(/usr/share/texlive/texmf-dist/tex/generic/oberdiek/ltxcmds.sty
Package: ltxcmds 2011/11/09 v1.22 LaTeX kernel commands for general use (HO)
)
\Gread@gobject=\count102
))
\Gin@req@height=\dimen116
\Gin@req@width=\dimen117
)
(/usr/share/texlive/texmf-dist/tex/latex/base/ifthen.sty
Package: ifthen 2014/09/29 v1.1c Standard LaTeX ifthen package (DPC)
)
\c@r@tfl@t=\count103
\rotFPtop=\skip51
\rotFPbot=\skip52
\rot@float@box=\box31
\rot@mess@toks=\toks26
)
(/usr/share/texlive/texmf-dist/tex/latex/tools/enumerate.sty
Package: enumerate 2015/07/23 v3.00 enumerate extensions (DPC)
\@enLab=\toks27
)
(/usr/share/texlive/texmf-dist/tex/latex/ccaption/ccaption.sty
Package: ccaption 2011/08/07 v3.2c Extended captioning and new floats
\@contcwidth=\skip53
\@contindw=\skip54
\abovelegendskip=\skip55
\belowlegendskip=\skip56
\c@newflo@tctr=\count104
)
\c@lemma=\count105
\c@corollary=\count106
\c@assumption=\count107
\c@theorem=\count108
\c@remark=\count109
\c@definition=\count110
\c@cce=\count111
\c@proposition=\count112

(./MODSIM2017_example.aux)
\openout1 = `MODSIM2017_example.aux'.

LaTeX Font Info:    Checking defaults for OML/cmm/m/it on input line 53.
LaTeX Font Info:    ... okay on input line 53.
LaTeX Font Info:    Checking defaults for T1/cmr/m/n on input line 53.
LaTeX Font Info:    ... okay on input line 53.
LaTeX Font Info:    Checking defaults for OT1/cmr/m/n on input line 53.
LaTeX Font Info:    ... okay on input line 53.
LaTeX Font Info:    Checking defaults for OMS/cmsy/m/n on input line 53.
LaTeX Font Info:    ... okay on input line 53.
LaTeX Font Info:    Checking defaults for OMX/cmex/m/n on input line 53.
LaTeX Font Info:    ... okay on input line 53.
LaTeX Font Info:    Checking defaults for U/cmr/m/n on input line 53.
LaTeX Font Info:    ... okay on input line 53.
LaTeX Font Info:    Try loading font information for OT1+ptm on input line 53.

(/usr/share/texlive/texmf-dist/tex/latex/psnfss/ot1ptm.fd
File: ot1ptm.fd 2001/06/04 font definitions for OT1/ptm.
)
(/usr/share/texlive/texmf-dist/tex/context/base/supp-pdf.mkii
[Loading MPS to PDF converter (version 2006.09.02).]
\scratchcounter=\count113
\scratchdimen=\dimen118
\scratchbox=\box32
\nofMPsegments=\count114
\nofMParguments=\count115
\everyMPshowfont=\toks28
\MPscratchCnt=\count116
\MPscratchDim=\dimen119
\MPnumerator=\count117
\makeMPintoPDFobject=\count118
\everyMPtoPDFconversion=\toks29
) (/usr/share/texlive/texmf-dist/tex/generic/oberdiek/pdftexcmds.sty
Package: pdftexcmds 2011/11/29 v0.20 Utility functions of pdfTeX for LuaTeX (HO
)

(/usr/share/texlive/texmf-dist/tex/generic/oberdiek/ifluatex.sty
Package: ifluatex 2010/03/01 v1.3 Provides the ifluatex switch (HO)
Package ifluatex Info: LuaTeX not detected.
)
(/usr/share/texlive/texmf-dist/tex/generic/oberdiek/ifpdf.sty
Package: ifpdf 2011/01/30 v2.3 Provides the ifpdf switch (HO)
Package ifpdf Info: pdfTeX in PDF mode is detected.
)
Package pdftexcmds Info: LuaTeX not detected.
Package pdftexcmds Info: \pdf@primitive is available.
Package pdftexcmds Info: \pdf@ifprimitive is available.
Package pdftexcmds Info: \pdfdraftmode found.
)
(/usr/share/texlive/texmf-dist/tex/latex/oberdiek/epstopdf-base.sty
Package: epstopdf-base 2010/02/09 v2.5 Base part for package epstopdf

(/usr/share/texlive/texmf-dist/tex/latex/oberdiek/grfext.sty
Package: grfext 2010/08/19 v1.1 Manage graphics extensions (HO)

(/usr/share/texlive/texmf-dist/tex/generic/oberdiek/kvdefinekeys.sty
Package: kvdefinekeys 2011/04/07 v1.3 Define keys (HO)
))
(/usr/share/texlive/texmf-dist/tex/latex/oberdiek/kvoptions.sty
Package: kvoptions 2011/06/30 v3.11 Key value format for package options (HO)

(/usr/share/texlive/texmf-dist/tex/generic/oberdiek/kvsetkeys.sty
Package: kvsetkeys 2012/04/25 v1.16 Key value parser (HO)

(/usr/share/texlive/texmf-dist/tex/generic/oberdiek/etexcmds.sty
Package: etexcmds 2011/02/16 v1.5 Avoid name clashes with e-TeX commands (HO)
Package etexcmds Info: Could not find \expanded.
(etexcmds)             That can mean that you are not using pdfTeX 1.50 or
(etexcmds)             that some package has redefined \expanded.
(etexcmds)             In the latter case, load this package earlier.
)))
Package grfext Info: Graphics extension search list:
(grfext)             [.png,.pdf,.jpg,.mps,.jpeg,.jbig2,.jb2,.PNG,.PDF,.JPG,.JPE
G,.JBIG2,.JB2,.eps]
(grfext)             \AppendGraphicsExtensions on input line 452.

(/usr/share/texlive/texmf-dist/tex/latex/latexconfig/epstopdf-sys.cfg
File: epstopdf-sys.cfg 2010/07/13 v1.3 Configuration of (r)epstopdf for TeX Liv
e
))
LaTeX Font Info:    Font shape `OT1/ptm/bx/n' in size <10> not available
(Font)              Font shape `OT1/ptm/b/n' tried instead on input line 65.
LaTeX Font Info:    Font shape `OT1/ptm/bx/it' in size <10> not available
(Font)              Font shape `OT1/ptm/b/it' tried instead on input line 65.
LaTeX Font Info:    Font shape `OT1/ptm/bx/n' in size <18> not available
(Font)              Font shape `OT1/ptm/b/n' tried instead on input line 75.
LaTeX Font Info:    Try loading font information for U+msa on input line 75.

(/usr/share/texlive/texmf-dist/tex/latex/amsfonts/umsa.fd
File: umsa.fd 2013/01/14 v3.01 AMS symbols A
)
LaTeX Font Info:    Try loading font information for U+msb on input line 75.

(/usr/share/texlive/texmf-dist/tex/latex/amsfonts/umsb.fd
File: umsb.fd 2013/01/14 v3.01 AMS symbols B
) [1

{/var/lib/texmf/fonts/map/pdftex/updmap/pdftex.map}]
LaTeX Font Info:    Font shape `OT1/ptm/bx/sc' in size <10> not available
(Font)              Font shape `OT1/ptm/b/sc' tried instead on input line 77.


Package natbib Warning: Citation `Perron:1989' on page 2 undefined on input lin
e 79.


Package natbib Warning: Citation `Perron:1989' on page 2 undefined on input lin
e 79.


Package natbib Warning: Citation `Perron:1990' on page 2 undefined on input lin
e 79.


Package natbib Warning: Citation `Perron:1992' on page 2 undefined on input lin
e 79.


Package natbib Warning: Citation `Zivot:1992' on page 2 undefined on input line
 79.


Package natbib Warning: Citation `Lumsdaine:1997' on page 2 undefined on input 
line 79.


Package natbib Warning: Citation `Zivot:1992' on page 2 undefined on input line
 79.


Package natbib Warning: Citation `Lee:2003' on page 2 undefined on input line 7
9.


Package natbib Warning: Citation `Zivot:1992' on page 2 undefined on input line
 81.


Package natbib Warning: Citation `Lumsdaine:1997' on page 2 undefined on input 
line 81.


Package natbib Warning: Citation `Perron:1989' on page 2 undefined on input lin
e 81.


Package natbib Warning: Citation `Nunes:1997' on page 2 undefined on input line
 81.


Package natbib Warning: Citation `Vogelsang:1998' on page 2 undefined on input 
line 81.


Package natbib Warning: Citation `Lee:2001' on page 2 undefined on input line 8
1.


Package natbib Warning: Citation `Perron:1989' on page 2 undefined on input lin
e 81.


Package natbib Warning: Citation `Lee:2003' on page 2 undefined on input line 8
1.


Package natbib Warning: Citation `Perron:1989' on page 2 undefined on input lin
e 81.


Package natbib Warning: Citation `Zivot:1992' on page 2 undefined on input line
 81.


Package natbib Warning: Citation `Lumsdaine:1997' on page 2 undefined on input 
line 81.


Package natbib Warning: Citation `Lumsdaine:1997' on page 2 undefined on input 
line 83.


Package natbib Warning: Citation `Perron:1989' on page 2 undefined on input lin
e 83.


Package natbib Warning: Citation `Zivot:1992' on page 2 undefined on input line
 83.


Package natbib Warning: Citation `Perron:1989' on page 2 undefined on input lin
e 83.


Package natbib Warning: Citation `Perron:1989' on page 2 undefined on input lin
e 83.


Package natbib Warning: Citation `Zivot:1992' on page 2 undefined on input line
 83.


Package natbib Warning: Citation `Lumsdaine:1997' on page 2 undefined on input 
line 83.


Package natbib Warning: Citation `Lee:2003' on page 2 undefined on input line 8
3.


Package natbib Warning: Citation `KimPerron:2009' on page 2 undefined on input 
line 85.


Package natbib Warning: Citation `PerronYabu:2009' on page 2 undefined on input
 line 85.


Package natbib Warning: Citation `KimPerron:2009' on page 2 undefined on input 
line 85.


Package natbib Warning: Citation `KimPerron:2009' on page 2 undefined on input 
line 85.


Package natbib Warning: Citation `Carrion:2002' on page 2 undefined on input li
ne 90.


Package natbib Warning: Citation `Perron:1989' on page 2 undefined on input lin
e 90.


Package natbib Warning: Citation `Harris:1999' on page 2 undefined on input lin
e 90.


Package natbib Warning: Citation `Harris:1999' on page 2 undefined on input lin
e 90.


Package natbib Warning: Citation `Carrion:2002' on page 2 undefined on input li
ne 90.


Package natbib Warning: Citation `Im:2005' on page 2 undefined on input line 92
.


Package natbib Warning: Citation `Im:2003' on page 2 undefined on input line 92
.

[2]

Package natbib Warning: Citation `Carrion:2005' on page 3 undefined on input li
ne 94.


Package natbib Warning: Citation `Hadri:2000' on page 3 undefined on input line
 94.


Package natbib Warning: Citation `Carrion:2005' on page 3 undefined on input li
ne 94.


Package natbib Warning: Citation `Bai:1998' on page 3 undefined on input line 9
4.


Package natbib Warning: Citation `Im:2003' on page 3 undefined on input line 94
.


Package natbib Warning: Citation `ChanManciniPauwels:2009' on page 3 undefined 
on input line 94.


Package natbib Warning: Citation `BaiCarrion:2004' on page 3 undefined on input
 line 96.


Package natbib Warning: Citation `Carrion:2002' on page 3 undefined on input li
ne 96.


Package natbib Warning: Citation `Carrion:2005' on page 3 undefined on input li
ne 96.


Package natbib Warning: Citation `Carrion:2005' on page 3 undefined on input li
ne 96.


Package natbib Warning: Citation `Bai:2002' on page 3 undefined on input line 9
6.


Package natbib Warning: Citation `Bai:2002' on page 3 undefined on input line 9
6.


Package natbib Warning: Citation `Bai:2004' on page 3 undefined on input line 9
6.


Package natbib Warning: Citation `KimPerron:2009' on page 3 undefined on input 
line 99.


Package natbib Warning: Citation `KimPerron:2009' on page 3 undefined on input 
line 131.


Package natbib Warning: Citation `Perron:1997' on page 3 undefined on input lin
e 137.


Package natbib Warning: Citation `ChanManciniPauwels:2009' on page 3 undefined 
on input line 139.


Package natbib Warning: Citation `Im:2003' on page 3 undefined on input line 13
9.


Package natbib Warning: Citation `KimPerron:2009' on page 3 undefined on input 
line 139.

[3] <Case1.pdf, id=25, 728.7225pt x 444.66125pt>
File: Case1.pdf Graphic file (type pdf)
 <use Case1.pdf>
Package pdftex.def Info: Case1.pdf used on input line 169.
(pdftex.def)             Requested size: 227.61403pt x 142.26057pt.
 [4 <./Case1.pdf>]

Package natbib Warning: Citation `KimPerron:2009' on page 5 undefined on input 
line 208.


Package natbib Warning: Citation `ChanManciniPauwels:2009' on page 5 undefined 
on input line 208.

No file MODSIM2017_example.bbl.

Package natbib Warning: There were undefined citations.

[5] [6] (./MODSIM2017_example.aux) ) 
Here is how much of TeX's memory you used:
 3276 strings out of 494953
 42503 string characters out of 6180977
 106299 words of memory out of 5000000
 6498 multiletter control sequences out of 15000+600000
 17911 words of font info for 38 fonts, out of 8000000 for 9000
 14 hyphenation exceptions out of 8191
 38i,11n,26p,1563b,262s stack positions out of 5000i,500n,10000p,200000b,80000s
{/usr/share/texlive/texmf-dist/fonts/enc/dv
ips/base/8r.enc}</usr/share/texlive/texmf-dist/fonts/type1/public/amsfonts/cm/c
mex10.pfb></usr/share/texlive/texmf-dist/fonts/type1/public/amsfonts/cm/cmmi10.
pfb></usr/share/texlive/texmf-dist/fonts/type1/public/amsfonts/cm/cmmi7.pfb></u
sr/share/texlive/texmf-dist/fonts/type1/public/amsfonts/cm/cmr10.pfb></usr/shar
e/texlive/texmf-dist/fonts/type1/public/amsfonts/cm/cmr5.pfb></usr/share/texliv
e/texmf-dist/fonts/type1/public/amsfonts/cm/cmr7.pfb></usr/share/texlive/texmf-
dist/fonts/type1/public/amsfonts/cm/cmsy10.pfb></usr/share/texlive/texmf-dist/f
onts/type1/public/amsfonts/cm/cmsy7.pfb></usr/share/texlive/texmf-dist/fonts/ty
pe1/public/amsfonts/symbols/msbm10.pfb></usr/share/texlive/texmf-dist/fonts/typ
e1/urw/times/utmb8a.pfb></usr/share/texlive/texmf-dist/fonts/type1/urw/times/ut
mbi8a.pfb></usr/share/texlive/texmf-dist/fonts/type1/urw/times/utmr8a.pfb></usr
/share/texlive/texmf-dist/fonts/type1/urw/times/utmr8a.pfb></usr/share/texlive/
texmf-dist/fonts/type1/urw/times/utmri8a.pfb>
Output written on MODSIM2017_example.pdf (6 pages, 250972 bytes).
PDF statistics:
 421 PDF objects out of 1000 (max. 8388607)
 255 compressed objects within 3 object streams
 0 named destinations out of 1000 (max. 500000)
 6 words of extra memory for PDF output out of 10000 (max. 10000000)

