This is pdfTeX, Version 3.14159265-2.6-1.40.16 (TeX Live 2015/Debian) (preloaded format=pdflatex 2016.10.4)  27 FEB 2017 16:41
entering extended mode
 restricted \write18 enabled.
 %&-line parsing enabled.
**Serre_ASCE.tex
(./Serre_ASCE.tex
LaTeX2e <2016/02/01>
Babel <3.9q> and hyphenation patterns for 3 language(s) loaded.
(./Serre_ASCE.cls


LaTeX Warning: You have requested document class `Serre_ASCE',
               but the document class provides `ascelike'.

Document Class: ascelike 2013/2/14 Version 2.3 ASCE-like manuscripts (Am. Soc. 
Civ. Engr.)

(/usr/share/texlive/texmf-dist/tex/latex/base/ifthen.sty
Package: ifthen 2014/09/29 v1.1c Standard LaTeX ifthen package (DPC)
)
(/usr/share/texlive/texmf-dist/tex/latex/base/article.cls
Document Class: article 2014/09/29 v1.4h Standard LaTeX document class
(/usr/share/texlive/texmf-dist/tex/latex/base/size12.clo
File: size12.clo 2014/09/29 v1.4h Standard LaTeX file (size option)
)
\c@part=\count79
\c@section=\count80
\c@subsection=\count81
\c@subsubsection=\count82
\c@paragraph=\count83
\c@subparagraph=\count84
\c@figure=\count85
\c@table=\count86
\abovecaptionskip=\skip41
\belowcaptionskip=\skip42
\bibindent=\dimen102
)

(1) A "Proceedings" old-style manuscript will be produced
(2) Figures and Tables will be placed within the text of the manuscript (change
 with the 'BackFigs' option)
(3) Text will be single spaced (change with the 'DoubleSpace' option)
(4) Text will be 12pt (change with the '10pt', '11pt', & '12pt' options)
(5) Line numbers will not be placed alonside the text (change with the 'LineNum
bers' option)

\c@enumnoo=\count87
\TempBoxb=\box26
\TempBoxl=\skip43
\Abovecaptionrule=\skip44
) (/usr/share/texlive/texmf-dist/tex/latex/graphics/graphicx.sty
Package: graphicx 2014/10/28 v1.0g Enhanced LaTeX Graphics (DPC,SPQR)

(/usr/share/texlive/texmf-dist/tex/latex/graphics/keyval.sty
Package: keyval 2014/10/28 v1.15 key=value parser (DPC)
\KV@toks@=\toks14
)
(/usr/share/texlive/texmf-dist/tex/latex/graphics/graphics.sty
Package: graphics 2016/01/03 v1.0q Standard LaTeX Graphics (DPC,SPQR)

(/usr/share/texlive/texmf-dist/tex/latex/graphics/trig.sty
Package: trig 2016/01/03 v1.10 sin cos tan (DPC)
)
(/usr/share/texlive/texmf-dist/tex/latex/latexconfig/graphics.cfg
File: graphics.cfg 2010/04/23 v1.9 graphics configuration of TeX Live
)
Package graphics Info: Driver file: dvips.def on input line 95.

(/usr/share/texlive/texmf-dist/tex/latex/graphics/dvips.def
File: dvips.def 2015/12/30 v3.0k Driver-dependent file (DPC,SPQR)
))
\Gin@req@height=\dimen103
\Gin@req@width=\dimen104
)
(/usr/share/texlive/texmf-dist/tex/latex/xcolor/xcolor.sty
Package: xcolor 2007/01/21 v2.11 LaTeX color extensions (UK)

(/usr/share/texlive/texmf-dist/tex/latex/latexconfig/color.cfg
File: color.cfg 2007/01/18 v1.5 color configuration of teTeX/TeXLive
)
Package xcolor Info: Driver file: pdftex.def on input line 225.

(/usr/share/texlive/texmf-dist/tex/latex/pdftex-def/pdftex.def
File: pdftex.def 2011/05/27 v0.06d Graphics/color for pdfTeX

(/usr/share/texlive/texmf-dist/tex/generic/oberdiek/infwarerr.sty
Package: infwarerr 2010/04/08 v1.3 Providing info/warning/error messages (HO)
)
(/usr/share/texlive/texmf-dist/tex/generic/oberdiek/ltxcmds.sty
Package: ltxcmds 2011/11/09 v1.22 LaTeX kernel commands for general use (HO)
)
\Gread@gobject=\count88
)
Package xcolor Info: Model `cmy' substituted by `cmy0' on input line 1337.
Package xcolor Info: Model `RGB' extended on input line 1353.
Package xcolor Info: Model `HTML' substituted by `rgb' on input line 1355.
Package xcolor Info: Model `Hsb' substituted by `hsb' on input line 1356.
Package xcolor Info: Model `tHsb' substituted by `hsb' on input line 1357.
Package xcolor Info: Model `HSB' substituted by `hsb' on input line 1358.
Package xcolor Info: Model `Gray' substituted by `gray' on input line 1359.
Package xcolor Info: Model `wave' substituted by `hsb' on input line 1360.

(/usr/share/texlive/texmf-dist/tex/latex/graphics/dvipsnam.def
File: dvipsnam.def 2015/12/30 v3.0k Driver-dependent file (DPC,SPQR)
))
(/usr/share/texlive/texmf-dist/tex/latex/amsmath/amsmath.sty
Package: amsmath 2016/03/03 v2.15a AMS math features
\@mathmargin=\skip45

For additional information on amsmath, use the `?' option.
(/usr/share/texlive/texmf-dist/tex/latex/amsmath/amstext.sty
Package: amstext 2000/06/29 v2.01 AMS text

(/usr/share/texlive/texmf-dist/tex/latex/amsmath/amsgen.sty
File: amsgen.sty 1999/11/30 v2.0 generic functions
\@emptytoks=\toks15
\ex@=\dimen105
))
(/usr/share/texlive/texmf-dist/tex/latex/amsmath/amsbsy.sty
Package: amsbsy 1999/11/29 v1.2d Bold Symbols
\pmbraise@=\dimen106
)
(/usr/share/texlive/texmf-dist/tex/latex/amsmath/amsopn.sty
Package: amsopn 1999/12/14 v2.01 operator names
)
\inf@bad=\count89
LaTeX Info: Redefining \frac on input line 199.
\uproot@=\count90
\leftroot@=\count91
LaTeX Info: Redefining \overline on input line 297.
\classnum@=\count92
\DOTSCASE@=\count93
LaTeX Info: Redefining \ldots on input line 394.
LaTeX Info: Redefining \dots on input line 397.
LaTeX Info: Redefining \cdots on input line 518.
\Mathstrutbox@=\box27
\strutbox@=\box28
\big@size=\dimen107
LaTeX Font Info:    Redeclaring font encoding OML on input line 630.
LaTeX Font Info:    Redeclaring font encoding OMS on input line 631.
\macc@depth=\count94
\c@MaxMatrixCols=\count95
\dotsspace@=\muskip10
\c@parentequation=\count96
\dspbrk@lvl=\count97
\tag@help=\toks16
\row@=\count98
\column@=\count99
\maxfields@=\count100
\andhelp@=\toks17
\eqnshift@=\dimen108
\alignsep@=\dimen109
\tagshift@=\dimen110
\tagwidth@=\dimen111
\totwidth@=\dimen112
\lineht@=\dimen113
\@envbody=\toks18
\multlinegap=\skip46
\multlinetaggap=\skip47
\mathdisplay@stack=\toks19
LaTeX Info: Redefining \[ on input line 2735.
LaTeX Info: Redefining \] on input line 2736.
)
(/usr/share/texlive/texmf-dist/tex/latex/amsfonts/amsfonts.sty
Package: amsfonts 2013/01/14 v3.01 Basic AMSFonts support
\symAMSa=\mathgroup4
\symAMSb=\mathgroup5
LaTeX Font Info:    Overwriting math alphabet `\mathfrak' in version `bold'
(Font)                  U/euf/m/n --> U/euf/b/n on input line 106.
)
(/usr/share/texlive/texmf-dist/tex/latex/amsfonts/amssymb.sty
Package: amssymb 2013/01/14 v3.01 AMS font symbols
)
(/usr/share/texlive/texmf-dist/tex/latex/lineno/lineno.sty
Package: lineno 2005/11/02 line numbers on paragraphs v4.41
\linenopenalty=\count101
\output=\toks20
\linenoprevgraf=\count102
\linenumbersep=\dimen114
\linenumberwidth=\dimen115
\c@linenumber=\count103
\c@pagewiselinenumber=\count104
\c@LN@truepage=\count105
\c@internallinenumber=\count106
\c@internallinenumbers=\count107
\quotelinenumbersep=\dimen116
\bframerule=\dimen117
\bframesep=\dimen118
\bframebox=\box29
LaTeX Info: Redefining \\ on input line 3056.
)
(/usr/share/texlive/texmf-dist/tex/latex/tools/enumerate.sty
Package: enumerate 2015/07/23 v3.00 enumerate extensions (DPC)
\@enLab=\toks21
)
(/usr/share/texlive/texmf-dist/tex/latex/url/url.sty
\Urlmuskip=\muskip11
Package: url 2013/09/16  ver 3.4  Verb mode for urls, etc.
)
(/usr/share/texlive/texmf-dist/tex/latex/psnfss/times.sty
Package: times 2005/04/12 PSNFSS-v9.2a (SPQR) 
)
(/usr/share/texlive/texmf-dist/tex/latex/subfigure/subfigure.sty
Package: subfigure 2002/03/15 v2.1.5 subfigure package
\subfigtopskip=\skip48
\subfigcapskip=\skip49
\subfigcaptopadj=\dimen119
\subfigbottomskip=\skip50
\subfigcapmargin=\dimen120
\subfiglabelskip=\skip51
\c@subfigure=\count108
\c@lofdepth=\count109
\c@subtable=\count110
\c@lotdepth=\count111

****************************************
* Local config file subfigure.cfg used *
****************************************
(/usr/share/texlive/texmf-dist/tex/latex/subfigure/subfigure.cfg)
\subfig@top=\skip52
\subfig@bottom=\skip53
)
(/usr/share/texlive/texmf-dist/tex/latex/caption/caption.sty
Package: caption 2016/02/21 v3.3-144 Customizing captions (AR)

(/usr/share/texlive/texmf-dist/tex/latex/caption/caption3.sty
Package: caption3 2016/02/04 v1.7-139 caption3 kernel (AR)
Package caption3 Info: TeX engine: e-TeX on input line 67.
\captionmargin=\dimen121
\captionmargin@=\dimen122
\captionwidth=\dimen123
\caption@tempdima=\dimen124
\caption@indent=\dimen125
\caption@parindent=\dimen126
\caption@hangindent=\dimen127
Package caption Info: Unknown document class (or package),
(caption)             standard defaults will be used.
)

Package caption Warning: Unsupported document class (or package) detected,
(caption)                usage of the caption package is not recommended.
See the caption package documentation for explanation.

Package caption Info: \@makecaption = \long macro:#1#2->\vspace {\Abovecaptionr
ule } \savebox {\TempBoxb }{\rule {0em}{3ex}\ifthenelse {\boolean {NewProceedin
gs}}{\rmfamily }{\sffamily }\bfseries \normalsize #1.\makebox [1ex]{}\ifthenels
e {\boolean {NewProceedings}}{\rmfamily }{\sffamily }\bfseries \normalsize #2}\
settowidth {\TempBoxl }{\usebox {\TempBoxb }} \ifthenelse {\lengthtest {\TempBo
xl > \textwidth }} {\ifthenelse {\boolean {NewProceedings}}{\rmfamily }{\sffami
ly }\bfseries \normalsize #1.\makebox [1ex]{}\ifthenelse {\boolean {NewProceedi
ngs}}{\rmfamily }{\sffamily }\bfseries \normalsize #2\par }{\centering \usebox 
{\TempBoxb }} \vskip \belowcaptionskip .
\c@ContinuedFloat=\count112
Package caption Info: subfigure package is loaded.
) (/usr/share/texlive/texmf-dist/tex/latex/fancyhdr/fancyhdr.sty
\fancy@headwidth=\skip54
\f@ncyO@elh=\skip55
\f@ncyO@erh=\skip56
\f@ncyO@olh=\skip57
\f@ncyO@orh=\skip58
\f@ncyO@elf=\skip59
\f@ncyO@erf=\skip60
\f@ncyO@olf=\skip61
\f@ncyO@orf=\skip62
)
(/usr/share/texlive/texmf-dist/tex/latex/currfile/currfile.sty
Package: currfile 2013/02/01 v0.7b Provides the file path elements of the curre
nt input file

(/usr/share/texlive/texmf-dist/tex/latex/oberdiek/kvoptions.sty
Package: kvoptions 2011/06/30 v3.11 Key value format for package options (HO)

(/usr/share/texlive/texmf-dist/tex/generic/oberdiek/kvsetkeys.sty
Package: kvsetkeys 2012/04/25 v1.16 Key value parser (HO)

(/usr/share/texlive/texmf-dist/tex/generic/oberdiek/etexcmds.sty
Package: etexcmds 2011/02/16 v1.5 Avoid name clashes with e-TeX commands (HO)

(/usr/share/texlive/texmf-dist/tex/generic/oberdiek/ifluatex.sty
Package: ifluatex 2010/03/01 v1.3 Provides the ifluatex switch (HO)
Package ifluatex Info: LuaTeX not detected.
)
Package etexcmds Info: Could not find \expanded.
(etexcmds)             That can mean that you are not using pdfTeX 1.50 or
(etexcmds)             that some package has redefined \expanded.
(etexcmds)             In the latter case, load this package earlier.
)))
(/usr/share/texlive/texmf-dist/tex/latex/filehook/filehook.sty
Package: filehook 2011/10/12 v0.5d Hooks for input files
)
\c@currfiledepth=\count113
)
(/usr/share/texlive/texmf-dist/tex/latex/datetime/datetime.sty
Package: datetime 2015/03/20 v2.60 Date Time Package

(/usr/share/texlive/texmf-dist/tex/latex/etoolbox/etoolbox.sty
Package: etoolbox 2015/08/02 v2.2a e-TeX tools for LaTeX (JAW)
\etb@tempcnta=\count114
)
(/usr/share/texlive/texmf-dist/tex/latex/fmtcount/fmtcount.sty
Package: fmtcount 2015/05/05 v3.01

(/usr/share/texlive/texmf-dist/tex/latex/xkeyval/xkeyval.sty
Package: xkeyval 2014/12/03 v2.7a package option processing (HA)

(/usr/share/texlive/texmf-dist/tex/generic/xkeyval/xkeyval.tex
(/usr/share/texlive/texmf-dist/tex/generic/xkeyval/xkvutils.tex
\XKV@toks=\toks22
\XKV@tempa@toks=\toks23
)
\XKV@depth=\count115
File: xkeyval.tex 2014/12/03 v2.7a key=value parser (HA)
))
(/usr/share/texlive/texmf-dist/tex/latex/fmtcount/fcprefix.sty
Package: fcprefix 2012/09/28

(/usr/share/texlive/texmf-dist/tex/latex/fmtcount/fcnumparser.sty
Package: fcnumparser 2012/09/28
\fc@digit@counter=\count116
))
(/usr/share/texlive/texmf-dist/tex/generic/ifxetex/ifxetex.sty
Package: ifxetex 2010/09/12 v0.6 Provides ifxetex conditional
)
\c@padzeroesN=\count117
\fc@tmpcatcode=\count118
\@DT@modctr=\count119
\@ordinalctr=\count120
\@orgargctr=\count121
\@strctr=\count122
\@tmpstrctr=\count123
\@DT@loopN=\count124
\@DT@X=\count125

(/usr/share/texlive/texmf-dist/tex/latex/fmtcount/fc-english.def
File: fc-english.def 2013/08/17
))
(/usr/share/texlive/texmf-dist/tex/latex/datetime/datetime-defaults.sty
Package: datetime-defaults 2013/09/10
)
\@day=\count126
\@month=\count127
\@year=\count128
\c@HOUR=\count129
\c@HOURXII=\count130
\c@MINUTE=\count131
\c@TOHOUR=\count132
\c@TOMINUTE=\count133
\c@SECOND=\count134
\currenthour=\count135
\currentminute=\count136
\currentsecond=\count137
Package datetime Info: No datetime.cfg file found, using default settings on in
put line 308.
\@dtctr=\count138
\dayofyear=\count139
\dayofweek=\count140
LaTeX Info: Redefining \today on input line 736.
\dt@a=\toks24
\dt@b=\toks25
)
(./Serre_ASCE.aux

LaTeX Warning: Label `fig:FVlonga20hz' multiply defined.


LaTeX Warning: Label `sub@fig:FVlonga20hz' multiply defined.


LaTeX Warning: Label `fig:FVlonga20a' multiply defined.


LaTeX Warning: Label `sub@fig:FVlonga20a' multiply defined.


LaTeX Warning: Label `fig:FVlonga20a' multiply defined.


LaTeX Warning: Label `sub@fig:FVlonga20a' multiply defined.


LaTeX Warning: Label `fig:FVlonga20a' multiply defined.


LaTeX Warning: Label `sub@fig:FVlonga20a' multiply defined.


LaTeX Warning: Label `fig:FVlonga20a' multiply defined.


LaTeX Warning: Label `sub@fig:FVlonga20a' multiply defined.

)
\openout1 = `Serre_ASCE.aux'.

LaTeX Font Info:    Checking defaults for OML/cmm/m/it on input line 39.
LaTeX Font Info:    ... okay on input line 39.
LaTeX Font Info:    Checking defaults for T1/cmr/m/n on input line 39.
LaTeX Font Info:    ... okay on input line 39.
LaTeX Font Info:    Checking defaults for OT1/cmr/m/n on input line 39.
LaTeX Font Info:    ... okay on input line 39.
LaTeX Font Info:    Checking defaults for OMS/cmsy/m/n on input line 39.
LaTeX Font Info:    ... okay on input line 39.
LaTeX Font Info:    Checking defaults for OMX/cmex/m/n on input line 39.
LaTeX Font Info:    ... okay on input line 39.
LaTeX Font Info:    Checking defaults for U/cmr/m/n on input line 39.
LaTeX Font Info:    ... okay on input line 39.
LaTeX Font Info:    Try loading font information for OT1+ptm on input line 39.
 (/usr/share/texlive/texmf-dist/tex/latex/psnfss/ot1ptm.fd
File: ot1ptm.fd 2001/06/04 font definitions for OT1/ptm.
)
(/usr/share/texlive/texmf-dist/tex/generic/oberdiek/pdftexcmds.sty
Package: pdftexcmds 2011/11/29 v0.20 Utility functions of pdfTeX for LuaTeX (HO
)

(/usr/share/texlive/texmf-dist/tex/generic/oberdiek/ifpdf.sty
Package: ifpdf 2011/01/30 v2.3 Provides the ifpdf switch (HO)
Package ifpdf Info: pdfTeX in PDF mode is detected.
)
Package pdftexcmds Info: LuaTeX not detected.
Package pdftexcmds Info: \pdf@primitive is available.
Package pdftexcmds Info: \pdf@ifprimitive is available.
Package pdftexcmds Info: \pdfdraftmode found.
)
(/usr/share/texlive/texmf-dist/tex/latex/oberdiek/epstopdf-base.sty
Package: epstopdf-base 2010/02/09 v2.5 Base part for package epstopdf

(/usr/share/texlive/texmf-dist/tex/latex/oberdiek/grfext.sty
Package: grfext 2010/08/19 v1.1 Manage graphics extensions (HO)

(/usr/share/texlive/texmf-dist/tex/generic/oberdiek/kvdefinekeys.sty
Package: kvdefinekeys 2011/04/07 v1.3 Define keys (HO)
))
Package epstopdf-base Info: Redefining graphics rule for `.eps' on input line 4
34.
Package grfext Info: Graphics extension search list:
(grfext)             [.png,.pdf,.jpg,.mps,.jpeg,.jbig2,.jb2,.PNG,.PDF,.JPG,.JPE
G,.JBIG2,.JB2,.eps]
(grfext)             \AppendGraphicsExtensions on input line 452.

(/usr/share/texlive/texmf-dist/tex/latex/latexconfig/epstopdf-sys.cfg
File: epstopdf-sys.cfg 2010/07/13 v1.3 Configuration of (r)epstopdf for TeX Liv
e
))
(/usr/share/texlive/texmf-dist/tex/context/base/supp-pdf.mkii
[Loading MPS to PDF converter (version 2006.09.02).]
\scratchcounter=\count141
\scratchdimen=\dimen128
\scratchbox=\box30
\nofMPsegments=\count142
\nofMParguments=\count143
\everyMPshowfont=\toks26
\MPscratchCnt=\count144
\MPscratchDim=\dimen129
\MPnumerator=\count145
\makeMPintoPDFobject=\count146
\everyMPtoPDFconversion=\toks27
)
Package caption Info: Begin \AtBeginDocument code.
Package caption Info: End \AtBeginDocument code.
LaTeX Font Info:    Font shape `OT1/ptm/bx/n' in size <14.4> not available
(Font)              Font shape `OT1/ptm/b/n' tried instead on input line 54.
LaTeX Font Info:    Try loading font information for U+msa on input line 54.
 (/usr/share/texlive/texmf-dist/tex/latex/amsfonts/umsa.fd
File: umsa.fd 2013/01/14 v3.01 AMS symbols A
)
LaTeX Font Info:    Try loading font information for U+msb on input line 54.

(/usr/share/texlive/texmf-dist/tex/latex/amsfonts/umsb.fd
File: umsb.fd 2013/01/14 v3.01 AMS symbols B
)
LaTeX Font Info:    Font shape `OT1/ptm/bx/n' in size <12> not available
(Font)              Font shape `OT1/ptm/b/n' tried instead on input line 56.
LaTeX Font Info:    Try loading font information for OT1+phv on input line 56.

(/usr/share/texlive/texmf-dist/tex/latex/psnfss/ot1phv.fd
File: ot1phv.fd 2001/06/04 scalable font definitions for OT1/phv.
)
LaTeX Font Info:    Font shape `OT1/phv/bx/n' in size <12> not available
(Font)              Font shape `OT1/phv/b/n' tried instead on input line 56.
LaTeX Font Info:    Font shape `OT1/phv/bx/n' in size <10.95> not available
(Font)              Font shape `OT1/phv/b/n' tried instead on input line 56.

Overfull \hbox (5.78635pt too wide) in paragraph at lines 60--61
[]\OT1/phv/b/n/12 Keywords: \OT1/ptm/m/n/12 dis-per-sive waves, con-ser-va-tion
 laws, Serre equa-tion, fi-nite vol-ume method,
 []

[1

{/var/lib/texmf/fonts/map/pdftex/updmap/pdftex.map}] [2] [3] [4]
Overfull \hbox (16.21667pt too wide) in paragraph at lines 260--261
[]\OT1/ptm/m/n/12 To en-sure sta-bil-ity of the FD-VMs the time-step $\OT1/cmr/
m/n/12 ^^A\OML/cmm/m/it/12 t$ \OT1/ptm/m/n/12 must sat-isfy the Courant-Friedri
chs-
 []

[5] [6] <pics/results/soliton/ex/FDc.pdf, id=33, 238.38962pt x 196.66473pt>
File: pics/results/soliton/ex/FDc.pdf Graphic file (type pdf)

<use pics/results/soliton/ex/FDc.pdf>
Package pdftex.def Info: pics/results/soliton/ex/FDc.pdf used on input line 319
.
(pdftex.def)             Requested size: 199.16928pt x 164.318pt.

<pics/results/soliton/ex/FDcz.pdf, id=34, 238.38962pt x 195.8246pt>
File: pics/results/soliton/ex/FDcz.pdf Graphic file (type pdf)

<use pics/results/soliton/ex/FDcz.pdf>
Package pdftex.def Info: pics/results/soliton/ex/FDcz.pdf used on input line 32
0.
(pdftex.def)             Requested size: 199.16928pt x 163.61603pt.

<pics/results/soliton/ex/grim.pdf, id=35, 238.38962pt x 196.66473pt>
File: pics/results/soliton/ex/grim.pdf Graphic file (type pdf)

<use pics/results/soliton/ex/grim.pdf>
Package pdftex.def Info: pics/results/soliton/ex/grim.pdf used on input line 32
1.
(pdftex.def)             Requested size: 199.16928pt x 164.318pt.

<pics/results/soliton/ex/grimz.pdf, id=36, 238.38962pt x 195.8246pt>
File: pics/results/soliton/ex/grimz.pdf Graphic file (type pdf)

<use pics/results/soliton/ex/grimz.pdf>
Package pdftex.def Info: pics/results/soliton/ex/grimz.pdf used on input line 3
22.
(pdftex.def)             Requested size: 199.16928pt x 163.61603pt.

<pics/results/soliton/L1/FDc.pdf, id=37, 247.0319pt x 198.53673pt>
File: pics/results/soliton/L1/FDc.pdf Graphic file (type pdf)

<use pics/results/soliton/L1/FDc.pdf>
Package pdftex.def Info: pics/results/soliton/L1/FDc.pdf used on input line 328
.
(pdftex.def)             Requested size: 199.16928pt x 160.06862pt.

<pics/results/soliton/C1/FDc.pdf, id=38, 247.0319pt x 198.53773pt>
File: pics/results/soliton/C1/FDc.pdf Graphic file (type pdf)

<use pics/results/soliton/C1/FDc.pdf>
Package pdftex.def Info: pics/results/soliton/C1/FDc.pdf used on input line 329
.
(pdftex.def)             Requested size: 199.16928pt x 160.06944pt.

<pics/results/soliton/L1/grim.pdf, id=39, 247.0319pt x 198.53673pt>
File: pics/results/soliton/L1/grim.pdf Graphic file (type pdf)

<use pics/results/soliton/L1/grim.pdf>
Package pdftex.def Info: pics/results/soliton/L1/grim.pdf used on input line 33
0.
(pdftex.def)             Requested size: 199.16928pt x 160.06862pt.

<pics/results/soliton/C1/grim.pdf, id=40, 247.0319pt x 198.53773pt>
File: pics/results/soliton/C1/grim.pdf Graphic file (type pdf)

<use pics/results/soliton/C1/grim.pdf>
Package pdftex.def Info: pics/results/soliton/C1/grim.pdf used on input line 33
1.
(pdftex.def)             Requested size: 199.16928pt x 160.06944pt.

<pics/explainers/dbsmooth.pdf, id=41, 232.6823pt x 184.7733pt>
File: pics/explainers/dbsmooth.pdf Graphic file (type pdf)

<use pics/explainers/dbsmooth.pdf>
Package pdftex.def Info: pics/explainers/dbsmooth.pdf used on input line 361.
(pdftex.def)             Requested size: 199.16928pt x 158.16606pt.
 [7] [8 <./pics/results/soliton/ex/FDc.pdf> <./pics/results/soliton/ex/FDcz.pdf
> <./pics/results/soliton/ex/grim.pdf> <./pics/results/soliton/ex/grimz.pdf>] [
9 <./pics/results/soliton/L1/FDc.pdf> <./pics/results/soliton/C1/FDc.pdf> <./pi
cs/results/soliton/L1/grim.pdf> <./pics/results/soliton/C1/grim.pdf> <./pics/ex
plainers/dbsmooth.pdf>]
Overfull \hbox (3.02284pt too wide) in paragraph at lines 424--425
[]\OT1/ptm/m/n/12 We be-gin this study by look-ing into the ef-fect of the ini-
tial steep-ness of the smoothed
 []

[10]
<pics/results/SDB/numsols/alpha0.025/1-figure0.pdf, id=204, 238.38661pt x 195.8
3063pt>
File: pics/results/SDB/numsols/alpha0.025/1-figure0.pdf Graphic file (type pdf)

 <use pics/results/SDB/numsols/alpha0.025/1-figure0.pdf>
Package pdftex.def Info: pics/results/SDB/numsols/alpha0.025/1-figure0.pdf used
 on input line 438.
(pdftex.def)             Requested size: 199.16928pt x 163.62106pt.

<pics/results/SDB/Lcon/alpha0.025/1.pdf, id=205, 247.03091pt x 198.53673pt>
File: pics/results/SDB/Lcon/alpha0.025/1.pdf Graphic file (type pdf)

<use pics/results/SDB/Lcon/alpha0.025/1.pdf>
Package pdftex.def Info: pics/results/SDB/Lcon/alpha0.025/1.pdf used on input l
ine 445.
(pdftex.def)             Requested size: 199.16928pt x 160.0777pt.

<pics/results/SDB/Con/1.pdf, id=206, 247.03091pt x 198.59195pt>
File: pics/results/SDB/Con/1.pdf Graphic file (type pdf)

<use pics/results/SDB/Con/1.pdf>
Package pdftex.def Info: pics/results/SDB/Con/1.pdf used on input line 446.
(pdftex.def)             Requested size: 199.16928pt x 160.12222pt.
 [11 <./pics/results/SDB/numsols/alpha0.025/1-figure0.pdf>]
<pics/results/SDB/numsols/alpha0.5/1-figure0.pdf, id=224, 238.38661pt x 195.830
63pt>
File: pics/results/SDB/numsols/alpha0.5/1-figure0.pdf Graphic file (type pdf)
 <use pics/results/SDB/numsols/alpha0.5/1-figure0.pdf>
Package pdftex.def Info: pics/results/SDB/numsols/alpha0.5/1-figure0.pdf used o
n input line 459.
(pdftex.def)             Requested size: 199.16928pt x 163.62106pt.

<pics/results/SDB/numsols/alpha0.5/2-figure0.pdf, id=225, 242.37752pt x 195.830
63pt>
File: pics/results/SDB/numsols/alpha0.5/2-figure0.pdf Graphic file (type pdf)
 <use pics/results/SDB/numsols/alpha0.5/2-figure0.pdf>
Package pdftex.def Info: pics/results/SDB/numsols/alpha0.5/2-figure0.pdf used o
n input line 460.
(pdftex.def)             Requested size: 199.16928pt x 160.9198pt.

<pics/results/SDB/Lcon/alpha0.5/1.pdf, id=226, 247.03091pt x 198.53673pt>
File: pics/results/SDB/Lcon/alpha0.5/1.pdf Graphic file (type pdf)

<use pics/results/SDB/Lcon/alpha0.5/1.pdf>
Package pdftex.def Info: pics/results/SDB/Lcon/alpha0.5/1.pdf used on input lin
e 467.
(pdftex.def)             Requested size: 199.16928pt x 160.0777pt.

<pics/results/SDB/Hcon/alpha0.5/1.pdf, id=227, 247.03091pt x 198.53673pt>
File: pics/results/SDB/Hcon/alpha0.5/1.pdf Graphic file (type pdf)

<use pics/results/SDB/Hcon/alpha0.5/1.pdf>
Package pdftex.def Info: pics/results/SDB/Hcon/alpha0.5/1.pdf used on input lin
e 468.
(pdftex.def)             Requested size: 199.16928pt x 160.0777pt.
 [12 <./pics/results/SDB/Lcon/alpha0.025/1.pdf> <./pics/results/SDB/Con/1.pdf>]
 [13 <./pics/results/SDB/numsols/alpha0.5/1-figure0.pdf> <./pics/results/SDB/nu
msols/alpha0.5/2-figure0.pdf> <./pics/results/SDB/Lcon/alpha0.5/1.pdf> <./pics/
results/SDB/Hcon/alpha0.5/1.pdf>]
<pics/results/SDB/numsols/alpha2.5/1-figure0.pdf, id=326, 238.38661pt x 195.830
63pt>
File: pics/results/SDB/numsols/alpha2.5/1-figure0.pdf Graphic file (type pdf)
 <use pics/results/SDB/numsols/alpha2.5/1-figure0.pdf>
Package pdftex.def Info: pics/results/SDB/numsols/alpha2.5/1-figure0.pdf used o
n input line 479.
(pdftex.def)             Requested size: 199.16928pt x 163.62106pt.

<pics/results/SDB/numsols/alpha2.5/2-figure0.pdf, id=327, 242.37752pt x 195.830
63pt>
File: pics/results/SDB/numsols/alpha2.5/2-figure0.pdf Graphic file (type pdf)
 <use pics/results/SDB/numsols/alpha2.5/2-figure0.pdf>
Package pdftex.def Info: pics/results/SDB/numsols/alpha2.5/2-figure0.pdf used o
n input line 480.
(pdftex.def)             Requested size: 199.16928pt x 160.9198pt.

<pics/results/SDB/numsols/alpha2.5/3-figure0.pdf, id=328, 242.37552pt x 195.830
63pt>
File: pics/results/SDB/numsols/alpha2.5/3-figure0.pdf Graphic file (type pdf)
 <use pics/results/SDB/numsols/alpha2.5/3-figure0.pdf>
Package pdftex.def Info: pics/results/SDB/numsols/alpha2.5/3-figure0.pdf used o
n input line 481.
(pdftex.def)             Requested size: 199.16928pt x 160.93175pt.

<pics/results/SDB/Lcon/alpha2.5/1.pdf, id=329, 248.06578pt x 198.53673pt>
File: pics/results/SDB/Lcon/alpha2.5/1.pdf Graphic file (type pdf)

<use pics/results/SDB/Lcon/alpha2.5/1.pdf>
Package pdftex.def Info: pics/results/SDB/Lcon/alpha2.5/1.pdf used on input lin
e 489.
(pdftex.def)             Requested size: 199.16928pt x 159.40215pt.

<pics/results/SDB/Hcon/alpha2.5/1.pdf, id=330, 247.03091pt x 198.53673pt>
File: pics/results/SDB/Hcon/alpha2.5/1.pdf Graphic file (type pdf)

<use pics/results/SDB/Hcon/alpha2.5/1.pdf>
Package pdftex.def Info: pics/results/SDB/Hcon/alpha2.5/1.pdf used on input lin
e 490.
(pdftex.def)             Requested size: 199.16928pt x 160.0777pt.
 [14 <./pics/results/SDB/numsols/alpha2.5/1-figure0.pdf> <./pics/results/SDB/nu
msols/alpha2.5/2-figure0.pdf> <./pics/results/SDB/numsols/alpha2.5/3-figure0.pd
f>]
<pics/results/SDB/numsols/alpha10/1-figure0.pdf, id=374, 238.38661pt x 195.8306
3pt>
File: pics/results/SDB/numsols/alpha10/1-figure0.pdf Graphic file (type pdf)
 <use pics/results/SDB/numsols/alpha10/1-figure0.pdf>
Package pdftex.def Info: pics/results/SDB/numsols/alpha10/1-figure0.pdf used on
 input line 502.
(pdftex.def)             Requested size: 199.16928pt x 163.62106pt.

<pics/results/SDB/numsols/alpha10/2-figure0.pdf, id=375, 242.37752pt x 195.8306
3pt>
File: pics/results/SDB/numsols/alpha10/2-figure0.pdf Graphic file (type pdf)
 <use pics/results/SDB/numsols/alpha10/2-figure0.pdf>
Package pdftex.def Info: pics/results/SDB/numsols/alpha10/2-figure0.pdf used on
 input line 503.
(pdftex.def)             Requested size: 199.16928pt x 160.9198pt.

<pics/results/SDB/numsols/alpha10/3-figure0.pdf, id=376, 242.36949pt x 195.8306
3pt>
File: pics/results/SDB/numsols/alpha10/3-figure0.pdf Graphic file (type pdf)
 <use pics/results/SDB/numsols/alpha10/3-figure0.pdf>
Package pdftex.def Info: pics/results/SDB/numsols/alpha10/3-figure0.pdf used on
 input line 504.
(pdftex.def)             Requested size: 199.16928pt x 160.93175pt.

<pics/results/SDB/Lcon/alpha10/1.pdf, id=377, 248.06578pt x 198.53673pt>
File: pics/results/SDB/Lcon/alpha10/1.pdf Graphic file (type pdf)

<use pics/results/SDB/Lcon/alpha10/1.pdf>
Package pdftex.def Info: pics/results/SDB/Lcon/alpha10/1.pdf used on input line
 511.
(pdftex.def)             Requested size: 199.16928pt x 159.40215pt.

<pics/results/SDB/Hcon/alpha10/1.pdf, id=378, 247.03091pt x 198.53673pt>
File: pics/results/SDB/Hcon/alpha10/1.pdf Graphic file (type pdf)

<use pics/results/SDB/Hcon/alpha10/1.pdf>
Package pdftex.def Info: pics/results/SDB/Hcon/alpha10/1.pdf used on input line
 512.
(pdftex.def)             Requested size: 199.16928pt x 160.0777pt.


LaTeX Warning: Reference `fig:FDMsolnormC1' on page 15 undefined on input line 
529.

[15 <./pics/results/SDB/Lcon/alpha2.5/1.pdf> <./pics/results/SDB/Hcon/alpha2.5/
1.pdf>]
<pics/results/SDB/numsols/modelcomppalpha10dx10/1-figure0.pdf, id=417, 238.3866
1pt x 195.83063pt>
File: pics/results/SDB/numsols/modelcomppalpha10dx10/1-figure0.pdf Graphic file
 (type pdf)

<use pics/results/SDB/numsols/modelcomppalpha10dx10/1-figure0.pdf>
Package pdftex.def Info: pics/results/SDB/numsols/modelcomppalpha10dx10/1-figur
e0.pdf used on input line 533.
(pdftex.def)             Requested size: 199.16928pt x 163.62106pt.

<pics/results/SDB/numsols/modelcomppalpha10dx10/2-figure0.pdf, id=418, 242.3775
2pt x 195.83063pt>
File: pics/results/SDB/numsols/modelcomppalpha10dx10/2-figure0.pdf Graphic file
 (type pdf)

<use pics/results/SDB/numsols/modelcomppalpha10dx10/2-figure0.pdf>
Package pdftex.def Info: pics/results/SDB/numsols/modelcomppalpha10dx10/2-figur
e0.pdf used on input line 534.
(pdftex.def)             Requested size: 199.16928pt x 160.9198pt.

<pics/results/SDB/numsols/modelcomppalpha10dx10/4-figure0.pdf, id=419, 242.3694
9pt x 195.83063pt>
File: pics/results/SDB/numsols/modelcomppalpha10dx10/4-figure0.pdf Graphic file
 (type pdf)

<use pics/results/SDB/numsols/modelcomppalpha10dx10/4-figure0.pdf>
Package pdftex.def Info: pics/results/SDB/numsols/modelcomppalpha10dx10/4-figur
e0.pdf used on input line 535.
(pdftex.def)             Requested size: 199.16928pt x 160.93175pt.

<pics/results/SDB/Hcon/alpha10signs/o3.pdf, id=420, 247.03091pt x 198.53673pt>
File: pics/results/SDB/Hcon/alpha10signs/o3.pdf Graphic file (type pdf)

<use pics/results/SDB/Hcon/alpha10signs/o3.pdf>
Package pdftex.def Info: pics/results/SDB/Hcon/alpha10signs/o3.pdf used on inpu
t line 543.
(pdftex.def)             Requested size: 199.16928pt x 160.0777pt.

<pics/results/SDB/Hcon/alpha10signs/FDc.pdf, id=421, 247.03091pt x 198.53673pt>
File: pics/results/SDB/Hcon/alpha10signs/FDc.pdf Graphic file (type pdf)
<use pics/results/SDB/Hcon/alpha10signs/FDc.pdf>
Package pdftex.def Info: pics/results/SDB/Hcon/alpha10signs/FDc.pdf used on inp
ut line 544.
(pdftex.def)             Requested size: 199.16928pt x 160.0777pt.

<pics/results/SDB/numsols/FDcalpha0.5/1-figure0.pdf, id=422, 238.38661pt x 195.
83063pt>
File: pics/results/SDB/numsols/FDcalpha0.5/1-figure0.pdf Graphic file (type pdf
)
 <use pics/results/SDB/numsols/FDcalpha0.5/1-figure0.pdf>
Package pdftex.def Info: pics/results/SDB/numsols/FDcalpha0.5/1-figure0.pdf use
d on input line 553.
(pdftex.def)             Requested size: 199.16928pt x 163.62106pt.

<pics/results/SDB/numsols/FDcalpha0.5/2-figure0.pdf, id=423, 242.37752pt x 195.
83063pt>
File: pics/results/SDB/numsols/FDcalpha0.5/2-figure0.pdf Graphic file (type pdf
)
 <use pics/results/SDB/numsols/FDcalpha0.5/2-figure0.pdf>
Package pdftex.def Info: pics/results/SDB/numsols/FDcalpha0.5/2-figure0.pdf use
d on input line 554.
(pdftex.def)             Requested size: 199.16928pt x 160.9198pt.
 [16 <./pics/results/SDB/numsols/alpha10/1-figure0.pdf> <./pics/results/SDB/num
sols/alpha10/2-figure0.pdf> <./pics/results/SDB/numsols/alpha10/3-figure0.pdf>]
 [17 <./pics/results/SDB/Lcon/alpha10/1.pdf> <./pics/results/SDB/Hcon/alpha10/1
.pdf> <./pics/results/SDB/numsols/modelcomppalpha10dx10/1-figure0.pdf> <./pics/
results/SDB/numsols/modelcomppalpha10dx10/2-figure0.pdf> <./pics/results/SDB/nu
msols/modelcomppalpha10dx10/4-figure0.pdf>] [18 <./pics/results/SDB/Hcon/alpha1
0signs/o3.pdf> <./pics/results/SDB/Hcon/alpha10signs/FDc.pdf> <./pics/results/S
DB/numsols/FDcalpha0.5/1-figure0.pdf> <./pics/results/SDB/numsols/FDcalpha0.5/2
-figure0.pdf>] <pics/results/SDB/numsols/300s/h0t300s.pdf, id=606, 241.5695pt x
 197.19171pt>
File: pics/results/SDB/numsols/300s/h0t300s.pdf Graphic file (type pdf)

<use pics/results/SDB/numsols/300s/h0t300s.pdf>
Package pdftex.def Info: pics/results/SDB/numsols/300s/h0t300s.pdf used on inpu
t line 575.
(pdftex.def)             Requested size: 199.16928pt x 162.58286pt.

<pics/results/SDB/numsols/300s/h1t300s.pdf, id=607, 241.56548pt x 197.19171pt>
File: pics/results/SDB/numsols/300s/h1t300s.pdf Graphic file (type pdf)

<use pics/results/SDB/numsols/300s/h1t300s.pdf>
Package pdftex.def Info: pics/results/SDB/numsols/300s/h1t300s.pdf used on inpu
t line 576.
(pdftex.def)             Requested size: 199.16928pt x 162.58286pt.

<pics/results/SDB/numsols/300s/h2t300s.pdf, id=608, 242.37752pt x 196.65973pt>
File: pics/results/SDB/numsols/300s/h2t300s.pdf Graphic file (type pdf)

<use pics/results/SDB/numsols/300s/h2t300s.pdf>
Package pdftex.def Info: pics/results/SDB/numsols/300s/h2t300s.pdf used on inpu
t line 577.
(pdftex.def)             Requested size: 199.16928pt x 161.6011pt.

<pics/results/SDB/numsols/300s/h4t300s.pdf, id=609, 241.57152pt x 197.19171pt>
File: pics/results/SDB/numsols/300s/h4t300s.pdf Graphic file (type pdf)

<use pics/results/SDB/numsols/300s/h4t300s.pdf>
Package pdftex.def Info: pics/results/SDB/numsols/300s/h4t300s.pdf used on inpu
t line 578.
(pdftex.def)             Requested size: 199.16928pt x 162.58286pt.

<pics/results/SDB/numsols/300s/h3t300s.pdf, id=610, 246.3634pt x 195.83163pt>
File: pics/results/SDB/numsols/300s/h3t300s.pdf Graphic file (type pdf)

<use pics/results/SDB/numsols/300s/h3t300s.pdf>
Package pdftex.def Info: pics/results/SDB/numsols/300s/h3t300s.pdf used on inpu
t line 579.
(pdftex.def)             Requested size: 199.16928pt x 158.31795pt.

<pics/results/SDB/numsols/300s/evolve30s.pdf, id=611, 246.3634pt x 195.82962pt>
File: pics/results/SDB/numsols/300s/evolve30s.pdf Graphic file (type pdf)
<use pics/results/SDB/numsols/300s/evolve30s.pdf>
Package pdftex.def Info: pics/results/SDB/numsols/300s/evolve30s.pdf used on in
put line 586.
(pdftex.def)             Requested size: 199.16928pt x 158.31633pt.

<pics/results/SDB/numsols/300s/evolve100s.pdf, id=612, 246.3634pt x 195.82962pt
>
File: pics/results/SDB/numsols/300s/evolve100s.pdf Graphic file (type pdf)
 <use pics/results/SDB/numsols/300s/evolve100s.pdf>
Package pdftex.def Info: pics/results/SDB/numsols/300s/evolve100s.pdf used on i
nput line 587.
(pdftex.def)             Requested size: 199.16928pt x 158.31633pt.

<pics/results/SDB/numsols/300s/evolve200s.pdf, id=613, 246.3634pt x 195.82962pt
>
File: pics/results/SDB/numsols/300s/evolve200s.pdf Graphic file (type pdf)
 <use pics/results/SDB/numsols/300s/evolve200s.pdf>
Package pdftex.def Info: pics/results/SDB/numsols/300s/evolve200s.pdf used on i
nput line 588.
(pdftex.def)             Requested size: 199.16928pt x 158.31633pt.

<pics/results/SDB/numsols/300s/evolve300s.pdf, id=614, 246.3634pt x 195.82962pt
>
File: pics/results/SDB/numsols/300s/evolve300s.pdf Graphic file (type pdf)
 <use pics/results/SDB/numsols/300s/evolve300s.pdf>
Package pdftex.def Info: pics/results/SDB/numsols/300s/evolve300s.pdf used on i
nput line 589.
(pdftex.def)             Requested size: 199.16928pt x 158.31633pt.

<pics/results/SDB/numsols/300s/CF0t300.pdf, id=615, 241.57251pt x 197.19171pt>
File: pics/results/SDB/numsols/300s/CF0t300.pdf Graphic file (type pdf)

<use pics/results/SDB/numsols/300s/CF0t300.pdf>
Package pdftex.def Info: pics/results/SDB/numsols/300s/CF0t300.pdf used on inpu
t line 598.
(pdftex.def)             Requested size: 199.16928pt x 162.58286pt.

<pics/results/SDB/numsols/300s/CF1t300.pdf, id=616, 246.3584pt x 196.66272pt>
File: pics/results/SDB/numsols/300s/CF1t300.pdf Graphic file (type pdf)

<use pics/results/SDB/numsols/300s/CF1t300.pdf>
Package pdftex.def Info: pics/results/SDB/numsols/300s/CF1t300.pdf used on inpu
t line 599.
(pdftex.def)             Requested size: 199.16928pt x 158.99884pt.

<pics/results/SDB/numsols/300s/CF2t300.pdf, id=617, 241.56749pt x 197.19171pt>
File: pics/results/SDB/numsols/300s/CF2t300.pdf Graphic file (type pdf)

<use pics/results/SDB/numsols/300s/CF2t300.pdf>
Package pdftex.def Info: pics/results/SDB/numsols/300s/CF2t300.pdf used on inpu
t line 600.
(pdftex.def)             Requested size: 199.16928pt x 162.58286pt.

<pics/results/SDB/numsols/300s/CF3t300.pdf, id=618, 246.3634pt x 195.83163pt>
File: pics/results/SDB/numsols/300s/CF3t300.pdf Graphic file (type pdf)

<use pics/results/SDB/numsols/300s/CF3t300.pdf>
Package pdftex.def Info: pics/results/SDB/numsols/300s/CF3t300.pdf used on inpu
t line 601.
(pdftex.def)             Requested size: 199.16928pt x 158.31795pt.

<pics/results/SDB/CDspeed/speed.pdf, id=619, 238.38661pt x 199.23836pt>
File: pics/results/SDB/CDspeed/speed.pdf Graphic file (type pdf)

<use pics/results/SDB/CDspeed/speed.pdf>
Package pdftex.def Info: pics/results/SDB/CDspeed/speed.pdf used on input line 
612.
(pdftex.def)             Requested size: 199.16928pt x 166.4683pt.

<pics/results/SDB/numsols/SWWCOMP/30s/0.pdf, id=620, 283.62863pt x 195.83063pt>
File: pics/results/SDB/numsols/SWWCOMP/30s/0.pdf Graphic file (type pdf)
<use pics/results/SDB/numsols/SWWCOMP/30s/0.pdf>
Package pdftex.def Info: pics/results/SDB/numsols/SWWCOMP/30s/0.pdf used on inp
ut line 622.
(pdftex.def)             Requested size: 199.16928pt x 137.51675pt.

<pics/results/SDB/numsols/SWWCOMP/30s/1.pdf, id=621, 283.63066pt x 195.83063pt>
File: pics/results/SDB/numsols/SWWCOMP/30s/1.pdf Graphic file (type pdf)
<use pics/results/SDB/numsols/SWWCOMP/30s/1.pdf>
Package pdftex.def Info: pics/results/SDB/numsols/SWWCOMP/30s/1.pdf used on inp
ut line 623.
(pdftex.def)             Requested size: 199.16928pt x 137.51675pt.

<pics/results/SDB/numsols/SWWCOMP/30s/2.pdf, id=622, 283.62662pt x 195.83063pt>
File: pics/results/SDB/numsols/SWWCOMP/30s/2.pdf Graphic file (type pdf)
<use pics/results/SDB/numsols/SWWCOMP/30s/2.pdf>
Package pdftex.def Info: pics/results/SDB/numsols/SWWCOMP/30s/2.pdf used on inp
ut line 624.
(pdftex.def)             Requested size: 199.16928pt x 137.51675pt.

<pics/results/SDB/numsols/SWWCOMP/30s/3.pdf, id=623, 283.63066pt x 195.83063pt>
File: pics/results/SDB/numsols/SWWCOMP/30s/3.pdf Graphic file (type pdf)
<use pics/results/SDB/numsols/SWWCOMP/30s/3.pdf>
Package pdftex.def Info: pics/results/SDB/numsols/SWWCOMP/30s/3.pdf used on inp
ut line 625.
(pdftex.def)             Requested size: 199.16928pt x 137.51675pt.

<pics/results/SDB/numsols/SWWCOMP/300s/0.pdf, id=624, 283.63066pt x 197.19171pt
>
File: pics/results/SDB/numsols/SWWCOMP/300s/0.pdf Graphic file (type pdf)
 <use pics/results/SDB/numsols/SWWCOMP/300s/0.pdf>
Package pdftex.def Info: pics/results/SDB/numsols/SWWCOMP/300s/0.pdf used on in
put line 632.
(pdftex.def)             Requested size: 199.16928pt x 138.47255pt.

<pics/results/SDB/numsols/SWWCOMP/300s/1.pdf, id=625, 299.57321pt x 196.66774pt
>
File: pics/results/SDB/numsols/SWWCOMP/300s/1.pdf Graphic file (type pdf)
 <use pics/results/SDB/numsols/SWWCOMP/300s/1.pdf>
Package pdftex.def Info: pics/results/SDB/numsols/SWWCOMP/300s/1.pdf used on in
put line 633.
(pdftex.def)             Requested size: 199.16928pt x 130.75539pt.

<pics/results/SDB/numsols/SWWCOMP/300s/2.pdf, id=626, 283.62863pt x 197.19171pt
>
File: pics/results/SDB/numsols/SWWCOMP/300s/2.pdf Graphic file (type pdf)
 <use pics/results/SDB/numsols/SWWCOMP/300s/2.pdf>
Package pdftex.def Info: pics/results/SDB/numsols/SWWCOMP/300s/2.pdf used on in
put line 634.
(pdftex.def)             Requested size: 199.16928pt x 138.47255pt.

<pics/results/SDB/numsols/SWWCOMP/300s/3.pdf, id=627, 307.54599pt x 195.83363pt
>
File: pics/results/SDB/numsols/SWWCOMP/300s/3.pdf Graphic file (type pdf)
 <use pics/results/SDB/numsols/SWWCOMP/300s/3.pdf>
Package pdftex.def Info: pics/results/SDB/numsols/SWWCOMP/300s/3.pdf used on in
put line 635.
(pdftex.def)             Requested size: 199.16928pt x 126.82718pt.
 [19] [20 <./pics/results/SDB/numsols/300s/h0t300s.pdf> <./pics/results/SDB/num
sols/300s/h1t300s.pdf> <./pics/results/SDB/numsols/300s/h2t300s.pdf> <./pics/re
sults/SDB/numsols/300s/h4t300s.pdf> <./pics/results/SDB/numsols/300s/h3t300s.pd
f>]
<pics/results/SDB/numsols/300s/a.pdf, id=713, 242.37752pt x 195.83063pt>
File: pics/results/SDB/numsols/300s/a.pdf Graphic file (type pdf)

<use pics/results/SDB/numsols/300s/a.pdf>
Package pdftex.def Info: pics/results/SDB/numsols/300s/a.pdf used on input line
 652.
(pdftex.def)             Requested size: 199.16928pt x 160.9198pt.
 [21 <./pics/results/SDB/numsols/300s/evolve30s.pdf> <./pics/results/SDB/numsol
s/300s/evolve100s.pdf> <./pics/results/SDB/numsols/300s/evolve200s.pdf> <./pics
/results/SDB/numsols/300s/evolve300s.pdf>] [22 <./pics/results/SDB/numsols/300s
/CF0t300.pdf> <./pics/results/SDB/numsols/300s/CF1t300.pdf> <./pics/results/SDB
/numsols/300s/CF2t300.pdf> <./pics/results/SDB/numsols/300s/CF3t300.pdf>] [23 <
./pics/results/SDB/CDspeed/speed.pdf> <./pics/results/SDB/numsols/SWWCOMP/30s/0
.pdf> <./pics/results/SDB/numsols/SWWCOMP/30s/1.pdf> <./pics/results/SDB/numsol
s/SWWCOMP/30s/2.pdf> <./pics/results/SDB/numsols/SWWCOMP/30s/3.pdf>] [24 <./pic
s/results/SDB/numsols/SWWCOMP/300s/0.pdf> <./pics/results/SDB/numsols/SWWCOMP/3
00s/1.pdf> <./pics/results/SDB/numsols/SWWCOMP/300s/2.pdf> <./pics/results/SDB/
numsols/SWWCOMP/300s/3.pdf> <./pics/results/SDB/numsols/300s/a.pdf>]
<pics/results/SDB/numsols/300s/HFT-figure0.pdf, id=1044, 237.27847pt x 195.8306
3pt>
File: pics/results/SDB/numsols/300s/HFT-figure0.pdf Graphic file (type pdf)
 <use pics/results/SDB/numsols/300s/HFT-figure0.pdf>
Package pdftex.def Info: pics/results/SDB/numsols/300s/HFT-figure0.pdf used on 
input line 663.
(pdftex.def)             Requested size: 199.16928pt x 164.38603pt.

<pics/results/SDB/numsols/300s/TT-figure0.pdf, id=1045, 249.23715pt x 195.83063
pt>
File: pics/results/SDB/numsols/300s/TT-figure0.pdf Graphic file (type pdf)
 <use pics/results/SDB/numsols/300s/TT-figure0.pdf>
Package pdftex.def Info: pics/results/SDB/numsols/300s/TT-figure0.pdf used on i
nput line 664.
(pdftex.def)             Requested size: 199.16928pt x 156.4914pt.
 (./Serre_ASCE.bbl
[25 <./pics/results/SDB/numsols/300s/HFT-figure0.pdf> <./pics/results/SDB/numso
ls/300s/TT-figure0.pdf>]
Missing character: There is no â in font ptmr7t!
Missing character: There is no € in font ptmr7t!
Missing character: There is no “ in font ptmr7t!
 [26]) [27] (./Serre_ASCE.aux)

LaTeX Warning: There were undefined references.


LaTeX Warning: There were multiply-defined labels.

 ) 
Here is how much of TeX's memory you used:
 6702 strings out of 494953
 104055 string characters out of 6180977
 182092 words of memory out of 5000000
 9782 multiletter control sequences out of 15000+600000
 32260 words of font info for 74 fonts, out of 8000000 for 9000
 14 hyphenation exceptions out of 8191
 43i,25n,77p,1365b,403s stack positions out of 5000i,500n,10000p,200000b,80000s
{/usr/share/texlive/texmf-dist/fonts/enc/dvips/base/8r.enc}</usr/share/texliv
e/texmf-dist/fonts/type1/public/amsfonts/cm/cmex10.pfb></usr/share/texlive/texm
f-dist/fonts/type1/public/amsfonts/cm/cmmi10.pfb></usr/share/texlive/texmf-dist
/fonts/type1/public/amsfonts/cm/cmmi12.pfb></usr/share/texlive/texmf-dist/fonts
/type1/public/amsfonts/cm/cmmi7.pfb></usr/share/texlive/texmf-dist/fonts/type1/
public/amsfonts/cm/cmmi8.pfb></usr/share/texlive/texmf-dist/fonts/type1/public/
amsfonts/cm/cmmib10.pfb></usr/share/texlive/texmf-dist/fonts/type1/public/amsfo
nts/cm/cmr10.pfb></usr/share/texlive/texmf-dist/fonts/type1/public/amsfonts/cm/
cmr12.pfb></usr/share/texlive/texmf-dist/fonts/type1/public/amsfonts/cm/cmr5.pf
b></usr/share/texlive/texmf-dist/fonts/type1/public/amsfonts/cm/cmr6.pfb></usr/
share/texlive/texmf-dist/fonts/type1/public/amsfonts/cm/cmr7.pfb></usr/share/te
xlive/texmf-dist/fonts/type1/public/amsfonts/cm/cmr8.pfb></usr/share/texlive/te
xmf-dist/fonts/type1/public/amsfonts/cm/cmsy10.pfb></usr/share/texlive/texmf-di
st/fonts/type1/public/amsfonts/cm/cmsy5.pfb></usr/share/texlive/texmf-dist/font
s/type1/public/amsfonts/cm/cmsy6.pfb></usr/share/texlive/texmf-dist/fonts/type1
/public/amsfonts/cm/cmsy7.pfb></usr/share/texlive/texmf-dist/fonts/type1/public
/amsfonts/cm/cmsy8.pfb></usr/share/texlive/texmf-dist/fonts/type1/public/amsfon
ts/symbols/msam10.pfb></usr/share/texlive/texmf-dist/fonts/type1/urw/helvetic/u
hvb8a.pfb></usr/share/texlive/texmf-dist/fonts/type1/urw/helvetic/uhvr8a.pfb></
usr/share/texlive/texmf-dist/fonts/type1/urw/times/utmb8a.pfb></usr/share/texli
ve/texmf-dist/fonts/type1/urw/times/utmr8a.pfb></usr/share/texlive/texmf-dist/f
onts/type1/urw/times/utmri8a.pfb>
Output written on Serre_ASCE.pdf (27 pages, 3379945 bytes).
PDF statistics:
 1147 PDF objects out of 1200 (max. 8388607)
 1026 compressed objects within 11 object streams
 0 named destinations out of 1000 (max. 500000)
 291 words of extra memory for PDF output out of 10000 (max. 10000000)

