\BOOKMARK [1][-]{section.1}{Introduction}{}% 1
\BOOKMARK [1][-]{section.2}{Serre Equations}{}% 2
\BOOKMARK [2][-]{subsection.2.1}{Non-dimensional Form of the Serre Equations}{section.2}% 3
\BOOKMARK [2][-]{subsection.2.2}{Alternative Conservative Form of the Serre Equations}{section.2}% 4
\BOOKMARK [3][-]{subsubsection.2.2.1}{Properties of the Linearized Serre equations}{subsection.2.2}% 5
\BOOKMARK [2][-]{subsection.2.3}{Conservation of Energy}{section.2}% 6
\BOOKMARK [1][-]{section.3}{Solving the Serre Equations Written in Conservation Law Form}{}% 7
\BOOKMARK [2][-]{subsection.3.1}{The Finite Volume Scheme}{section.3}% 8
\BOOKMARK [2][-]{subsection.3.2}{Point Estimates}{section.3}% 9
\BOOKMARK [2][-]{subsection.3.3}{Solving the Elliptic Equation}{section.3}% 10
\BOOKMARK [2][-]{subsection.3.4}{Approximate Riemann Solver}{section.3}% 11
\BOOKMARK [2][-]{subsection.3.5}{Shock Speed}{section.3}% 12
\BOOKMARK [2][-]{subsection.3.6}{Stability Restriction}{section.3}% 13
\BOOKMARK [2][-]{subsection.3.7}{Well balancing}{section.3}% 14
\BOOKMARK [1][-]{section.4}{Linear Dispersion Analysis of the Numerical Schemes}{}% 15
\BOOKMARK [1][-]{section.5}{Numerical Simulations}{}% 16
\BOOKMARK [2][-]{subsection.5.1}{Solitary Wave Analytical Solution}{section.5}% 17
\BOOKMARK [2][-]{subsection.5.2}{Interacting Solitary Waves}{section.5}% 18
\BOOKMARK [2][-]{subsection.5.3}{Comparison with third-order scheme}{section.5}% 19
\BOOKMARK [2][-]{subsection.5.4}{Solitary Wave over a Bump}{section.5}% 20
\BOOKMARK [2][-]{subsection.5.5}{Undular Bore}{section.5}% 21
\BOOKMARK [2][-]{subsection.5.6}{Rectangular Initial Wave}{section.5}% 22
\BOOKMARK [3][-]{subsubsection.5.6.1}{Piston movement of h1 - h0 = 3cm}{subsection.5.6}% 23
\BOOKMARK [3][-]{subsubsection.5.6.2}{Piston movement of h1 - h0 = 1cm}{subsection.5.6}% 24
\BOOKMARK [2][-]{subsection.5.7}{Periodic Wave Over a Submerged Bar}{section.5}% 25
\BOOKMARK [1][-]{section.6}{Conclusions}{}% 26
