This is pdfTeX, Version 3.14159265-2.6-1.40.16 (TeX Live 2015) (preloaded format=pdflatex 2015.6.24)  9 AUG 2016 10:30
entering extended mode
 restricted \write18 enabled.
 %&-line parsing enabled.
**Serre_ASCE.tex
(./Serre_ASCE.tex
LaTeX2e <2015/01/01>
Babel <3.9l> and hyphenation patterns for 79 languages loaded.
(./Serre_ASCE.cls


LaTeX Warning: You have requested document class `Serre_ASCE',
               but the document class provides `ascelike'.

Document Class: ascelike 2013/2/14 Version 2.3 ASCE-like manuscripts (Am. Soc. 
Civ. Engr.)

(/usr/local/texlive/2015/texmf-dist/tex/latex/base/ifthen.sty
Package: ifthen 2014/09/29 v1.1c Standard LaTeX ifthen package (DPC)
)
(/usr/local/texlive/2015/texmf-dist/tex/latex/base/article.cls
Document Class: article 2014/09/29 v1.4h Standard LaTeX document class
(/usr/local/texlive/2015/texmf-dist/tex/latex/base/size12.clo
File: size12.clo 2014/09/29 v1.4h Standard LaTeX file (size option)
)
\c@part=\count79
\c@section=\count80
\c@subsection=\count81
\c@subsubsection=\count82
\c@paragraph=\count83
\c@subparagraph=\count84
\c@figure=\count85
\c@table=\count86
\abovecaptionskip=\skip41
\belowcaptionskip=\skip42
\bibindent=\dimen102
)

(1) A "Journal" style manuscript will be produced
(2) Figures and Tables will be placed together at the end of the manuscript (ch
ange with the 'InsideFigs' option)
(3) Text will be single spaced (change with the 'DoubleSpace' option)
(4) Text will be 12pt (change with the '10pt', '11pt', & '12pt' options)
(5) Line numbers will be placed alonside the text (change with the 'NoLineNumbe
rs' option)

\c@enumnoo=\count87
\TempBoxb=\box26
\TempBoxl=\skip43
\Abovecaptionrule=\skip44
) (/usr/local/texlive/2015/texmf-dist/tex/latex/graphics/graphicx.sty
Package: graphicx 2014/10/28 v1.0g Enhanced LaTeX Graphics (DPC,SPQR)

(/usr/local/texlive/2015/texmf-dist/tex/latex/graphics/keyval.sty
Package: keyval 2014/10/28 v1.15 key=value parser (DPC)
\KV@toks@=\toks14
)
(/usr/local/texlive/2015/texmf-dist/tex/latex/graphics/graphics.sty
Package: graphics 2014/10/28 v1.0p Standard LaTeX Graphics (DPC,SPQR)

(/usr/local/texlive/2015/texmf-dist/tex/latex/graphics/trig.sty
Package: trig 1999/03/16 v1.09 sin cos tan (DPC)
)
(/usr/local/texlive/2015/texmf-dist/tex/latex/latexconfig/graphics.cfg
File: graphics.cfg 2010/04/23 v1.9 graphics configuration of TeX Live
)
Package graphics Info: Driver file: dvips.def on input line 94.

(/usr/local/texlive/2015/texmf-dist/tex/latex/graphics/dvips.def
File: dvips.def 2014/10/14 v3.0j Driver-dependent file (DPC,SPQR)
))
\Gin@req@height=\dimen103
\Gin@req@width=\dimen104
)
(/usr/local/texlive/2015/texmf-dist/tex/latex/xcolor/xcolor.sty
Package: xcolor 2007/01/21 v2.11 LaTeX color extensions (UK)

(/usr/local/texlive/2015/texmf-dist/tex/latex/latexconfig/color.cfg
File: color.cfg 2007/01/18 v1.5 color configuration of teTeX/TeXLive
)
Package xcolor Info: Driver file: pdftex.def on input line 225.

(/usr/local/texlive/2015/texmf-dist/tex/latex/pdftex-def/pdftex.def
File: pdftex.def 2011/05/27 v0.06d Graphics/color for pdfTeX

(/usr/local/texlive/2015/texmf-dist/tex/generic/oberdiek/infwarerr.sty
Package: infwarerr 2010/04/08 v1.3 Providing info/warning/error messages (HO)
)
(/usr/local/texlive/2015/texmf-dist/tex/generic/oberdiek/ltxcmds.sty
Package: ltxcmds 2011/11/09 v1.22 LaTeX kernel commands for general use (HO)
)
\Gread@gobject=\count88
)
Package xcolor Info: Model `cmy' substituted by `cmy0' on input line 1337.
Package xcolor Info: Model `RGB' extended on input line 1353.
Package xcolor Info: Model `HTML' substituted by `rgb' on input line 1355.
Package xcolor Info: Model `Hsb' substituted by `hsb' on input line 1356.
Package xcolor Info: Model `tHsb' substituted by `hsb' on input line 1357.
Package xcolor Info: Model `HSB' substituted by `hsb' on input line 1358.
Package xcolor Info: Model `Gray' substituted by `gray' on input line 1359.
Package xcolor Info: Model `wave' substituted by `hsb' on input line 1360.

(/usr/local/texlive/2015/texmf-dist/tex/latex/graphics/dvipsnam.def
File: dvipsnam.def 2014/10/14 v3.0j Driver-dependent file (DPC,SPQR)
))
(/usr/local/texlive/2015/texmf-dist/tex/latex/amsmath/amsmath.sty
Package: amsmath 2013/01/14 v2.14 AMS math features
\@mathmargin=\skip45

For additional information on amsmath, use the `?' option.
(/usr/local/texlive/2015/texmf-dist/tex/latex/amsmath/amstext.sty
Package: amstext 2000/06/29 v2.01

(/usr/local/texlive/2015/texmf-dist/tex/latex/amsmath/amsgen.sty
File: amsgen.sty 1999/11/30 v2.0
\@emptytoks=\toks15
\ex@=\dimen105
))
(/usr/local/texlive/2015/texmf-dist/tex/latex/amsmath/amsbsy.sty
Package: amsbsy 1999/11/29 v1.2d
\pmbraise@=\dimen106
)
(/usr/local/texlive/2015/texmf-dist/tex/latex/amsmath/amsopn.sty
Package: amsopn 1999/12/14 v2.01 operator names
)
\inf@bad=\count89
LaTeX Info: Redefining \frac on input line 210.
\uproot@=\count90
\leftroot@=\count91
LaTeX Info: Redefining \overline on input line 306.
\classnum@=\count92
\DOTSCASE@=\count93
LaTeX Info: Redefining \ldots on input line 378.
LaTeX Info: Redefining \dots on input line 381.
LaTeX Info: Redefining \cdots on input line 466.
\Mathstrutbox@=\box27
\strutbox@=\box28
\big@size=\dimen107
LaTeX Font Info:    Redeclaring font encoding OML on input line 566.
LaTeX Font Info:    Redeclaring font encoding OMS on input line 567.
\macc@depth=\count94
\c@MaxMatrixCols=\count95
\dotsspace@=\muskip10
\c@parentequation=\count96
\dspbrk@lvl=\count97
\tag@help=\toks16
\row@=\count98
\column@=\count99
\maxfields@=\count100
\andhelp@=\toks17
\eqnshift@=\dimen108
\alignsep@=\dimen109
\tagshift@=\dimen110
\tagwidth@=\dimen111
\totwidth@=\dimen112
\lineht@=\dimen113
\@envbody=\toks18
\multlinegap=\skip46
\multlinetaggap=\skip47
\mathdisplay@stack=\toks19
LaTeX Info: Redefining \[ on input line 2665.
LaTeX Info: Redefining \] on input line 2666.
)
(/usr/local/texlive/2015/texmf-dist/tex/latex/amsfonts/amsfonts.sty
Package: amsfonts 2013/01/14 v3.01 Basic AMSFonts support
\symAMSa=\mathgroup4
\symAMSb=\mathgroup5
LaTeX Font Info:    Overwriting math alphabet `\mathfrak' in version `bold'
(Font)                  U/euf/m/n --> U/euf/b/n on input line 106.
)
(/usr/local/texlive/2015/texmf-dist/tex/latex/amsfonts/amssymb.sty
Package: amssymb 2013/01/14 v3.01 AMS font symbols
)
(/usr/local/texlive/2015/texmf-dist/tex/latex/lineno/lineno.sty
Package: lineno 2005/11/02 line numbers on paragraphs v4.41
\linenopenalty=\count101
\output=\toks20
\linenoprevgraf=\count102
\linenumbersep=\dimen114
\linenumberwidth=\dimen115
\c@linenumber=\count103
\c@pagewiselinenumber=\count104
\c@LN@truepage=\count105
\c@internallinenumber=\count106
\c@internallinenumbers=\count107
\quotelinenumbersep=\dimen116
\bframerule=\dimen117
\bframesep=\dimen118
\bframebox=\box29
LaTeX Info: Redefining \\ on input line 3056.
)
(/usr/local/texlive/2015/texmf-dist/tex/latex/tools/enumerate.sty
Package: enumerate 2014/10/28 v3.00 enumerate extensions (DPC)
\@enLab=\toks21
)
(/usr/local/texlive/2015/texmf-dist/tex/latex/url/url.sty
\Urlmuskip=\muskip11
Package: url 2013/09/16  ver 3.4  Verb mode for urls, etc.
)
(/usr/local/texlive/2015/texmf-dist/tex/latex/psnfss/times.sty
Package: times 2005/04/12 PSNFSS-v9.2a (SPQR) 
)
(/usr/local/texlive/2015/texmf-dist/tex/latex/subfigure/subfigure.sty
Package: subfigure 2002/03/15 v2.1.5 subfigure package
\subfigtopskip=\skip48
\subfigcapskip=\skip49
\subfigcaptopadj=\dimen119
\subfigbottomskip=\skip50
\subfigcapmargin=\dimen120
\subfiglabelskip=\skip51
\c@subfigure=\count108
\c@lofdepth=\count109
\c@subtable=\count110
\c@lotdepth=\count111

****************************************
* Local config file subfigure.cfg used *
****************************************
(/usr/local/texlive/2015/texmf-dist/tex/latex/subfigure/subfigure.cfg)
\subfig@top=\skip52
\subfig@bottom=\skip53
)
(/usr/local/texlive/2015/texmf-dist/tex/latex/caption/caption.sty
Package: caption 2013/05/02 v3.3-89 Customizing captions (AR)

(/usr/local/texlive/2015/texmf-dist/tex/latex/caption/caption3.sty
Package: caption3 2013/05/02 v1.6-88 caption3 kernel (AR)
Package caption3 Info: TeX engine: e-TeX on input line 57.
\captionmargin=\dimen121
\captionmargin@=\dimen122
\captionwidth=\dimen123
\caption@tempdima=\dimen124
\caption@indent=\dimen125
\caption@parindent=\dimen126
\caption@hangindent=\dimen127
Package caption Info: Unknown document class (or package),
(caption)             standard defaults will be used.
)

Package caption Warning: Unsupported document class (or package) detected,
(caption)                usage of the caption package is not recommended.
See the caption package documentation for explanation.

Package caption Info: \@makecaption = \long macro:#1#2->\vspace {\Abovecaptionr
ule } \savebox {\TempBoxb }{\rule {0em}{3ex}\ifthenelse {\boolean {NewProceedin
gs}}{\rmfamily }{\sffamily }\bfseries \normalsize #1.\makebox [1ex]{}\ifthenels
e {\boolean {NewProceedings}}{\rmfamily }{\sffamily }\bfseries \normalsize #2}\
settowidth {\TempBoxl }{\usebox {\TempBoxb }} \ifthenelse {\lengthtest {\TempBo
xl > \textwidth }} {\ifthenelse {\boolean {NewProceedings}}{\rmfamily }{\sffami
ly }\bfseries \normalsize #1.\makebox [1ex]{}\ifthenelse {\boolean {NewProceedi
ngs}}{\rmfamily }{\sffamily }\bfseries \normalsize #2\par }{\centering \usebox 
{\TempBoxb }} \vskip \belowcaptionskip .
\c@ContinuedFloat=\count112
Package caption Info: subfigure package is loaded.
) (/usr/local/texlive/2015/texmf-dist/tex/latex/fancyhdr/fancyhdr.sty
\fancy@headwidth=\skip54
\f@ncyO@elh=\skip55
\f@ncyO@erh=\skip56
\f@ncyO@olh=\skip57
\f@ncyO@orh=\skip58
\f@ncyO@elf=\skip59
\f@ncyO@erf=\skip60
\f@ncyO@olf=\skip61
\f@ncyO@orf=\skip62
)
(/usr/local/texlive/2015/texmf-dist/tex/latex/currfile/currfile.sty
Package: currfile 2013/02/01 v0.7b Provides the file path elements of the curre
nt input file

(/usr/local/texlive/2015/texmf-dist/tex/latex/oberdiek/kvoptions.sty
Package: kvoptions 2011/06/30 v3.11 Key value format for package options (HO)

(/usr/local/texlive/2015/texmf-dist/tex/generic/oberdiek/kvsetkeys.sty
Package: kvsetkeys 2012/04/25 v1.16 Key value parser (HO)

(/usr/local/texlive/2015/texmf-dist/tex/generic/oberdiek/etexcmds.sty
Package: etexcmds 2011/02/16 v1.5 Avoid name clashes with e-TeX commands (HO)

(/usr/local/texlive/2015/texmf-dist/tex/generic/oberdiek/ifluatex.sty
Package: ifluatex 2010/03/01 v1.3 Provides the ifluatex switch (HO)
Package ifluatex Info: LuaTeX not detected.
)
Package etexcmds Info: Could not find \expanded.
(etexcmds)             That can mean that you are not using pdfTeX 1.50 or
(etexcmds)             that some package has redefined \expanded.
(etexcmds)             In the latter case, load this package earlier.
)))
(/usr/local/texlive/2015/texmf-dist/tex/latex/filehook/filehook.sty
Package: filehook 2011/10/12 v0.5d Hooks for input files
)
\c@currfiledepth=\count113
)
(/usr/local/texlive/2015/texmf-dist/tex/latex/datetime/datetime.sty
Package: datetime 2015/03/20 v2.60 Date Time Package

(/usr/local/texlive/2015/texmf-dist/tex/latex/etoolbox/etoolbox.sty
Package: etoolbox 2015/05/04 v2.2 e-TeX tools for LaTeX (JAW)
\etb@tempcnta=\count114
)
(/usr/local/texlive/2015/texmf-dist/tex/latex/fmtcount/fmtcount.sty
Package: fmtcount 2015/05/05 v3.01

(/usr/local/texlive/2015/texmf-dist/tex/latex/xkeyval/xkeyval.sty
Package: xkeyval 2014/12/03 v2.7a package option processing (HA)

(/usr/local/texlive/2015/texmf-dist/tex/generic/xkeyval/xkeyval.tex
(/usr/local/texlive/2015/texmf-dist/tex/generic/xkeyval/xkvutils.tex
\XKV@toks=\toks22
\XKV@tempa@toks=\toks23
)
\XKV@depth=\count115
File: xkeyval.tex 2014/12/03 v2.7a key=value parser (HA)
))
(/usr/local/texlive/2015/texmf-dist/tex/latex/fmtcount/fcprefix.sty
Package: fcprefix 2012/09/28

(/usr/local/texlive/2015/texmf-dist/tex/latex/fmtcount/fcnumparser.sty
Package: fcnumparser 2012/09/28
\fc@digit@counter=\count116
))
(/usr/local/texlive/2015/texmf-dist/tex/generic/ifxetex/ifxetex.sty
Package: ifxetex 2010/09/12 v0.6 Provides ifxetex conditional
)
\c@padzeroesN=\count117
\fc@tmpcatcode=\count118
\@DT@modctr=\count119
\@ordinalctr=\count120
\@orgargctr=\count121
\@strctr=\count122
\@tmpstrctr=\count123
\@DT@loopN=\count124
\@DT@X=\count125

(/usr/local/texlive/2015/texmf-dist/tex/latex/fmtcount/fc-english.def
File: fc-english.def 2013/08/17
))
(/usr/local/texlive/2015/texmf-dist/tex/latex/datetime/datetime-defaults.sty
Package: datetime-defaults 2013/09/10
)
\@day=\count126
\@month=\count127
\@year=\count128
\c@HOUR=\count129
\c@HOURXII=\count130
\c@MINUTE=\count131
\c@TOHOUR=\count132
\c@TOMINUTE=\count133
\c@SECOND=\count134
\currenthour=\count135
\currentminute=\count136
\currentsecond=\count137
Package datetime Info: No datetime.cfg file found, using default settings on in
put line 308.
\@dtctr=\count138
\dayofyear=\count139
\dayofweek=\count140
LaTeX Info: Redefining \today on input line 736.
\dt@a=\toks24
\dt@b=\toks25
)
(./Serre_ASCE.aux

LaTeX Warning: Label `fig:FVlonga20hz' multiply defined.


LaTeX Warning: Label `sub@fig:FVlonga20hz' multiply defined.


LaTeX Warning: Label `fig:FVlonga20a' multiply defined.


LaTeX Warning: Label `sub@fig:FVlonga20a' multiply defined.


LaTeX Warning: Label `fig:UHcomp1' multiply defined.


LaTeX Warning: Label `sub@fig:UHcomp1' multiply defined.


LaTeX Warning: Label `fig:UHcomp2' multiply defined.


LaTeX Warning: Label `sub@fig:UHcomp2' multiply defined.


LaTeX Warning: Label `fig:UHcomp3' multiply defined.


LaTeX Warning: Label `sub@fig:UHcomp3' multiply defined.


LaTeX Warning: Label `fig:UHcomp4' multiply defined.


LaTeX Warning: Label `sub@fig:UHcomp4' multiply defined.

)
\openout1 = `Serre_ASCE.aux'.

LaTeX Font Info:    Checking defaults for OML/cmm/m/it on input line 32.
LaTeX Font Info:    ... okay on input line 32.
LaTeX Font Info:    Checking defaults for T1/cmr/m/n on input line 32.
LaTeX Font Info:    ... okay on input line 32.
LaTeX Font Info:    Checking defaults for OT1/cmr/m/n on input line 32.
LaTeX Font Info:    ... okay on input line 32.
LaTeX Font Info:    Checking defaults for OMS/cmsy/m/n on input line 32.
LaTeX Font Info:    ... okay on input line 32.
LaTeX Font Info:    Checking defaults for OMX/cmex/m/n on input line 32.
LaTeX Font Info:    ... okay on input line 32.
LaTeX Font Info:    Checking defaults for U/cmr/m/n on input line 32.
LaTeX Font Info:    ... okay on input line 32.
LaTeX Font Info:    Try loading font information for OT1+ptm on input line 32.
 (/usr/local/texlive/2015/texmf-dist/tex/latex/psnfss/ot1ptm.fd
File: ot1ptm.fd 2001/06/04 font definitions for OT1/ptm.
)
(/usr/local/texlive/2015/texmf-dist/tex/latex/endfloat/endfloat.sty
Package: endfloat 2011/12/25 v2.5d LaTeX2e package puts figures and tables at e
nd (jdm)
\c@posttable=\count141
\efloat@postttt=\write3
\@ef@tttopen=\count142
\c@postfigure=\count143
\efloat@postfff=\write4
\@ef@fffopen=\count144
)
(/usr/local/texlive/2015/texmf-dist/tex/generic/oberdiek/pdftexcmds.sty
Package: pdftexcmds 2011/11/29 v0.20 Utility functions of pdfTeX for LuaTeX (HO
)

(/usr/local/texlive/2015/texmf-dist/tex/generic/oberdiek/ifpdf.sty
Package: ifpdf 2011/01/30 v2.3 Provides the ifpdf switch (HO)
Package ifpdf Info: pdfTeX in PDF mode is detected.
)
Package pdftexcmds Info: LuaTeX not detected.
Package pdftexcmds Info: \pdf@primitive is available.
Package pdftexcmds Info: \pdf@ifprimitive is available.
Package pdftexcmds Info: \pdfdraftmode found.
)
(/usr/local/texlive/2015/texmf-dist/tex/latex/oberdiek/epstopdf-base.sty
Package: epstopdf-base 2010/02/09 v2.5 Base part for package epstopdf

(/usr/local/texlive/2015/texmf-dist/tex/latex/oberdiek/grfext.sty
Package: grfext 2010/08/19 v1.1 Manage graphics extensions (HO)

(/usr/local/texlive/2015/texmf-dist/tex/generic/oberdiek/kvdefinekeys.sty
Package: kvdefinekeys 2011/04/07 v1.3 Define keys (HO)
))
Package epstopdf-base Info: Redefining graphics rule for `.eps' on input line 4
34.
Package grfext Info: Graphics extension search list:
(grfext)             [.png,.pdf,.jpg,.mps,.jpeg,.jbig2,.jb2,.PNG,.PDF,.JPG,.JPE
G,.JBIG2,.JB2,.eps]
(grfext)             \AppendGraphicsExtensions on input line 452.

(/usr/local/texlive/2015/texmf-dist/tex/latex/latexconfig/epstopdf-sys.cfg
File: epstopdf-sys.cfg 2010/07/13 v1.3 Configuration of (r)epstopdf for TeX Liv
e
))
(/usr/local/texlive/2015/texmf-dist/tex/context/base/supp-pdf.mkii
[Loading MPS to PDF converter (version 2006.09.02).]
\scratchcounter=\count145
\scratchdimen=\dimen128
\scratchbox=\box30
\nofMPsegments=\count146
\nofMParguments=\count147
\everyMPshowfont=\toks26
\MPscratchCnt=\count148
\MPscratchDim=\dimen129
\MPnumerator=\count149
\makeMPintoPDFobject=\count150
\everyMPtoPDFconversion=\toks27
)
Package caption Info: Begin \AtBeginDocument code.
Package caption Info: End \AtBeginDocument code.
LaTeX Font Info:    Font shape `OT1/ptm/bx/n' in size <14.4> not available
(Font)              Font shape `OT1/ptm/b/n' tried instead on input line 47.
LaTeX Font Info:    Try loading font information for U+msa on input line 47.
 (/usr/local/texlive/2015/texmf-dist/tex/latex/amsfonts/umsa.fd
File: umsa.fd 2013/01/14 v3.01 AMS symbols A
)
LaTeX Font Info:    Try loading font information for U+msb on input line 47.

(/usr/local/texlive/2015/texmf-dist/tex/latex/amsfonts/umsb.fd
File: umsb.fd 2013/01/14 v3.01 AMS symbols B
)
LaTeX Font Info:    Font shape `OT1/ptm/bx/n' in size <12> not available
(Font)              Font shape `OT1/ptm/b/n' tried instead on input line 49.
LaTeX Font Info:    Try loading font information for OT1+phv on input line 49.

(/usr/local/texlive/2015/texmf-dist/tex/latex/psnfss/ot1phv.fd
File: ot1phv.fd 2001/06/04 scalable font definitions for OT1/phv.
)
LaTeX Font Info:    Font shape `OT1/phv/bx/n' in size <12> not available
(Font)              Font shape `OT1/phv/b/n' tried instead on input line 49.
\openout4 = `Serre_ASCE.fff'.


(Serre_ASCE.fff) [1

{/usr/local/texlive/2015/texmf-var/fonts/map/pdftex/updmap/pdftex.map}] [2] [3]
 [4] [5] [6] [7] [8] [9]

LaTeX Warning: Reference `fig:UHcompall' on page 10 undefined on input line 571
.

[10] (./Serre_ASCE.bbl
Missing character: There is no â in font ptmr7t!
Missing character: There is no € in font ptmr7t!
Missing character: There is no “ in font ptmr7t!
) AED endfloat: Processing end Figures and Tables
[11] (./Serre_ASCE.lof [12


])
\tf@lof=\write5
\openout5 = `Serre_ASCE.lof'.

 [13] (./Serre_ASCE.fff
Package epstopdf Info: Source file: <pics/explainers/one-dimensional-axis_Serre
.eps>
(epstopdf)                    date: 2015-05-28 02:50:16
(epstopdf)                    size: 41764 bytes
(epstopdf)             Output file: <pics/explainers/one-dimensional-axis_Serre
-eps-converted-to.pdf>
(epstopdf)                    date: 2016-06-23 15:17:52
(epstopdf)                    size: 6512 bytes
(epstopdf)             Command: <repstopdf --outfile=pics/explainers/one-dimens
ional-axis_Serre-eps-converted-to.pdf pics/explainers/one-dimensional-axis_Serr
e.eps>
(epstopdf)             \includegraphics on input line 3.
Package epstopdf Info: Output file is already uptodate.

<pics/explainers/one-dimensional-axis_Serre-eps-converted-to.pdf, id=59, 319.19
25pt x 177.66376pt>
File: pics/explainers/one-dimensional-axis_Serre-eps-converted-to.pdf Graphic f
ile (type pdf)

<use pics/explainers/one-dimensional-axis_Serre-eps-converted-to.pdf>
Package pdftex.def Info: pics/explainers/one-dimensional-axis_Serre-eps-convert
ed-to.pdf used on input line 3.
(pdftex.def)             Requested size: 199.16928pt x 110.85793pt.
 [14

 <./pics/explainers/one-dimensional-axis_Serre-eps-converted-to.pdf>]
<pics/results/soliton/ex/FDc.pdf, id=72, 238.38962pt x 196.66374pt>
File: pics/results/soliton/ex/FDc.pdf Graphic file (type pdf)

<use pics/results/soliton/ex/FDc.pdf>
Package pdftex.def Info: pics/results/soliton/ex/FDc.pdf used on input line 12.

(pdftex.def)             Requested size: 199.16928pt x 164.31715pt.

<pics/results/soliton/ex/FDcz.pdf, id=73, 238.38962pt x 195.83063pt>
File: pics/results/soliton/ex/FDcz.pdf Graphic file (type pdf)

<use pics/results/soliton/ex/FDcz.pdf>
Package pdftex.def Info: pics/results/soliton/ex/FDcz.pdf used on input line 13
.
(pdftex.def)             Requested size: 199.16928pt x 163.62106pt.

<pics/results/soliton/ex/grim.pdf, id=74, 238.38962pt x 196.66374pt>
File: pics/results/soliton/ex/grim.pdf Graphic file (type pdf)

<use pics/results/soliton/ex/grim.pdf>
Package pdftex.def Info: pics/results/soliton/ex/grim.pdf used on input line 14
.
(pdftex.def)             Requested size: 199.16928pt x 164.31715pt.

<pics/results/soliton/ex/grimz.pdf, id=75, 238.38962pt x 195.83063pt>
File: pics/results/soliton/ex/grimz.pdf Graphic file (type pdf)

<use pics/results/soliton/ex/grimz.pdf>
Package pdftex.def Info: pics/results/soliton/ex/grimz.pdf used on input line 1
5.
(pdftex.def)             Requested size: 199.16928pt x 163.62106pt.
 [15 <./pics/results/soliton/ex/FDc.pdf> <./pics/results/soliton/ex/FDcz.pdf> <
./pics/results/soliton/ex/grim.pdf> <./pics/results/soliton/ex/grimz.pdf>]
<pics/results/soliton/L1/FDc.pdf, id=147, 247.0289pt x 198.53874pt>
File: pics/results/soliton/L1/FDc.pdf Graphic file (type pdf)

<use pics/results/soliton/L1/FDc.pdf>
Package pdftex.def Info: pics/results/soliton/L1/FDc.pdf used on input line 23.

(pdftex.def)             Requested size: 199.16928pt x 160.07933pt.

<pics/results/soliton/H1/FDc.pdf, id=148, 247.0289pt x 198.53874pt>
File: pics/results/soliton/H1/FDc.pdf Graphic file (type pdf)

<use pics/results/soliton/H1/FDc.pdf>
Package pdftex.def Info: pics/results/soliton/H1/FDc.pdf used on input line 24.

(pdftex.def)             Requested size: 199.16928pt x 160.07933pt.

<pics/results/soliton/L1/grim.pdf, id=149, 247.0289pt x 198.53874pt>
File: pics/results/soliton/L1/grim.pdf Graphic file (type pdf)

<use pics/results/soliton/L1/grim.pdf>
Package pdftex.def Info: pics/results/soliton/L1/grim.pdf used on input line 25
.
(pdftex.def)             Requested size: 199.16928pt x 160.07933pt.

<pics/results/soliton/H1/grim.pdf, id=150, 247.0289pt x 198.53874pt>
File: pics/results/soliton/H1/grim.pdf Graphic file (type pdf)

<use pics/results/soliton/H1/grim.pdf>
Package pdftex.def Info: pics/results/soliton/H1/grim.pdf used on input line 26
.
(pdftex.def)             Requested size: 199.16928pt x 160.07933pt.
 [16 <./pics/results/soliton/L1/FDc.pdf> <./pics/results/soliton/H1/FDc.pdf> <.
/pics/results/soliton/L1/grim.pdf> <./pics/results/soliton/H1/grim.pdf>]
<pics/results/soliton/C1/FDc.pdf, id=223, 247.0289pt x 198.53773pt>
File: pics/results/soliton/C1/FDc.pdf Graphic file (type pdf)

<use pics/results/soliton/C1/FDc.pdf>
Package pdftex.def Info: pics/results/soliton/C1/FDc.pdf used on input line 34.

(pdftex.def)             Requested size: 199.16928pt x 160.07852pt.

<pics/results/soliton/C1/grim.pdf, id=224, 247.0289pt x 198.53773pt>
File: pics/results/soliton/C1/grim.pdf Graphic file (type pdf)

<use pics/results/soliton/C1/grim.pdf>
Package pdftex.def Info: pics/results/soliton/C1/grim.pdf used on input line 35
.
(pdftex.def)             Requested size: 199.16928pt x 160.07852pt.
 [17 <./pics/results/soliton/C1/FDc.pdf> <./pics/results/soliton/C1/grim.pdf>]
<pics/results/SDB/init/h-figure0.pdf, id=260, 238.38661pt x 195.83063pt>
File: pics/results/SDB/init/h-figure0.pdf Graphic file (type pdf)

<use pics/results/SDB/init/h-figure0.pdf>
Package pdftex.def Info: pics/results/SDB/init/h-figure0.pdf used on input line
 43.
(pdftex.def)             Requested size: 199.16928pt x 163.62106pt.
 [18 <./pics/results/SDB/init/h-figure0.pdf>]
<pics/results/SDB/numsols/alpha0.025/1-figure0.pdf, id=278, 254.33118pt x 195.8
3063pt>
File: pics/results/SDB/numsols/alpha0.025/1-figure0.pdf Graphic file (type pdf)

 <use pics/results/SDB/numsols/alpha0.025/1-figure0.pdf>
Package pdftex.def Info: pics/results/SDB/numsols/alpha0.025/1-figure0.pdf used
 on input line 51.
(pdftex.def)             Requested size: 199.16928pt x 153.35684pt.
 [19 <./pics/results/SDB/numsols/alpha0.025/1-figure0.pdf>]
<pics/results/SDB/Lcon/alpha0.025/1.pdf, id=296, 247.03091pt x 198.53673pt>
File: pics/results/SDB/Lcon/alpha0.025/1.pdf Graphic file (type pdf)

<use pics/results/SDB/Lcon/alpha0.025/1.pdf>
Package pdftex.def Info: pics/results/SDB/Lcon/alpha0.025/1.pdf used on input l
ine 59.
(pdftex.def)             Requested size: 199.16928pt x 160.0777pt.

<pics/results/SDB/Hcon/alpha0.025/1.pdf, id=297, 247.03091pt x 198.53673pt>
File: pics/results/SDB/Hcon/alpha0.025/1.pdf Graphic file (type pdf)

<use pics/results/SDB/Hcon/alpha0.025/1.pdf>
Package pdftex.def Info: pics/results/SDB/Hcon/alpha0.025/1.pdf used on input l
ine 60.
(pdftex.def)             Requested size: 199.16928pt x 160.0777pt.
 [20 <./pics/results/SDB/Lcon/alpha0.025/1.pdf> <./pics/results/SDB/Hcon/alpha0
.025/1.pdf>]
<pics/results/SDB/numsols/alpha0.5/1-figure0.pdf, id=333, 238.38661pt x 195.830
63pt>
File: pics/results/SDB/numsols/alpha0.5/1-figure0.pdf Graphic file (type pdf)
 <use pics/results/SDB/numsols/alpha0.5/1-figure0.pdf>
Package pdftex.def Info: pics/results/SDB/numsols/alpha0.5/1-figure0.pdf used o
n input line 68.
(pdftex.def)             Requested size: 199.16928pt x 163.62106pt.

<pics/results/SDB/numsols/alpha0.5/2-figure0.pdf, id=334, 254.3362pt x 195.8306
3pt>
File: pics/results/SDB/numsols/alpha0.5/2-figure0.pdf Graphic file (type pdf)
 <use pics/results/SDB/numsols/alpha0.5/2-figure0.pdf>
Package pdftex.def Info: pics/results/SDB/numsols/alpha0.5/2-figure0.pdf used o
n input line 69.
(pdftex.def)             Requested size: 199.16928pt x 153.35684pt.
 [21 <./pics/results/SDB/numsols/alpha0.5/1-figure0.pdf> <./pics/results/SDB/nu
msols/alpha0.5/2-figure0.pdf>]
<pics/results/SDB/Lcon/alpha0.5/1.pdf, id=364, 247.03091pt x 198.53673pt>
File: pics/results/SDB/Lcon/alpha0.5/1.pdf Graphic file (type pdf)

<use pics/results/SDB/Lcon/alpha0.5/1.pdf>
Package pdftex.def Info: pics/results/SDB/Lcon/alpha0.5/1.pdf used on input lin
e 77.
(pdftex.def)             Requested size: 199.16928pt x 160.0777pt.

<pics/results/SDB/Hcon/alpha0.5/1.pdf, id=365, 247.03091pt x 198.53673pt>
File: pics/results/SDB/Hcon/alpha0.5/1.pdf Graphic file (type pdf)

<use pics/results/SDB/Hcon/alpha0.5/1.pdf>
Package pdftex.def Info: pics/results/SDB/Hcon/alpha0.5/1.pdf used on input lin
e 78.
(pdftex.def)             Requested size: 199.16928pt x 160.0777pt.
 [22 <./pics/results/SDB/Lcon/alpha0.5/1.pdf> <./pics/results/SDB/Hcon/alpha0.5
/1.pdf>]
<pics/results/SDB/numsols/alpha2.5/1-figure0.pdf, id=402, 238.38661pt x 195.830
63pt>
File: pics/results/SDB/numsols/alpha2.5/1-figure0.pdf Graphic file (type pdf)
 <use pics/results/SDB/numsols/alpha2.5/1-figure0.pdf>
Package pdftex.def Info: pics/results/SDB/numsols/alpha2.5/1-figure0.pdf used o
n input line 86.
(pdftex.def)             Requested size: 199.16928pt x 163.62106pt.

<pics/results/SDB/numsols/alpha2.5/2-figure0.pdf, id=403, 254.3362pt x 195.8306
3pt>
File: pics/results/SDB/numsols/alpha2.5/2-figure0.pdf Graphic file (type pdf)
 <use pics/results/SDB/numsols/alpha2.5/2-figure0.pdf>
Package pdftex.def Info: pics/results/SDB/numsols/alpha2.5/2-figure0.pdf used o
n input line 87.
(pdftex.def)             Requested size: 199.16928pt x 153.35684pt.

<pics/results/SDB/numsols/alpha2.5/3-figure0.pdf, id=404, 254.3342pt x 195.8306
3pt>
File: pics/results/SDB/numsols/alpha2.5/3-figure0.pdf Graphic file (type pdf)
 <use pics/results/SDB/numsols/alpha2.5/3-figure0.pdf>
Package pdftex.def Info: pics/results/SDB/numsols/alpha2.5/3-figure0.pdf used o
n input line 88.
(pdftex.def)             Requested size: 199.16928pt x 153.35684pt.
 [23 <./pics/results/SDB/numsols/alpha2.5/1-figure0.pdf> <./pics/results/SDB/nu
msols/alpha2.5/2-figure0.pdf> <./pics/results/SDB/numsols/alpha2.5/3-figure0.pd
f>]
<pics/results/SDB/Lcon/alpha2.5/1.pdf, id=447, 248.06578pt x 198.53673pt>
File: pics/results/SDB/Lcon/alpha2.5/1.pdf Graphic file (type pdf)

<use pics/results/SDB/Lcon/alpha2.5/1.pdf>
Package pdftex.def Info: pics/results/SDB/Lcon/alpha2.5/1.pdf used on input lin
e 96.
(pdftex.def)             Requested size: 199.16928pt x 159.40215pt.

<pics/results/SDB/Hcon/alpha2.5/1.pdf, id=448, 247.03091pt x 198.53673pt>
File: pics/results/SDB/Hcon/alpha2.5/1.pdf Graphic file (type pdf)

<use pics/results/SDB/Hcon/alpha2.5/1.pdf>
Package pdftex.def Info: pics/results/SDB/Hcon/alpha2.5/1.pdf used on input lin
e 97.
(pdftex.def)             Requested size: 199.16928pt x 160.0777pt.
 [24 <./pics/results/SDB/Lcon/alpha2.5/1.pdf> <./pics/results/SDB/Hcon/alpha2.5
/1.pdf>]
<pics/results/SDB/numsols/alpha10/1-figure0.pdf, id=487, 238.38661pt x 195.8306
3pt>
File: pics/results/SDB/numsols/alpha10/1-figure0.pdf Graphic file (type pdf)
 <use pics/results/SDB/numsols/alpha10/1-figure0.pdf>
Package pdftex.def Info: pics/results/SDB/numsols/alpha10/1-figure0.pdf used on
 input line 105.
(pdftex.def)             Requested size: 199.16928pt x 163.62106pt.

<pics/results/SDB/numsols/alpha10/2-figure0.pdf, id=488, 254.3362pt x 195.83063
pt>
File: pics/results/SDB/numsols/alpha10/2-figure0.pdf Graphic file (type pdf)
 <use pics/results/SDB/numsols/alpha10/2-figure0.pdf>
Package pdftex.def Info: pics/results/SDB/numsols/alpha10/2-figure0.pdf used on
 input line 106.
(pdftex.def)             Requested size: 199.16928pt x 153.35684pt.

<pics/results/SDB/numsols/alpha10/3-figure0.pdf, id=489, 254.3342pt x 195.83063
pt>
File: pics/results/SDB/numsols/alpha10/3-figure0.pdf Graphic file (type pdf)
 <use pics/results/SDB/numsols/alpha10/3-figure0.pdf>
Package pdftex.def Info: pics/results/SDB/numsols/alpha10/3-figure0.pdf used on
 input line 107.
(pdftex.def)             Requested size: 199.16928pt x 153.35684pt.
 [25 <./pics/results/SDB/numsols/alpha10/1-figure0.pdf> <./pics/results/SDB/num
sols/alpha10/2-figure0.pdf> <./pics/results/SDB/numsols/alpha10/3-figure0.pdf>]

<pics/results/SDB/Lcon/alpha10/1.pdf, id=534, 248.06578pt x 198.53673pt>
File: pics/results/SDB/Lcon/alpha10/1.pdf Graphic file (type pdf)

<use pics/results/SDB/Lcon/alpha10/1.pdf>
Package pdftex.def Info: pics/results/SDB/Lcon/alpha10/1.pdf used on input line
 115.
(pdftex.def)             Requested size: 199.16928pt x 159.40215pt.

<pics/results/SDB/Hcon/alpha10/1.pdf, id=535, 247.03091pt x 198.53673pt>
File: pics/results/SDB/Hcon/alpha10/1.pdf Graphic file (type pdf)

<use pics/results/SDB/Hcon/alpha10/1.pdf>
Package pdftex.def Info: pics/results/SDB/Hcon/alpha10/1.pdf used on input line
 116.
(pdftex.def)             Requested size: 199.16928pt x 160.0777pt.
 [26 <./pics/results/SDB/Lcon/alpha10/1.pdf> <./pics/results/SDB/Hcon/alpha10/1
.pdf>]
<pics/results/SDB/Hcon/alpha10signs/o3.pdf, id=574, 247.03091pt x 198.53673pt>
File: pics/results/SDB/Hcon/alpha10signs/o3.pdf Graphic file (type pdf)

<use pics/results/SDB/Hcon/alpha10signs/o3.pdf>
Package pdftex.def Info: pics/results/SDB/Hcon/alpha10signs/o3.pdf used on inpu
t line 124.
(pdftex.def)             Requested size: 199.16928pt x 160.0777pt.

<pics/results/SDB/Hcon/alpha10signs/FDc.pdf, id=575, 247.03091pt x 198.53673pt>
File: pics/results/SDB/Hcon/alpha10signs/FDc.pdf Graphic file (type pdf)
<use pics/results/SDB/Hcon/alpha10signs/FDc.pdf>
Package pdftex.def Info: pics/results/SDB/Hcon/alpha10signs/FDc.pdf used on inp
ut line 125.
(pdftex.def)             Requested size: 199.16928pt x 160.0777pt.
 [27 <./pics/results/SDB/Hcon/alpha10signs/o3.pdf> <./pics/results/SDB/Hcon/alp
ha10signs/FDc.pdf>]
<pics/results/SDB/numsols/modelcomppalpha10dx10/1-figure0.pdf, id=612, 238.3866
1pt x 195.83063pt>
File: pics/results/SDB/numsols/modelcomppalpha10dx10/1-figure0.pdf Graphic file
 (type pdf)

<use pics/results/SDB/numsols/modelcomppalpha10dx10/1-figure0.pdf>
Package pdftex.def Info: pics/results/SDB/numsols/modelcomppalpha10dx10/1-figur
e0.pdf used on input line 133.
(pdftex.def)             Requested size: 199.16928pt x 163.62106pt.

<pics/results/SDB/numsols/modelcomppalpha10dx10/2-figure0.pdf, id=613, 254.3362
pt x 195.83063pt>
File: pics/results/SDB/numsols/modelcomppalpha10dx10/2-figure0.pdf Graphic file
 (type pdf)

<use pics/results/SDB/numsols/modelcomppalpha10dx10/2-figure0.pdf>
Package pdftex.def Info: pics/results/SDB/numsols/modelcomppalpha10dx10/2-figur
e0.pdf used on input line 134.
(pdftex.def)             Requested size: 199.16928pt x 153.35684pt.

<pics/results/SDB/numsols/modelcomppalpha10dx10/4-figure0.pdf, id=614, 254.3281
7pt x 195.83063pt>
File: pics/results/SDB/numsols/modelcomppalpha10dx10/4-figure0.pdf Graphic file
 (type pdf)

<use pics/results/SDB/numsols/modelcomppalpha10dx10/4-figure0.pdf>
Package pdftex.def Info: pics/results/SDB/numsols/modelcomppalpha10dx10/4-figur
e0.pdf used on input line 135.
(pdftex.def)             Requested size: 199.16928pt x 153.3658pt.
 [28 <./pics/results/SDB/numsols/modelcomppalpha10dx10/1-figure0.pdf> <./pics/r
esults/SDB/numsols/modelcomppalpha10dx10/2-figure0.pdf> <./pics/results/SDB/num
sols/modelcomppalpha10dx10/4-figure0.pdf>]
<pics/results/SDB/numsols/FDcalpha0.5/1-figure0.pdf, id=657, 238.38661pt x 195.
83063pt>
File: pics/results/SDB/numsols/FDcalpha0.5/1-figure0.pdf Graphic file (type pdf
)
 <use pics/results/SDB/numsols/FDcalpha0.5/1-figure0.pdf>
Package pdftex.def Info: pics/results/SDB/numsols/FDcalpha0.5/1-figure0.pdf use
d on input line 144.
(pdftex.def)             Requested size: 199.16928pt x 163.62106pt.

<pics/results/SDB/numsols/FDcalpha0.5/2-figure0.pdf, id=658, 254.3362pt x 195.8
3063pt>
File: pics/results/SDB/numsols/FDcalpha0.5/2-figure0.pdf Graphic file (type pdf
)
 <use pics/results/SDB/numsols/FDcalpha0.5/2-figure0.pdf>
Package pdftex.def Info: pics/results/SDB/numsols/FDcalpha0.5/2-figure0.pdf use
d on input line 145.
(pdftex.def)             Requested size: 199.16928pt x 153.35684pt.
 [29 <./pics/results/SDB/numsols/FDcalpha0.5/1-figure0.pdf> <./pics/results/SDB
/numsols/FDcalpha0.5/2-figure0.pdf>]
<pics/results/SDB/numsols/300s/h0t300s.pdf, id=688, 241.5695pt x 197.19171pt>
File: pics/results/SDB/numsols/300s/h0t300s.pdf Graphic file (type pdf)

<use pics/results/SDB/numsols/300s/h0t300s.pdf>
Package pdftex.def Info: pics/results/SDB/numsols/300s/h0t300s.pdf used on inpu
t line 153.
(pdftex.def)             Requested size: 199.16928pt x 162.58286pt.

<pics/results/SDB/numsols/300s/h2t300s.pdf, id=689, 242.37651pt x 196.65973pt>
File: pics/results/SDB/numsols/300s/h2t300s.pdf Graphic file (type pdf)

<use pics/results/SDB/numsols/300s/h2t300s.pdf>
Package pdftex.def Info: pics/results/SDB/numsols/300s/h2t300s.pdf used on inpu
t line 154.
(pdftex.def)             Requested size: 199.16928pt x 161.6011pt.

<pics/results/SDB/numsols/300s/h1t300s.pdf, id=690, 241.56548pt x 197.19171pt>
File: pics/results/SDB/numsols/300s/h1t300s.pdf Graphic file (type pdf)

<use pics/results/SDB/numsols/300s/h1t300s.pdf>
Package pdftex.def Info: pics/results/SDB/numsols/300s/h1t300s.pdf used on inpu
t line 155.
(pdftex.def)             Requested size: 199.16928pt x 162.58286pt.

<pics/results/SDB/numsols/300s/h4t300s.pdf, id=691, 241.57152pt x 197.19171pt>
File: pics/results/SDB/numsols/300s/h4t300s.pdf Graphic file (type pdf)

<use pics/results/SDB/numsols/300s/h4t300s.pdf>
Package pdftex.def Info: pics/results/SDB/numsols/300s/h4t300s.pdf used on inpu
t line 156.
(pdftex.def)             Requested size: 199.16928pt x 162.58286pt.

<pics/results/SDB/numsols/300s/h3t300s.pdf, id=692, 246.3634pt x 195.83163pt>
File: pics/results/SDB/numsols/300s/h3t300s.pdf Graphic file (type pdf)

<use pics/results/SDB/numsols/300s/h3t300s.pdf>
Package pdftex.def Info: pics/results/SDB/numsols/300s/h3t300s.pdf used on inpu
t line 157.
(pdftex.def)             Requested size: 199.16928pt x 158.31795pt.
 [30 <./pics/results/SDB/numsols/300s/h0t300s.pdf> <./pics/results/SDB/numsols/
300s/h2t300s.pdf> <./pics/results/SDB/numsols/300s/h1t300s.pdf> <./pics/results
/SDB/numsols/300s/h4t300s.pdf> <./pics/results/SDB/numsols/300s/h3t300s.pdf>]
<pics/results/SDB/numsols/300s/difftimescenteredat500m.pdf, id=768, 246.3634pt 
x 195.82962pt>
File: pics/results/SDB/numsols/300s/difftimescenteredat500m.pdf Graphic file (t
ype pdf)
 <use pics/results/SDB/numsols/300s/difftimescenteredat500m.pdf>
Package pdftex.def Info: pics/results/SDB/numsols/300s/difftimescenteredat500m.
pdf used on input line 165.
(pdftex.def)             Requested size: 199.16928pt x 158.31633pt.

[31 <./pics/results/SDB/numsols/300s/difftimescenteredat500m.pdf>]
<pics/results/SDB/numsols/300s/a.pdf, id=786, 242.83925pt x 195.83063pt>
File: pics/results/SDB/numsols/300s/a.pdf Graphic file (type pdf)

<use pics/results/SDB/numsols/300s/a.pdf>
Package pdftex.def Info: pics/results/SDB/numsols/300s/a.pdf used on input line
 173.
(pdftex.def)             Requested size: 199.16928pt x 160.62099pt.
 [32 <./pics/results/SDB/numsols/300s/a.pdf>]
<pics/results/SDB/numsols/300s/CF0t300.pdf, id=803, 241.57251pt x 197.19171pt>
File: pics/results/SDB/numsols/300s/CF0t300.pdf Graphic file (type pdf)

<use pics/results/SDB/numsols/300s/CF0t300.pdf>
Package pdftex.def Info: pics/results/SDB/numsols/300s/CF0t300.pdf used on inpu
t line 181.
(pdftex.def)             Requested size: 199.16928pt x 162.58286pt.

<pics/results/SDB/numsols/300s/CF2t300.pdf, id=804, 241.56749pt x 197.19171pt>
File: pics/results/SDB/numsols/300s/CF2t300.pdf Graphic file (type pdf)

<use pics/results/SDB/numsols/300s/CF2t300.pdf>
Package pdftex.def Info: pics/results/SDB/numsols/300s/CF2t300.pdf used on inpu
t line 182.
(pdftex.def)             Requested size: 199.16928pt x 162.58286pt.
File: pics/results/SDB/numsols/300s/CF2t300.pdf Graphic file (type pdf)

<use pics/results/SDB/numsols/300s/CF2t300.pdf>
Package pdftex.def Info: pics/results/SDB/numsols/300s/CF2t300.pdf used on inpu
t line 183.
(pdftex.def)             Requested size: 199.16928pt x 162.58286pt.

<pics/results/SDB/numsols/300s/CF3t300.pdf, id=805, 249.54028pt x 197.1927pt>
File: pics/results/SDB/numsols/300s/CF3t300.pdf Graphic file (type pdf)

<use pics/results/SDB/numsols/300s/CF3t300.pdf>
Package pdftex.def Info: pics/results/SDB/numsols/300s/CF3t300.pdf used on inpu
t line 184.
(pdftex.def)             Requested size: 199.16928pt x 157.39328pt.
 [33 <./pics/results/SDB/numsols/300s/CF0t300.pdf> <./pics/results/SDB/numsols/
300s/CF2t300.pdf> <./pics/results/SDB/numsols/300s/CF3t300.pdf>]
<pics/results/SDB/numsols/300s/HFT-figure0.pdf, id=852, 237.27847pt x 195.83063
pt>
File: pics/results/SDB/numsols/300s/HFT-figure0.pdf Graphic file (type pdf)
 <use pics/results/SDB/numsols/300s/HFT-figure0.pdf>
Package pdftex.def Info: pics/results/SDB/numsols/300s/HFT-figure0.pdf used on 
input line 192.
(pdftex.def)             Requested size: 199.16928pt x 164.38603pt.

<pics/results/SDB/numsols/300s/TT-figure0.pdf, id=853, 249.23715pt x 195.83063p
t>
File: pics/results/SDB/numsols/300s/TT-figure0.pdf Graphic file (type pdf)
 <use pics/results/SDB/numsols/300s/TT-figure0.pdf>
Package pdftex.def Info: pics/results/SDB/numsols/300s/TT-figure0.pdf used on i
nput line 193.
(pdftex.def)             Requested size: 199.16928pt x 156.4914pt.
 [34 <./pics/results/SDB/numsols/300s/HFT-figure0.pdf> <./pics/results/SDB/nums
ols/300s/TT-figure0.pdf>]
<pics/results/SDB/numsols/300s/uh0t30.pdf, id=891, 239.31308pt x 195.83063pt>
File: pics/results/SDB/numsols/300s/uh0t30.pdf Graphic file (type pdf)

<use pics/results/SDB/numsols/300s/uh0t30.pdf>
Package pdftex.def Info: pics/results/SDB/numsols/300s/uh0t30.pdf used on input
 line 201.
(pdftex.def)             Requested size: 199.16928pt x 162.99057pt.

<pics/results/SDB/numsols/300s/uh1t30.pdf, id=892, 239.3211pt x 195.83063pt>
File: pics/results/SDB/numsols/300s/uh1t30.pdf Graphic file (type pdf)

<use pics/results/SDB/numsols/300s/uh1t30.pdf>
Package pdftex.def Info: pics/results/SDB/numsols/300s/uh1t30.pdf used on input
 line 202.
(pdftex.def)             Requested size: 199.16928pt x 162.97862pt.

<pics/results/SDB/numsols/300s/uh2t30.pdf, id=893, 235.33119pt x 195.83063pt>
File: pics/results/SDB/numsols/300s/uh2t30.pdf Graphic file (type pdf)

<use pics/results/SDB/numsols/300s/uh2t30.pdf>
Package pdftex.def Info: pics/results/SDB/numsols/300s/uh2t30.pdf used on input
 line 203.
(pdftex.def)             Requested size: 199.16928pt x 165.73965pt.

<pics/results/SDB/numsols/300s/uh3t30.pdf, id=894, 239.31308pt x 195.83063pt>
File: pics/results/SDB/numsols/300s/uh3t30.pdf Graphic file (type pdf)

<use pics/results/SDB/numsols/300s/uh3t30.pdf>
Package pdftex.def Info: pics/results/SDB/numsols/300s/uh3t30.pdf used on input
 line 204.
(pdftex.def)             Requested size: 199.16928pt x 162.99057pt.
 [35 <./pics/results/SDB/numsols/300s/uh0t30.pdf> <./pics/results/SDB/numsols/3
00s/uh1t30.pdf> <./pics/results/SDB/numsols/300s/uh2t30.pdf> <./pics/results/SD
B/numsols/300s/uh3t30.pdf>]
<pics/results/SDB/numsols/300s/uh0t300.pdf, id=951, 238.5171pt x 197.19171pt>
File: pics/results/SDB/numsols/300s/uh0t300.pdf Graphic file (type pdf)

<use pics/results/SDB/numsols/300s/uh0t300.pdf>
Package pdftex.def Info: pics/results/SDB/numsols/300s/uh0t300.pdf used on inpu
t line 212.
(pdftex.def)             Requested size: 199.16928pt x 164.659pt.

<pics/results/SDB/numsols/300s/uh1t300.pdf, id=952, 239.32913pt x 196.65572pt>
File: pics/results/SDB/numsols/300s/uh1t300.pdf Graphic file (type pdf)

<use pics/results/SDB/numsols/300s/uh1t300.pdf>
Package pdftex.def Info: pics/results/SDB/numsols/300s/uh1t300.pdf used on inpu
t line 213.
(pdftex.def)             Requested size: 199.16928pt x 163.6563pt.

<pics/results/SDB/numsols/300s/uh2t300.pdf, id=953, 238.51007pt x 197.19171pt>
File: pics/results/SDB/numsols/300s/uh2t300.pdf Graphic file (type pdf)

<use pics/results/SDB/numsols/300s/uh2t300.pdf>
Package pdftex.def Info: pics/results/SDB/numsols/300s/uh2t300.pdf used on inpu
t line 214.
(pdftex.def)             Requested size: 199.16928pt x 164.67104pt.

<pics/results/SDB/numsols/300s/uh3t300.pdf, id=954, 243.308pt x 195.83163pt>
File: pics/results/SDB/numsols/300s/uh3t300.pdf Graphic file (type pdf)

<use pics/results/SDB/numsols/300s/uh3t300.pdf>
Package pdftex.def Info: pics/results/SDB/numsols/300s/uh3t300.pdf used on inpu
t line 215.
(pdftex.def)             Requested size: 199.16928pt x 160.31105pt.
 [36 <./pics/results/SDB/numsols/300s/uh0t300.pdf> <./pics/results/SDB/numsols/
300s/uh1t300.pdf> <./pics/results/SDB/numsols/300s/uh2t300.pdf> <./pics/results
/SDB/numsols/300s/uh3t300.pdf>]
<pics/results/SDB/CDspeed/speed.pdf, id=1016, 238.38661pt x 199.23836pt>
File: pics/results/SDB/CDspeed/speed.pdf Graphic file (type pdf)

<use pics/results/SDB/CDspeed/speed.pdf>
Package pdftex.def Info: pics/results/SDB/CDspeed/speed.pdf used on input line 
223.
(pdftex.def)             Requested size: 199.16928pt x 166.4683pt.
 [37 <./pics/results/SDB/CDspeed/speed.pdf>]) (./Serre_ASCE.aux)

LaTeX Warning: There were undefined references.


LaTeX Warning: There were multiply-defined labels.

 ) 
Here is how much of TeX's memory you used:
 6827 strings out of 493089
 106372 string characters out of 6134848
 188521 words of memory out of 5000000
 10095 multiletter control sequences out of 15000+600000
 31665 words of font info for 74 fonts, out of 8000000 for 9000
 1141 hyphenation exceptions out of 8191
 43i,27n,76p,1754b,425s stack positions out of 5000i,500n,10000p,200000b,80000s
{/usr/local/texlive/2015/texmf-dist/fonts/enc/dvips/base/8r.enc}</usr/local/t
exlive/2015/texmf-dist/fonts/type1/public/amsfonts/cm/cmex10.pfb></usr/local/te
xlive/2015/texmf-dist/fonts/type1/public/amsfonts/cm/cmmi10.pfb></usr/local/tex
live/2015/texmf-dist/fonts/type1/public/amsfonts/cm/cmmi12.pfb></usr/local/texl
ive/2015/texmf-dist/fonts/type1/public/amsfonts/cm/cmmi7.pfb></usr/local/texliv
e/2015/texmf-dist/fonts/type1/public/amsfonts/cm/cmmi8.pfb></usr/local/texlive/
2015/texmf-dist/fonts/type1/public/amsfonts/cm/cmmib10.pfb></usr/local/texlive/
2015/texmf-dist/fonts/type1/public/amsfonts/cm/cmr10.pfb></usr/local/texlive/20
15/texmf-dist/fonts/type1/public/amsfonts/cm/cmr12.pfb></usr/local/texlive/2015
/texmf-dist/fonts/type1/public/amsfonts/cm/cmr5.pfb></usr/local/texlive/2015/te
xmf-dist/fonts/type1/public/amsfonts/cm/cmr7.pfb></usr/local/texlive/2015/texmf
-dist/fonts/type1/public/amsfonts/cm/cmr8.pfb></usr/local/texlive/2015/texmf-di
st/fonts/type1/public/amsfonts/cm/cmsy10.pfb></usr/local/texlive/2015/texmf-dis
t/fonts/type1/public/amsfonts/cm/cmsy5.pfb></usr/local/texlive/2015/texmf-dist/
fonts/type1/public/amsfonts/cm/cmsy6.pfb></usr/local/texlive/2015/texmf-dist/fo
nts/type1/public/amsfonts/cm/cmsy7.pfb></usr/local/texlive/2015/texmf-dist/font
s/type1/public/amsfonts/cm/cmsy8.pfb></usr/local/texlive/2015/texmf-dist/fonts/
type1/public/amsfonts/symbols/msam10.pfb></usr/local/texlive/2015/texmf-dist/fo
nts/type1/urw/helvetic/uhvb8a.pfb></usr/local/texlive/2015/texmf-dist/fonts/typ
e1/urw/helvetic/uhvr8a.pfb></usr/local/texlive/2015/texmf-dist/fonts/type1/urw/
times/utmb8a.pfb></usr/local/texlive/2015/texmf-dist/fonts/type1/urw/times/utmr
8a.pfb></usr/local/texlive/2015/texmf-dist/fonts/type1/urw/times/utmri8a.pfb>
Output written on Serre_ASCE.pdf (37 pages, 3550804 bytes).
PDF statistics:
 1095 PDF objects out of 1200 (max. 8388607)
 965 compressed objects within 10 object streams
 0 named destinations out of 1000 (max. 500000)
 286 words of extra memory for PDF output out of 10000 (max. 10000000)

